Release 14.7 Map P.20131013 (nt64)
Xilinx Mapping Report File for Design 'flash_sdram_lcd'

Design Information
------------------
Command Line   : map -intstyle ise -p xc6slx9-ftg256-2 -w -logic_opt off -ol
high -t 1 -xt 0 -register_duplication off -r 4 -global_opt off -mt off -ir off
-pr off -lc off -power off -o flash_sdram_lcd_map.ncd flash_sdram_lcd.ngd
flash_sdram_lcd.pcf 
Target Device  : xc6slx9
Target Package : ftg256
Target Speed   : -2
Mapper Version : spartan6 -- $Revision: 1.55 $
Mapped Date    : Wed Dec 07 16:45:00 2016

Design Summary
--------------
Number of errors:      0
Number of warnings:    6
Slice Logic Utilization:
  Number of Slice Registers:                 1,952 out of  11,440   17%
    Number used as Flip Flops:               1,951
    Number used as Latches:                      1
    Number used as Latch-thrus:                  0
    Number used as AND/OR logics:                0
  Number of Slice LUTs:                      1,411 out of   5,720   24%
    Number used as logic:                      844 out of   5,720   14%
      Number using O6 output only:             498
      Number using O5 output only:             108
      Number using O5 and O6:                  238
      Number used as ROM:                        0
    Number used as Memory:                     303 out of   1,440   21%
      Number used as Dual Port RAM:              0
      Number used as Single Port RAM:            0
      Number used as Shift Register:           303
        Number using O6 output only:           188
        Number using O5 output only:             0
        Number using O5 and O6:                115
    Number used exclusively as route-thrus:    264
      Number with same-slice register load:    253
      Number with same-slice carry load:        11
      Number with other load:                    0

Slice Logic Distribution:
  Number of occupied Slices:                   612 out of   1,430   42%
  Number of MUXCYs used:                       428 out of   2,860   14%
  Number of LUT Flip Flop pairs used:        1,910
    Number with an unused Flip Flop:           445 out of   1,910   23%
    Number with an unused LUT:                 499 out of   1,910   26%
    Number of fully used LUT-FF pairs:         966 out of   1,910   50%
    Number of unique control sets:              93
    Number of slice register sites lost
      to control set restrictions:             462 out of  11,440    4%

  A LUT Flip Flop pair for this architecture represents one LUT paired with
  one Flip Flop within a slice.  A control set is a unique combination of
  clock, reset, set, and enable signals for a registered element.
  The Slice Logic Distribution report is not meaningful if the design is
  over-mapped for a non-slice resource or if Placement fails.

IO Utilization:
  Number of bonded IOBs:                        74 out of     186   39%
    Number of LOCed IOBs:                       74 out of      74  100%
    IOB Flip Flops:                              3

Specific Feature Utilization:
  Number of RAMB16BWERs:                        14 out of      32   43%
  Number of RAMB8BWERs:                          3 out of      64    4%
  Number of BUFIO2/BUFIO2_2CLKs:                 1 out of      32    3%
    Number used as BUFIO2s:                      1
    Number used as BUFIO2_2CLKs:                 0
  Number of BUFIO2FB/BUFIO2FB_2CLKs:             1 out of      32    3%
    Number used as BUFIO2FBs:                    1
    Number used as BUFIO2FB_2CLKs:               0
  Number of BUFG/BUFGMUXs:                       6 out of      16   37%
    Number used as BUFGs:                        6
    Number used as BUFGMUX:                      0
  Number of DCM/DCM_CLKGENs:                     0 out of       4    0%
  Number of ILOGIC2/ISERDES2s:                   0 out of     200    0%
  Number of IODELAY2/IODRP2/IODRP2_MCBs:         0 out of     200    0%
  Number of OLOGIC2/OSERDES2s:                   3 out of     200    1%
    Number used as OLOGIC2s:                     3
    Number used as OSERDES2s:                    0
  Number of BSCANs:                              1 out of       4   25%
  Number of BUFHs:                               0 out of     128    0%
  Number of BUFPLLs:                             0 out of       8    0%
  Number of BUFPLL_MCBs:                         0 out of       4    0%
  Number of DSP48A1s:                            0 out of      16    0%
  Number of ICAPs:                               0 out of       1    0%
  Number of MCBs:                                0 out of       2    0%
  Number of PCILOGICSEs:                         0 out of       2    0%
  Number of PLL_ADVs:                            1 out of       2   50%
  Number of PMVs:                                0 out of       1    0%
  Number of STARTUPs:                            0 out of       1    0%
  Number of SUSPEND_SYNCs:                       0 out of       1    0%

Average Fanout of Non-Clock Nets:                2.82

Peak Memory Usage:  572 MB
Total REAL time to MAP completion:  25 secs 
Total CPU time to MAP completion:   25 secs 

Table of Contents
-----------------
Section 1 - Errors
Section 2 - Warnings
Section 3 - Informational
Section 4 - Removed Logic Summary
Section 5 - Removed Logic
Section 6 - IOB Properties
Section 7 - RPMs
Section 8 - Guide Report
Section 9 - Area Group and Partition Summary
Section 10 - Timing Report
Section 11 - Configuration String Information
Section 12 - Control Set Information
Section 13 - Utilization by Hierarchy

Section 1 - Errors
------------------

Section 2 - Warnings
--------------------
WARNING:Pack:1653 - At least one timing constraint is impossible to meet because component delays alone exceed the constraint. A timing
   constraint summary below shows the failing constraints (preceded with an Asterisk (*)). Please use the Timing Analyzer (GUI) or TRCE
   (command line) with the Mapped NCD and PCF files to identify which constraints and paths are failing because of the component delays
   alone. If the failing path(s) is mapped to Xilinx components as expected, consider relaxing the constraint. If it is not mapped to
   components as expected, re-evaluate your HDL and how synthesis is optimizing the path. To allow the tools to bypass this error, set the
   environment variable XIL_TIMING_ALLOW_IMPOSSIBLE to 1.


   For more information about the Timing Analyzer, consult the Xilinx Timing Analyzer Reference manual; for more information on TRCE,
   consult the Xilinx Command Line Tools User Guide "TRACE" chapter.
WARNING:Place:1206 - This design contains a global buffer instance,
   <u_system_ctrl/u_sdram_pll/clkout1_buf>, driving the net, <clk_lcd>, that is
   driving the following (first 30) non-clock load pins off chip.
   < PIN: lcd_dclk.O; >
   This design practice, in Spartan-6, can lead to an unroutable situation due
   to limitations in the global routing. If the design does route there may be
   excessive delay or skew on this net. It is recommended to use a Clock
   Forwarding technique to create a reliable and repeatable low skew solution:
   instantiate an ODDR2 component; tie the .D0 pin to Logic1; tie the .D1 pin to
   Logic0; tie the clock net to be forwarded to .C0; tie the inverted clock to
   .C1. This is normally an ERROR but the CLOCK_DEDICATED_ROUTE constraint was
   applied on COMP.PIN <u_system_ctrl/u_sdram_pll/clkout1_buf.O> allowing your
   design to continue. This constraint disables all clock placer rules related
   to the specified COMP.PIN.
WARNING:Place:1137 - This design is not guaranteed to be routable! This design
   contains a global buffer instance, <u_system_ctrl/u_sdram_pll/clkout1_buf>,
   driving the net, <clk_lcd>, that is driving the following (first 30)
   non-clock load pins.
   < PIN: lcd_dclk.O; >
   This is not a recommended design practice in Spartan-6 due to limitations in
   the global routing that may cause excessive delay, skew or unroutable
   situations.  It is recommended to only use a BUFG resource to drive clock
   loads. Please pay extra attention to the timing and routing of this path to
   ensure the design goals are met. This is normally an ERROR but the
   CLOCK_DEDICATED_ROUTE constraint was applied on COMP.PIN
   <u_system_ctrl/u_sdram_pll/clkout1_buf.O> allowing your design to continue.
   This constraint disables all clock placer rules related to the specified
   COMP.PIN.
WARNING:Place:1137 - This design is not guaranteed to be routable! This design
   contains a global buffer instance, <u_system_ctrl/u_sdram_pll/clkout4_buf>,
   driving the net, <spi_clk>, that is driving the following (first 30)
   non-clock load pins.
   < PIN: flash_read_inst/Mmux_n009811.A5; >
   This is not a recommended design practice in Spartan-6 due to limitations in
   the global routing that may cause excessive delay, skew or unroutable
   situations.  It is recommended to only use a BUFG resource to drive clock
   loads. Please pay extra attention to the timing and routing of this path to
   ensure the design goals are met. This is normally an ERROR but the
   CLOCK_DEDICATED_ROUTE constraint was applied on COMP.PIN
   <u_system_ctrl/u_sdram_pll/clkout4_buf.O> allowing your design to continue.
   This constraint disables all clock placer rules related to the specified
   COMP.PIN.
WARNING:PhysDesignRules:372 - Gated clock. Clock net
   u_sdram_lcd_top/CONTROL0<13> is sourced by a combinatorial pin. This is not
   good design practice. Use the CE pin to control the loading of data into the
   flip-flop.
WARNING:PhysDesignRules:2410 - This design is using one or more 9K Block RAMs
   (RAMB8BWER).  9K Block RAM initialization data, both user defined and
   default, may be incorrect and should not be used.  For more information,
   please reference Xilinx Answer Record 39999.

Section 3 - Informational
-------------------------
INFO:LIT:243 - Logical network u_sdram_lcd_top/CONTROL0<7> has no load.
INFO:LIT:395 - The above info message is repeated 60 more times for the
   following (max. 5 shown):
   u_sdram_lcd_top/CONTROL0<10>,
   u_sdram_lcd_top/CONTROL0<11>,
   u_sdram_lcd_top/CONTROL0<15>,
   u_sdram_lcd_top/CONTROL0<16>,
   u_sdram_lcd_top/CONTROL0<17>
   To see the details of these info messages, please use the -detail switch.
INFO:MapLib:562 - No environment variables are currently set.
INFO:LIT:244 - All of the single ended outputs in this design are using slew
   rate limited output drivers. The delay on speed critical single ended outputs
   can be dramatically reduced by designating them as fast outputs.
INFO:Pack:1716 - Initializing temperature to 85.000 Celsius. (default - Range:
   0.000 to 85.000 Celsius)
INFO:Pack:1720 - Initializing voltage to 1.140 Volts. (default - Range: 1.140 to
   1.260 Volts)
INFO:Map:215 - The Interim Design Summary has been generated in the MAP Report
   (.mrp).
INFO:Pack:1650 - Map created a placed design.

Section 4 - Removed Logic Summary
---------------------------------
 153 block(s) removed
 269 block(s) optimized away
 137 signal(s) removed

Section 5 - Removed Logic
-------------------------

The trimmed logic report below shows the logic removed from your design due to
sourceless or loadless signals, and VCC or ground connections.  If the removal
of a signal or symbol results in the subsequent removal of an additional signal
or symbol, the message explaining that second removal will be indented.  This
indentation will be repeated as a chain of related logic is removed.

To quickly locate the original cause for the removal of a chain of logic, look
above the place where that logic is listed in the trimming report, then locate
the lines that are least indented (begin at the leftmost edge).

Loadless block
"u_sdram_lcd_top/icon_debug/U0/U_ICON/U_CMD/U_CORE_ID_SEL/I4.FI[10].U_LUT" (ROM)
removed.
Loadless block
"u_sdram_lcd_top/icon_debug/U0/U_ICON/U_CMD/U_CORE_ID_SEL/I4.FI[11].U_LUT" (ROM)
removed.
Loadless block
"u_sdram_lcd_top/icon_debug/U0/U_ICON/U_CMD/U_CORE_ID_SEL/I4.FI[12].U_LUT" (ROM)
removed.
Loadless block
"u_sdram_lcd_top/icon_debug/U0/U_ICON/U_CMD/U_CORE_ID_SEL/I4.FI[13].U_LUT" (ROM)
removed.
Loadless block
"u_sdram_lcd_top/icon_debug/U0/U_ICON/U_CMD/U_CORE_ID_SEL/I4.FI[14].U_LUT" (ROM)
removed.
Loadless block
"u_sdram_lcd_top/icon_debug/U0/U_ICON/U_CMD/U_CORE_ID_SEL/I4.FI[1].U_LUT" (ROM)
removed.
Loadless block
"u_sdram_lcd_top/icon_debug/U0/U_ICON/U_CMD/U_CORE_ID_SEL/I4.FI[2].U_LUT" (ROM)
removed.
Loadless block
"u_sdram_lcd_top/icon_debug/U0/U_ICON/U_CMD/U_CORE_ID_SEL/I4.FI[3].U_LUT" (ROM)
removed.
Loadless block
"u_sdram_lcd_top/icon_debug/U0/U_ICON/U_CMD/U_CORE_ID_SEL/I4.FI[4].U_LUT" (ROM)
removed.
Loadless block
"u_sdram_lcd_top/icon_debug/U0/U_ICON/U_CMD/U_CORE_ID_SEL/I4.FI[5].U_LUT" (ROM)
removed.
Loadless block
"u_sdram_lcd_top/icon_debug/U0/U_ICON/U_CMD/U_CORE_ID_SEL/I4.FI[6].U_LUT" (ROM)
removed.
Loadless block
"u_sdram_lcd_top/icon_debug/U0/U_ICON/U_CMD/U_CORE_ID_SEL/I4.FI[7].U_LUT" (ROM)
removed.
Loadless block
"u_sdram_lcd_top/icon_debug/U0/U_ICON/U_CMD/U_CORE_ID_SEL/I4.FI[8].U_LUT" (ROM)
removed.
Loadless block
"u_sdram_lcd_top/icon_debug/U0/U_ICON/U_CMD/U_CORE_ID_SEL/I4.FI[9].U_LUT" (ROM)
removed.
Loadless block "u_sdram_lcd_top/ila_filter_debug/U0/I_NO_D.U_ILA/U_STAT/U_DSR"
(ROM) removed.
Loadless block
"u_sdram_lcd_top/ila_filter_debug/U0/I_NO_D.U_ILA/U_TRIG/U_TC/I_STORAGE_QUAL.U_C
AP_B" (ROM) removed.
The signal "u_sdram_lcd_top/CONTROL0<7>" is sourceless and has been removed.
The signal "u_sdram_lcd_top/CONTROL0<10>" is sourceless and has been removed.
The signal "u_sdram_lcd_top/CONTROL0<11>" is sourceless and has been removed.
The signal "u_sdram_lcd_top/CONTROL0<15>" is sourceless and has been removed.
The signal "u_sdram_lcd_top/CONTROL0<16>" is sourceless and has been removed.
The signal "u_sdram_lcd_top/CONTROL0<17>" is sourceless and has been removed.
The signal "u_sdram_lcd_top/CONTROL0<18>" is sourceless and has been removed.
The signal "u_sdram_lcd_top/CONTROL0<19>" is sourceless and has been removed.
The signal "u_sdram_lcd_top/CONTROL0<21>" is sourceless and has been removed.
The signal "u_sdram_lcd_top/CONTROL0<22>" is sourceless and has been removed.
The signal "u_sdram_lcd_top/CONTROL0<23>" is sourceless and has been removed.
The signal "u_sdram_lcd_top/CONTROL0<24>" is sourceless and has been removed.
The signal "u_sdram_lcd_top/CONTROL0<25>" is sourceless and has been removed.
The signal "u_sdram_lcd_top/CONTROL0<26>" is sourceless and has been removed.
The signal "u_sdram_lcd_top/CONTROL0<27>" is sourceless and has been removed.
The signal "u_sdram_lcd_top/CONTROL0<28>" is sourceless and has been removed.
The signal "u_sdram_lcd_top/CONTROL0<29>" is sourceless and has been removed.
The signal "u_sdram_lcd_top/CONTROL0<30>" is sourceless and has been removed.
The signal "u_sdram_lcd_top/CONTROL0<31>" is sourceless and has been removed.
The signal "u_sdram_lcd_top/CONTROL0<32>" is sourceless and has been removed.
The signal "u_sdram_lcd_top/CONTROL0<33>" is sourceless and has been removed.
The signal "u_sdram_lcd_top/CONTROL0<34>" is sourceless and has been removed.
The signal "u_sdram_lcd_top/CONTROL0<35>" is sourceless and has been removed.
The signal "u_sdram_lcd_top/icon_debug/U0/U_ICON/iCOMMAND_SEL<15>" is sourceless
and has been removed.
 Sourceless block
"u_sdram_lcd_top/icon_debug/U0/U_ICON/U_CTRL_OUT/F_NCP[0].F_CMD[15].U_HCE" (ROM)
removed.
 Sourceless block
"u_sdram_lcd_top/icon_debug/U0/U_ICON/U_CTRL_OUT/F_NCP[0].F_CMD[15].U_LCE" (ROM)
removed.
The signal "u_sdram_lcd_top/icon_debug/U0/U_ICON/iCOMMAND_SEL<14>" is sourceless
and has been removed.
 Sourceless block
"u_sdram_lcd_top/icon_debug/U0/U_ICON/U_CTRL_OUT/F_NCP[0].F_CMD[14].U_HCE" (ROM)
removed.
 Sourceless block
"u_sdram_lcd_top/icon_debug/U0/U_ICON/U_CTRL_OUT/F_NCP[0].F_CMD[14].U_LCE" (ROM)
removed.
The signal "u_sdram_lcd_top/icon_debug/U0/U_ICON/iCOMMAND_SEL<13>" is sourceless
and has been removed.
 Sourceless block
"u_sdram_lcd_top/icon_debug/U0/U_ICON/U_CTRL_OUT/F_NCP[0].F_CMD[13].U_HCE" (ROM)
removed.
 Sourceless block
"u_sdram_lcd_top/icon_debug/U0/U_ICON/U_CTRL_OUT/F_NCP[0].F_CMD[13].U_LCE" (ROM)
removed.
The signal "u_sdram_lcd_top/icon_debug/U0/U_ICON/iCOMMAND_SEL<12>" is sourceless
and has been removed.
 Sourceless block
"u_sdram_lcd_top/icon_debug/U0/U_ICON/U_CTRL_OUT/F_NCP[0].F_CMD[12].U_HCE" (ROM)
removed.
 Sourceless block
"u_sdram_lcd_top/icon_debug/U0/U_ICON/U_CTRL_OUT/F_NCP[0].F_CMD[12].U_LCE" (ROM)
removed.
The signal "u_sdram_lcd_top/icon_debug/U0/U_ICON/iCOMMAND_SEL<11>" is sourceless
and has been removed.
 Sourceless block
"u_sdram_lcd_top/icon_debug/U0/U_ICON/U_CTRL_OUT/F_NCP[0].F_CMD[11].U_HCE" (ROM)
removed.
 Sourceless block
"u_sdram_lcd_top/icon_debug/U0/U_ICON/U_CTRL_OUT/F_NCP[0].F_CMD[11].U_LCE" (ROM)
removed.
The signal "u_sdram_lcd_top/icon_debug/U0/U_ICON/iCOMMAND_SEL<7>" is sourceless
and has been removed.
 Sourceless block
"u_sdram_lcd_top/icon_debug/U0/U_ICON/U_CTRL_OUT/F_NCP[0].F_CMD[7].U_HCE" (ROM)
removed.
 Sourceless block
"u_sdram_lcd_top/icon_debug/U0/U_ICON/U_CTRL_OUT/F_NCP[0].F_CMD[7].U_LCE" (ROM)
removed.
The signal "u_sdram_lcd_top/icon_debug/U0/U_ICON/iCOMMAND_SEL<6>" is sourceless
and has been removed.
 Sourceless block
"u_sdram_lcd_top/icon_debug/U0/U_ICON/U_CTRL_OUT/F_NCP[0].F_CMD[6].U_HCE" (ROM)
removed.
 Sourceless block
"u_sdram_lcd_top/icon_debug/U0/U_ICON/U_CTRL_OUT/F_NCP[0].F_CMD[6].U_LCE" (ROM)
removed.
The signal "u_sdram_lcd_top/icon_debug/U0/U_ICON/iCOMMAND_SEL<3>" is sourceless
and has been removed.
 Sourceless block
"u_sdram_lcd_top/icon_debug/U0/U_ICON/U_CTRL_OUT/F_NCP[0].F_CMD[3].U_HCE" (ROM)
removed.
 Sourceless block
"u_sdram_lcd_top/icon_debug/U0/U_ICON/U_CTRL_OUT/F_NCP[0].F_CMD[3].U_LCE" (ROM)
removed.
The signal
"u_sdram_lcd_top/u_sdram_2fifo_top/u_dcfifo_ctrl/u_wrfifo/U0/xst_fifo_generator/
gconvfifo.rf/grf.rf/gntv_or_sync_fifo.gl0.rd/gras.grdc1.rdc/rd_dc_i<7>" is
sourceless and has been removed.
The signal
"u_sdram_lcd_top/u_sdram_2fifo_top/u_dcfifo_ctrl/u_wrfifo/U0/xst_fifo_generator/
gconvfifo.rf/grf.rf/gntv_or_sync_fifo.gl0.rd/gras.grdc1.rdc/rd_dc_i<6>" is
sourceless and has been removed.
The signal
"u_sdram_lcd_top/u_sdram_2fifo_top/u_dcfifo_ctrl/u_wrfifo/U0/xst_fifo_generator/
gconvfifo.rf/grf.rf/gntv_or_sync_fifo.gl0.rd/gras.grdc1.rdc/rd_dc_i<5>" is
sourceless and has been removed.
The signal
"u_sdram_lcd_top/u_sdram_2fifo_top/u_dcfifo_ctrl/u_wrfifo/U0/xst_fifo_generator/
gconvfifo.rf/grf.rf/gntv_or_sync_fifo.gl0.rd/gras.grdc1.rdc/rd_dc_i<4>" is
sourceless and has been removed.
The signal
"u_sdram_lcd_top/u_sdram_2fifo_top/u_dcfifo_ctrl/u_wrfifo/U0/xst_fifo_generator/
gconvfifo.rf/grf.rf/gntv_or_sync_fifo.gl0.rd/gras.grdc1.rdc/rd_dc_i<3>" is
sourceless and has been removed.
The signal
"u_sdram_lcd_top/u_sdram_2fifo_top/u_dcfifo_ctrl/u_wrfifo/U0/xst_fifo_generator/
gconvfifo.rf/grf.rf/gntv_or_sync_fifo.gl0.rd/gras.grdc1.rdc/rd_dc_i<2>" is
sourceless and has been removed.
The signal
"u_sdram_lcd_top/u_sdram_2fifo_top/u_dcfifo_ctrl/u_wrfifo/U0/xst_fifo_generator/
gconvfifo.rf/grf.rf/gntv_or_sync_fifo.gl0.rd/gras.grdc1.rdc/rd_dc_i<1>" is
sourceless and has been removed.
The signal
"u_sdram_lcd_top/u_sdram_2fifo_top/u_dcfifo_ctrl/u_wrfifo/U0/xst_fifo_generator/
gconvfifo.rf/grf.rf/gntv_or_sync_fifo.gl0.rd/gras.grdc1.rdc/rd_dc_i<0>" is
sourceless and has been removed.
The signal
"u_sdram_lcd_top/u_sdram_2fifo_top/u_dcfifo_ctrl/u_wrfifo/U0/xst_fifo_generator/
gconvfifo.rf/grf.rf/gntv_or_sync_fifo.gl0.wr/gwas.gwdc0.wdc/wr_data_count_i<8>"
is sourceless and has been removed.
The signal
"u_sdram_lcd_top/u_sdram_2fifo_top/u_dcfifo_ctrl/u_wrfifo/U0/xst_fifo_generator/
gconvfifo.rf/grf.rf/gntv_or_sync_fifo.gl0.wr/gwas.gwdc0.wdc/wr_data_count_i<7>"
is sourceless and has been removed.
The signal
"u_sdram_lcd_top/u_sdram_2fifo_top/u_dcfifo_ctrl/u_wrfifo/U0/xst_fifo_generator/
gconvfifo.rf/grf.rf/gntv_or_sync_fifo.gl0.wr/gwas.gwdc0.wdc/wr_data_count_i<6>"
is sourceless and has been removed.
The signal
"u_sdram_lcd_top/u_sdram_2fifo_top/u_dcfifo_ctrl/u_wrfifo/U0/xst_fifo_generator/
gconvfifo.rf/grf.rf/gntv_or_sync_fifo.gl0.wr/gwas.gwdc0.wdc/wr_data_count_i<5>"
is sourceless and has been removed.
The signal
"u_sdram_lcd_top/u_sdram_2fifo_top/u_dcfifo_ctrl/u_wrfifo/U0/xst_fifo_generator/
gconvfifo.rf/grf.rf/gntv_or_sync_fifo.gl0.wr/gwas.gwdc0.wdc/wr_data_count_i<4>"
is sourceless and has been removed.
The signal
"u_sdram_lcd_top/u_sdram_2fifo_top/u_dcfifo_ctrl/u_wrfifo/U0/xst_fifo_generator/
gconvfifo.rf/grf.rf/gntv_or_sync_fifo.gl0.wr/gwas.gwdc0.wdc/wr_data_count_i<3>"
is sourceless and has been removed.
The signal
"u_sdram_lcd_top/u_sdram_2fifo_top/u_dcfifo_ctrl/u_wrfifo/U0/xst_fifo_generator/
gconvfifo.rf/grf.rf/gntv_or_sync_fifo.gl0.wr/gwas.gwdc0.wdc/wr_data_count_i<2>"
is sourceless and has been removed.
The signal
"u_sdram_lcd_top/u_sdram_2fifo_top/u_dcfifo_ctrl/u_wrfifo/U0/xst_fifo_generator/
gconvfifo.rf/grf.rf/gntv_or_sync_fifo.gl0.wr/gwas.gwdc0.wdc/wr_data_count_i<1>"
is sourceless and has been removed.
The signal
"u_sdram_lcd_top/u_sdram_2fifo_top/u_dcfifo_ctrl/u_wrfifo/U0/xst_fifo_generator/
gconvfifo.rf/grf.rf/gntv_or_sync_fifo.gl0.wr/gwas.gwdc0.wdc/wr_data_count_i<0>"
is sourceless and has been removed.
The signal
"u_sdram_lcd_top/u_sdram_2fifo_top/u_dcfifo_ctrl/u_wrfifo/U0/xst_fifo_generator/
gconvfifo.rf/grf.rf/gntv_or_sync_fifo.gl0.wr/gwas.wsts/ram_full_i" is sourceless
and has been removed.
The signal
"u_sdram_lcd_top/u_sdram_2fifo_top/u_dcfifo_ctrl/u_wrfifo/U0/xst_fifo_generator/
gconvfifo.rf/grf.rf/gntv_or_sync_fifo.gl0.rd/gras.rsts/ram_empty_i" is
sourceless and has been removed.
The signal
"u_sdram_lcd_top/u_sdram_2fifo_top/u_dcfifo_ctrl/u_wrfifo/U0/xst_fifo_generator/
gconvfifo.rf/grf.rf/gntv_or_sync_fifo.gl0.rd/gras.grdc1.rdc/GND_192_o_GND_192_o_
sub_2_OUT<7>" is sourceless and has been removed.
 Sourceless block
"u_sdram_lcd_top/u_sdram_2fifo_top/u_dcfifo_ctrl/u_wrfifo/U0/xst_fifo_generator/
gconvfifo.rf/grf.rf/gntv_or_sync_fifo.gl0.rd/gras.grdc1.rdc/rd_dc_i_7" (FF)
removed.
The signal
"u_sdram_lcd_top/u_sdram_2fifo_top/u_dcfifo_ctrl/u_wrfifo/U0/xst_fifo_generator/
gconvfifo.rf/grf.rf/gntv_or_sync_fifo.gl0.rd/gras.grdc1.rdc/GND_192_o_GND_192_o_
sub_2_OUT<6>" is sourceless and has been removed.
 Sourceless block
"u_sdram_lcd_top/u_sdram_2fifo_top/u_dcfifo_ctrl/u_wrfifo/U0/xst_fifo_generator/
gconvfifo.rf/grf.rf/gntv_or_sync_fifo.gl0.rd/gras.grdc1.rdc/rd_dc_i_6" (FF)
removed.
The signal
"u_sdram_lcd_top/u_sdram_2fifo_top/u_dcfifo_ctrl/u_wrfifo/U0/xst_fifo_generator/
gconvfifo.rf/grf.rf/gntv_or_sync_fifo.gl0.rd/gras.grdc1.rdc/GND_192_o_GND_192_o_
sub_2_OUT<5>" is sourceless and has been removed.
 Sourceless block
"u_sdram_lcd_top/u_sdram_2fifo_top/u_dcfifo_ctrl/u_wrfifo/U0/xst_fifo_generator/
gconvfifo.rf/grf.rf/gntv_or_sync_fifo.gl0.rd/gras.grdc1.rdc/rd_dc_i_5" (FF)
removed.
The signal
"u_sdram_lcd_top/u_sdram_2fifo_top/u_dcfifo_ctrl/u_wrfifo/U0/xst_fifo_generator/
gconvfifo.rf/grf.rf/gntv_or_sync_fifo.gl0.rd/gras.grdc1.rdc/GND_192_o_GND_192_o_
sub_2_OUT<4>" is sourceless and has been removed.
 Sourceless block
"u_sdram_lcd_top/u_sdram_2fifo_top/u_dcfifo_ctrl/u_wrfifo/U0/xst_fifo_generator/
gconvfifo.rf/grf.rf/gntv_or_sync_fifo.gl0.rd/gras.grdc1.rdc/rd_dc_i_4" (FF)
removed.
The signal
"u_sdram_lcd_top/u_sdram_2fifo_top/u_dcfifo_ctrl/u_wrfifo/U0/xst_fifo_generator/
gconvfifo.rf/grf.rf/gntv_or_sync_fifo.gl0.rd/gras.grdc1.rdc/GND_192_o_GND_192_o_
sub_2_OUT<3>" is sourceless and has been removed.
 Sourceless block
"u_sdram_lcd_top/u_sdram_2fifo_top/u_dcfifo_ctrl/u_wrfifo/U0/xst_fifo_generator/
gconvfifo.rf/grf.rf/gntv_or_sync_fifo.gl0.rd/gras.grdc1.rdc/rd_dc_i_3" (FF)
removed.
The signal
"u_sdram_lcd_top/u_sdram_2fifo_top/u_dcfifo_ctrl/u_wrfifo/U0/xst_fifo_generator/
gconvfifo.rf/grf.rf/gntv_or_sync_fifo.gl0.rd/gras.grdc1.rdc/GND_192_o_GND_192_o_
sub_2_OUT<2>" is sourceless and has been removed.
 Sourceless block
"u_sdram_lcd_top/u_sdram_2fifo_top/u_dcfifo_ctrl/u_wrfifo/U0/xst_fifo_generator/
gconvfifo.rf/grf.rf/gntv_or_sync_fifo.gl0.rd/gras.grdc1.rdc/rd_dc_i_2" (FF)
removed.
The signal
"u_sdram_lcd_top/u_sdram_2fifo_top/u_dcfifo_ctrl/u_wrfifo/U0/xst_fifo_generator/
gconvfifo.rf/grf.rf/gntv_or_sync_fifo.gl0.rd/gras.grdc1.rdc/GND_192_o_GND_192_o_
sub_2_OUT<1>" is sourceless and has been removed.
 Sourceless block
"u_sdram_lcd_top/u_sdram_2fifo_top/u_dcfifo_ctrl/u_wrfifo/U0/xst_fifo_generator/
gconvfifo.rf/grf.rf/gntv_or_sync_fifo.gl0.rd/gras.grdc1.rdc/rd_dc_i_1" (FF)
removed.
The signal
"u_sdram_lcd_top/u_sdram_2fifo_top/u_dcfifo_ctrl/u_wrfifo/U0/xst_fifo_generator/
gconvfifo.rf/grf.rf/gntv_or_sync_fifo.gl0.rd/gras.grdc1.rdc/GND_192_o_GND_192_o_
sub_2_OUT<0>" is sourceless and has been removed.
 Sourceless block
"u_sdram_lcd_top/u_sdram_2fifo_top/u_dcfifo_ctrl/u_wrfifo/U0/xst_fifo_generator/
gconvfifo.rf/grf.rf/gntv_or_sync_fifo.gl0.rd/gras.grdc1.rdc/rd_dc_i_0" (FF)
removed.
The signal
"u_sdram_lcd_top/u_sdram_2fifo_top/u_dcfifo_ctrl/u_wrfifo/U0/xst_fifo_generator/
gconvfifo.rf/grf.rf/gntv_or_sync_fifo.gl0.wr/gwas.gwdc0.wdc/Msub_GND_198_o_GND_1
98_o_sub_2_OUT<8:0>_cy<7>" is sourceless and has been removed.
 Sourceless block
"u_sdram_lcd_top/u_sdram_2fifo_top/u_dcfifo_ctrl/u_wrfifo/U0/xst_fifo_generator/
gconvfifo.rf/grf.rf/gntv_or_sync_fifo.gl0.wr/gwas.gwdc0.wdc/Msub_GND_198_o_GND_1
98_o_sub_2_OUT<8:0>_xor<8>" (XOR) removed.
  The signal
"u_sdram_lcd_top/u_sdram_2fifo_top/u_dcfifo_ctrl/u_wrfifo/U0/xst_fifo_generator/
gconvfifo.rf/grf.rf/gntv_or_sync_fifo.gl0.wr/gwas.gwdc0.wdc/GND_198_o_GND_198_o_
sub_2_OUT<8>" is sourceless and has been removed.
   Sourceless block
"u_sdram_lcd_top/u_sdram_2fifo_top/u_dcfifo_ctrl/u_wrfifo/U0/xst_fifo_generator/
gconvfifo.rf/grf.rf/gntv_or_sync_fifo.gl0.wr/gwas.gwdc0.wdc/wr_data_count_i_8"
(FF) removed.
The signal
"u_sdram_lcd_top/u_sdram_2fifo_top/u_dcfifo_ctrl/u_wrfifo/U0/xst_fifo_generator/
gconvfifo.rf/grf.rf/gntv_or_sync_fifo.gl0.wr/gwas.gwdc0.wdc/Msub_GND_198_o_GND_1
98_o_sub_2_OUT<8:0>_lut<8>" is sourceless and has been removed.
The signal
"u_sdram_lcd_top/u_sdram_2fifo_top/u_dcfifo_ctrl/u_wrfifo/U0/xst_fifo_generator/
gconvfifo.rf/grf.rf/gntv_or_sync_fifo.gl0.wr/gwas.gwdc0.wdc/Msub_GND_198_o_GND_1
98_o_sub_2_OUT<8:0>_cy<6>" is sourceless and has been removed.
 Sourceless block
"u_sdram_lcd_top/u_sdram_2fifo_top/u_dcfifo_ctrl/u_wrfifo/U0/xst_fifo_generator/
gconvfifo.rf/grf.rf/gntv_or_sync_fifo.gl0.wr/gwas.gwdc0.wdc/Msub_GND_198_o_GND_1
98_o_sub_2_OUT<8:0>_xor<7>" (XOR) removed.
  The signal
"u_sdram_lcd_top/u_sdram_2fifo_top/u_dcfifo_ctrl/u_wrfifo/U0/xst_fifo_generator/
gconvfifo.rf/grf.rf/gntv_or_sync_fifo.gl0.wr/gwas.gwdc0.wdc/GND_198_o_GND_198_o_
sub_2_OUT<7>" is sourceless and has been removed.
   Sourceless block
"u_sdram_lcd_top/u_sdram_2fifo_top/u_dcfifo_ctrl/u_wrfifo/U0/xst_fifo_generator/
gconvfifo.rf/grf.rf/gntv_or_sync_fifo.gl0.wr/gwas.gwdc0.wdc/wr_data_count_i_7"
(FF) removed.
 Sourceless block
"u_sdram_lcd_top/u_sdram_2fifo_top/u_dcfifo_ctrl/u_wrfifo/U0/xst_fifo_generator/
gconvfifo.rf/grf.rf/gntv_or_sync_fifo.gl0.wr/gwas.gwdc0.wdc/Msub_GND_198_o_GND_1
98_o_sub_2_OUT<8:0>_cy<7>" (MUX) removed.
The signal
"u_sdram_lcd_top/u_sdram_2fifo_top/u_dcfifo_ctrl/u_wrfifo/U0/xst_fifo_generator/
gconvfifo.rf/grf.rf/gntv_or_sync_fifo.gl0.wr/gwas.gwdc0.wdc/Msub_GND_198_o_GND_1
98_o_sub_2_OUT<8:0>_lut<7>" is sourceless and has been removed.
The signal
"u_sdram_lcd_top/u_sdram_2fifo_top/u_dcfifo_ctrl/u_wrfifo/U0/xst_fifo_generator/
gconvfifo.rf/grf.rf/gntv_or_sync_fifo.gl0.wr/gwas.gwdc0.wdc/Msub_GND_198_o_GND_1
98_o_sub_2_OUT<8:0>_cy<5>" is sourceless and has been removed.
 Sourceless block
"u_sdram_lcd_top/u_sdram_2fifo_top/u_dcfifo_ctrl/u_wrfifo/U0/xst_fifo_generator/
gconvfifo.rf/grf.rf/gntv_or_sync_fifo.gl0.wr/gwas.gwdc0.wdc/Msub_GND_198_o_GND_1
98_o_sub_2_OUT<8:0>_xor<6>" (XOR) removed.
  The signal
"u_sdram_lcd_top/u_sdram_2fifo_top/u_dcfifo_ctrl/u_wrfifo/U0/xst_fifo_generator/
gconvfifo.rf/grf.rf/gntv_or_sync_fifo.gl0.wr/gwas.gwdc0.wdc/GND_198_o_GND_198_o_
sub_2_OUT<6>" is sourceless and has been removed.
   Sourceless block
"u_sdram_lcd_top/u_sdram_2fifo_top/u_dcfifo_ctrl/u_wrfifo/U0/xst_fifo_generator/
gconvfifo.rf/grf.rf/gntv_or_sync_fifo.gl0.wr/gwas.gwdc0.wdc/wr_data_count_i_6"
(FF) removed.
 Sourceless block
"u_sdram_lcd_top/u_sdram_2fifo_top/u_dcfifo_ctrl/u_wrfifo/U0/xst_fifo_generator/
gconvfifo.rf/grf.rf/gntv_or_sync_fifo.gl0.wr/gwas.gwdc0.wdc/Msub_GND_198_o_GND_1
98_o_sub_2_OUT<8:0>_cy<6>" (MUX) removed.
The signal
"u_sdram_lcd_top/u_sdram_2fifo_top/u_dcfifo_ctrl/u_wrfifo/U0/xst_fifo_generator/
gconvfifo.rf/grf.rf/gntv_or_sync_fifo.gl0.wr/gwas.gwdc0.wdc/Msub_GND_198_o_GND_1
98_o_sub_2_OUT<8:0>_lut<6>" is sourceless and has been removed.
The signal
"u_sdram_lcd_top/u_sdram_2fifo_top/u_dcfifo_ctrl/u_wrfifo/U0/xst_fifo_generator/
gconvfifo.rf/grf.rf/gntv_or_sync_fifo.gl0.wr/gwas.gwdc0.wdc/Msub_GND_198_o_GND_1
98_o_sub_2_OUT<8:0>_cy<4>" is sourceless and has been removed.
 Sourceless block
"u_sdram_lcd_top/u_sdram_2fifo_top/u_dcfifo_ctrl/u_wrfifo/U0/xst_fifo_generator/
gconvfifo.rf/grf.rf/gntv_or_sync_fifo.gl0.wr/gwas.gwdc0.wdc/Msub_GND_198_o_GND_1
98_o_sub_2_OUT<8:0>_xor<5>" (XOR) removed.
  The signal
"u_sdram_lcd_top/u_sdram_2fifo_top/u_dcfifo_ctrl/u_wrfifo/U0/xst_fifo_generator/
gconvfifo.rf/grf.rf/gntv_or_sync_fifo.gl0.wr/gwas.gwdc0.wdc/GND_198_o_GND_198_o_
sub_2_OUT<5>" is sourceless and has been removed.
   Sourceless block
"u_sdram_lcd_top/u_sdram_2fifo_top/u_dcfifo_ctrl/u_wrfifo/U0/xst_fifo_generator/
gconvfifo.rf/grf.rf/gntv_or_sync_fifo.gl0.wr/gwas.gwdc0.wdc/wr_data_count_i_5"
(FF) removed.
 Sourceless block
"u_sdram_lcd_top/u_sdram_2fifo_top/u_dcfifo_ctrl/u_wrfifo/U0/xst_fifo_generator/
gconvfifo.rf/grf.rf/gntv_or_sync_fifo.gl0.wr/gwas.gwdc0.wdc/Msub_GND_198_o_GND_1
98_o_sub_2_OUT<8:0>_cy<5>" (MUX) removed.
The signal
"u_sdram_lcd_top/u_sdram_2fifo_top/u_dcfifo_ctrl/u_wrfifo/U0/xst_fifo_generator/
gconvfifo.rf/grf.rf/gntv_or_sync_fifo.gl0.wr/gwas.gwdc0.wdc/Msub_GND_198_o_GND_1
98_o_sub_2_OUT<8:0>_lut<5>" is sourceless and has been removed.
The signal
"u_sdram_lcd_top/u_sdram_2fifo_top/u_dcfifo_ctrl/u_wrfifo/U0/xst_fifo_generator/
gconvfifo.rf/grf.rf/gntv_or_sync_fifo.gl0.wr/gwas.gwdc0.wdc/Msub_GND_198_o_GND_1
98_o_sub_2_OUT<8:0>_cy<3>" is sourceless and has been removed.
 Sourceless block
"u_sdram_lcd_top/u_sdram_2fifo_top/u_dcfifo_ctrl/u_wrfifo/U0/xst_fifo_generator/
gconvfifo.rf/grf.rf/gntv_or_sync_fifo.gl0.wr/gwas.gwdc0.wdc/Msub_GND_198_o_GND_1
98_o_sub_2_OUT<8:0>_xor<4>" (XOR) removed.
  The signal
"u_sdram_lcd_top/u_sdram_2fifo_top/u_dcfifo_ctrl/u_wrfifo/U0/xst_fifo_generator/
gconvfifo.rf/grf.rf/gntv_or_sync_fifo.gl0.wr/gwas.gwdc0.wdc/GND_198_o_GND_198_o_
sub_2_OUT<4>" is sourceless and has been removed.
   Sourceless block
"u_sdram_lcd_top/u_sdram_2fifo_top/u_dcfifo_ctrl/u_wrfifo/U0/xst_fifo_generator/
gconvfifo.rf/grf.rf/gntv_or_sync_fifo.gl0.wr/gwas.gwdc0.wdc/wr_data_count_i_4"
(FF) removed.
 Sourceless block
"u_sdram_lcd_top/u_sdram_2fifo_top/u_dcfifo_ctrl/u_wrfifo/U0/xst_fifo_generator/
gconvfifo.rf/grf.rf/gntv_or_sync_fifo.gl0.wr/gwas.gwdc0.wdc/Msub_GND_198_o_GND_1
98_o_sub_2_OUT<8:0>_cy<4>" (MUX) removed.
The signal
"u_sdram_lcd_top/u_sdram_2fifo_top/u_dcfifo_ctrl/u_wrfifo/U0/xst_fifo_generator/
gconvfifo.rf/grf.rf/gntv_or_sync_fifo.gl0.wr/gwas.gwdc0.wdc/Msub_GND_198_o_GND_1
98_o_sub_2_OUT<8:0>_lut<4>" is sourceless and has been removed.
The signal
"u_sdram_lcd_top/u_sdram_2fifo_top/u_dcfifo_ctrl/u_wrfifo/U0/xst_fifo_generator/
gconvfifo.rf/grf.rf/gntv_or_sync_fifo.gl0.wr/gwas.gwdc0.wdc/Msub_GND_198_o_GND_1
98_o_sub_2_OUT<8:0>_cy<2>" is sourceless and has been removed.
 Sourceless block
"u_sdram_lcd_top/u_sdram_2fifo_top/u_dcfifo_ctrl/u_wrfifo/U0/xst_fifo_generator/
gconvfifo.rf/grf.rf/gntv_or_sync_fifo.gl0.wr/gwas.gwdc0.wdc/Msub_GND_198_o_GND_1
98_o_sub_2_OUT<8:0>_xor<3>" (XOR) removed.
  The signal
"u_sdram_lcd_top/u_sdram_2fifo_top/u_dcfifo_ctrl/u_wrfifo/U0/xst_fifo_generator/
gconvfifo.rf/grf.rf/gntv_or_sync_fifo.gl0.wr/gwas.gwdc0.wdc/GND_198_o_GND_198_o_
sub_2_OUT<3>" is sourceless and has been removed.
   Sourceless block
"u_sdram_lcd_top/u_sdram_2fifo_top/u_dcfifo_ctrl/u_wrfifo/U0/xst_fifo_generator/
gconvfifo.rf/grf.rf/gntv_or_sync_fifo.gl0.wr/gwas.gwdc0.wdc/wr_data_count_i_3"
(FF) removed.
 Sourceless block
"u_sdram_lcd_top/u_sdram_2fifo_top/u_dcfifo_ctrl/u_wrfifo/U0/xst_fifo_generator/
gconvfifo.rf/grf.rf/gntv_or_sync_fifo.gl0.wr/gwas.gwdc0.wdc/Msub_GND_198_o_GND_1
98_o_sub_2_OUT<8:0>_cy<3>" (MUX) removed.
The signal
"u_sdram_lcd_top/u_sdram_2fifo_top/u_dcfifo_ctrl/u_wrfifo/U0/xst_fifo_generator/
gconvfifo.rf/grf.rf/gntv_or_sync_fifo.gl0.wr/gwas.gwdc0.wdc/Msub_GND_198_o_GND_1
98_o_sub_2_OUT<8:0>_lut<3>" is sourceless and has been removed.
The signal
"u_sdram_lcd_top/u_sdram_2fifo_top/u_dcfifo_ctrl/u_wrfifo/U0/xst_fifo_generator/
gconvfifo.rf/grf.rf/gntv_or_sync_fifo.gl0.wr/gwas.gwdc0.wdc/Msub_GND_198_o_GND_1
98_o_sub_2_OUT<8:0>_cy<1>" is sourceless and has been removed.
 Sourceless block
"u_sdram_lcd_top/u_sdram_2fifo_top/u_dcfifo_ctrl/u_wrfifo/U0/xst_fifo_generator/
gconvfifo.rf/grf.rf/gntv_or_sync_fifo.gl0.wr/gwas.gwdc0.wdc/Msub_GND_198_o_GND_1
98_o_sub_2_OUT<8:0>_xor<2>" (XOR) removed.
  The signal
"u_sdram_lcd_top/u_sdram_2fifo_top/u_dcfifo_ctrl/u_wrfifo/U0/xst_fifo_generator/
gconvfifo.rf/grf.rf/gntv_or_sync_fifo.gl0.wr/gwas.gwdc0.wdc/GND_198_o_GND_198_o_
sub_2_OUT<2>" is sourceless and has been removed.
   Sourceless block
"u_sdram_lcd_top/u_sdram_2fifo_top/u_dcfifo_ctrl/u_wrfifo/U0/xst_fifo_generator/
gconvfifo.rf/grf.rf/gntv_or_sync_fifo.gl0.wr/gwas.gwdc0.wdc/wr_data_count_i_2"
(FF) removed.
 Sourceless block
"u_sdram_lcd_top/u_sdram_2fifo_top/u_dcfifo_ctrl/u_wrfifo/U0/xst_fifo_generator/
gconvfifo.rf/grf.rf/gntv_or_sync_fifo.gl0.wr/gwas.gwdc0.wdc/Msub_GND_198_o_GND_1
98_o_sub_2_OUT<8:0>_cy<2>" (MUX) removed.
The signal
"u_sdram_lcd_top/u_sdram_2fifo_top/u_dcfifo_ctrl/u_wrfifo/U0/xst_fifo_generator/
gconvfifo.rf/grf.rf/gntv_or_sync_fifo.gl0.wr/gwas.gwdc0.wdc/Msub_GND_198_o_GND_1
98_o_sub_2_OUT<8:0>_lut<2>" is sourceless and has been removed.
The signal
"u_sdram_lcd_top/u_sdram_2fifo_top/u_dcfifo_ctrl/u_wrfifo/U0/xst_fifo_generator/
gconvfifo.rf/grf.rf/gntv_or_sync_fifo.gl0.wr/gwas.gwdc0.wdc/Msub_GND_198_o_GND_1
98_o_sub_2_OUT<8:0>_cy<0>" is sourceless and has been removed.
 Sourceless block
"u_sdram_lcd_top/u_sdram_2fifo_top/u_dcfifo_ctrl/u_wrfifo/U0/xst_fifo_generator/
gconvfifo.rf/grf.rf/gntv_or_sync_fifo.gl0.wr/gwas.gwdc0.wdc/Msub_GND_198_o_GND_1
98_o_sub_2_OUT<8:0>_xor<1>" (XOR) removed.
  The signal
"u_sdram_lcd_top/u_sdram_2fifo_top/u_dcfifo_ctrl/u_wrfifo/U0/xst_fifo_generator/
gconvfifo.rf/grf.rf/gntv_or_sync_fifo.gl0.wr/gwas.gwdc0.wdc/GND_198_o_GND_198_o_
sub_2_OUT<1>" is sourceless and has been removed.
   Sourceless block
"u_sdram_lcd_top/u_sdram_2fifo_top/u_dcfifo_ctrl/u_wrfifo/U0/xst_fifo_generator/
gconvfifo.rf/grf.rf/gntv_or_sync_fifo.gl0.wr/gwas.gwdc0.wdc/wr_data_count_i_1"
(FF) removed.
 Sourceless block
"u_sdram_lcd_top/u_sdram_2fifo_top/u_dcfifo_ctrl/u_wrfifo/U0/xst_fifo_generator/
gconvfifo.rf/grf.rf/gntv_or_sync_fifo.gl0.wr/gwas.gwdc0.wdc/Msub_GND_198_o_GND_1
98_o_sub_2_OUT<8:0>_cy<1>" (MUX) removed.
The signal
"u_sdram_lcd_top/u_sdram_2fifo_top/u_dcfifo_ctrl/u_wrfifo/U0/xst_fifo_generator/
gconvfifo.rf/grf.rf/gntv_or_sync_fifo.gl0.wr/gwas.gwdc0.wdc/Msub_GND_198_o_GND_1
98_o_sub_2_OUT<8:0>_lut<1>" is sourceless and has been removed.
The signal
"u_sdram_lcd_top/u_sdram_2fifo_top/u_dcfifo_ctrl/u_wrfifo/U0/xst_fifo_generator/
gconvfifo.rf/grf.rf/gntv_or_sync_fifo.gl0.wr/gwas.gwdc0.wdc/Msub_GND_198_o_GND_1
98_o_sub_2_OUT<8:0>_lut<0>" is sourceless and has been removed.
 Sourceless block
"u_sdram_lcd_top/u_sdram_2fifo_top/u_dcfifo_ctrl/u_wrfifo/U0/xst_fifo_generator/
gconvfifo.rf/grf.rf/gntv_or_sync_fifo.gl0.wr/gwas.gwdc0.wdc/Msub_GND_198_o_GND_1
98_o_sub_2_OUT<8:0>_xor<0>" (XOR) removed.
  The signal
"u_sdram_lcd_top/u_sdram_2fifo_top/u_dcfifo_ctrl/u_wrfifo/U0/xst_fifo_generator/
gconvfifo.rf/grf.rf/gntv_or_sync_fifo.gl0.wr/gwas.gwdc0.wdc/GND_198_o_GND_198_o_
sub_2_OUT<0>" is sourceless and has been removed.
   Sourceless block
"u_sdram_lcd_top/u_sdram_2fifo_top/u_dcfifo_ctrl/u_wrfifo/U0/xst_fifo_generator/
gconvfifo.rf/grf.rf/gntv_or_sync_fifo.gl0.wr/gwas.gwdc0.wdc/wr_data_count_i_0"
(FF) removed.
 Sourceless block
"u_sdram_lcd_top/u_sdram_2fifo_top/u_dcfifo_ctrl/u_wrfifo/U0/xst_fifo_generator/
gconvfifo.rf/grf.rf/gntv_or_sync_fifo.gl0.wr/gwas.gwdc0.wdc/Msub_GND_198_o_GND_1
98_o_sub_2_OUT<8:0>_cy<0>" (MUX) removed.
The signal
"u_sdram_lcd_top/u_sdram_2fifo_top/u_dcfifo_ctrl/u_rdfifo/U0/xst_fifo_generator/
gconvfifo.rf/grf.rf/gntv_or_sync_fifo.gl0.rd/gras.grdc1.rdc/rd_dc_i<8>" is
sourceless and has been removed.
The signal
"u_sdram_lcd_top/u_sdram_2fifo_top/u_dcfifo_ctrl/u_rdfifo/U0/xst_fifo_generator/
gconvfifo.rf/grf.rf/gntv_or_sync_fifo.gl0.rd/gras.grdc1.rdc/rd_dc_i<7>" is
sourceless and has been removed.
The signal
"u_sdram_lcd_top/u_sdram_2fifo_top/u_dcfifo_ctrl/u_rdfifo/U0/xst_fifo_generator/
gconvfifo.rf/grf.rf/gntv_or_sync_fifo.gl0.rd/gras.grdc1.rdc/rd_dc_i<6>" is
sourceless and has been removed.
The signal
"u_sdram_lcd_top/u_sdram_2fifo_top/u_dcfifo_ctrl/u_rdfifo/U0/xst_fifo_generator/
gconvfifo.rf/grf.rf/gntv_or_sync_fifo.gl0.rd/gras.grdc1.rdc/rd_dc_i<5>" is
sourceless and has been removed.
The signal
"u_sdram_lcd_top/u_sdram_2fifo_top/u_dcfifo_ctrl/u_rdfifo/U0/xst_fifo_generator/
gconvfifo.rf/grf.rf/gntv_or_sync_fifo.gl0.rd/gras.grdc1.rdc/rd_dc_i<4>" is
sourceless and has been removed.
The signal
"u_sdram_lcd_top/u_sdram_2fifo_top/u_dcfifo_ctrl/u_rdfifo/U0/xst_fifo_generator/
gconvfifo.rf/grf.rf/gntv_or_sync_fifo.gl0.rd/gras.grdc1.rdc/rd_dc_i<3>" is
sourceless and has been removed.
The signal
"u_sdram_lcd_top/u_sdram_2fifo_top/u_dcfifo_ctrl/u_rdfifo/U0/xst_fifo_generator/
gconvfifo.rf/grf.rf/gntv_or_sync_fifo.gl0.rd/gras.grdc1.rdc/rd_dc_i<2>" is
sourceless and has been removed.
The signal
"u_sdram_lcd_top/u_sdram_2fifo_top/u_dcfifo_ctrl/u_rdfifo/U0/xst_fifo_generator/
gconvfifo.rf/grf.rf/gntv_or_sync_fifo.gl0.rd/gras.grdc1.rdc/rd_dc_i<1>" is
sourceless and has been removed.
The signal
"u_sdram_lcd_top/u_sdram_2fifo_top/u_dcfifo_ctrl/u_rdfifo/U0/xst_fifo_generator/
gconvfifo.rf/grf.rf/gntv_or_sync_fifo.gl0.rd/gras.grdc1.rdc/rd_dc_i<0>" is
sourceless and has been removed.
The signal
"u_sdram_lcd_top/u_sdram_2fifo_top/u_dcfifo_ctrl/u_rdfifo/U0/xst_fifo_generator/
gconvfifo.rf/grf.rf/gntv_or_sync_fifo.gl0.wr/gwas.gwdc0.wdc/wr_data_count_i<7>"
is sourceless and has been removed.
The signal
"u_sdram_lcd_top/u_sdram_2fifo_top/u_dcfifo_ctrl/u_rdfifo/U0/xst_fifo_generator/
gconvfifo.rf/grf.rf/gntv_or_sync_fifo.gl0.wr/gwas.gwdc0.wdc/wr_data_count_i<6>"
is sourceless and has been removed.
The signal
"u_sdram_lcd_top/u_sdram_2fifo_top/u_dcfifo_ctrl/u_rdfifo/U0/xst_fifo_generator/
gconvfifo.rf/grf.rf/gntv_or_sync_fifo.gl0.wr/gwas.gwdc0.wdc/wr_data_count_i<5>"
is sourceless and has been removed.
The signal
"u_sdram_lcd_top/u_sdram_2fifo_top/u_dcfifo_ctrl/u_rdfifo/U0/xst_fifo_generator/
gconvfifo.rf/grf.rf/gntv_or_sync_fifo.gl0.wr/gwas.gwdc0.wdc/wr_data_count_i<4>"
is sourceless and has been removed.
The signal
"u_sdram_lcd_top/u_sdram_2fifo_top/u_dcfifo_ctrl/u_rdfifo/U0/xst_fifo_generator/
gconvfifo.rf/grf.rf/gntv_or_sync_fifo.gl0.wr/gwas.gwdc0.wdc/wr_data_count_i<3>"
is sourceless and has been removed.
The signal
"u_sdram_lcd_top/u_sdram_2fifo_top/u_dcfifo_ctrl/u_rdfifo/U0/xst_fifo_generator/
gconvfifo.rf/grf.rf/gntv_or_sync_fifo.gl0.wr/gwas.gwdc0.wdc/wr_data_count_i<2>"
is sourceless and has been removed.
The signal
"u_sdram_lcd_top/u_sdram_2fifo_top/u_dcfifo_ctrl/u_rdfifo/U0/xst_fifo_generator/
gconvfifo.rf/grf.rf/gntv_or_sync_fifo.gl0.wr/gwas.gwdc0.wdc/wr_data_count_i<1>"
is sourceless and has been removed.
The signal
"u_sdram_lcd_top/u_sdram_2fifo_top/u_dcfifo_ctrl/u_rdfifo/U0/xst_fifo_generator/
gconvfifo.rf/grf.rf/gntv_or_sync_fifo.gl0.wr/gwas.gwdc0.wdc/wr_data_count_i<0>"
is sourceless and has been removed.
The signal
"u_sdram_lcd_top/u_sdram_2fifo_top/u_dcfifo_ctrl/u_rdfifo/U0/xst_fifo_generator/
gconvfifo.rf/grf.rf/gntv_or_sync_fifo.gl0.wr/gwas.wsts/ram_full_i" is sourceless
and has been removed.
The signal
"u_sdram_lcd_top/u_sdram_2fifo_top/u_dcfifo_ctrl/u_rdfifo/U0/xst_fifo_generator/
gconvfifo.rf/grf.rf/gntv_or_sync_fifo.gl0.rd/gras.rsts/ram_empty_i" is
sourceless and has been removed.
The signal
"u_sdram_lcd_top/u_sdram_2fifo_top/u_dcfifo_ctrl/u_rdfifo/U0/xst_fifo_generator/
gconvfifo.rf/grf.rf/gntv_or_sync_fifo.gl0.rd/gras.grdc1.rdc/Msub_GND_192_o_GND_1
92_o_sub_2_OUT<8:0>_cy<7>" is sourceless and has been removed.
 Sourceless block
"u_sdram_lcd_top/u_sdram_2fifo_top/u_dcfifo_ctrl/u_rdfifo/U0/xst_fifo_generator/
gconvfifo.rf/grf.rf/gntv_or_sync_fifo.gl0.rd/gras.grdc1.rdc/Msub_GND_192_o_GND_1
92_o_sub_2_OUT<8:0>_xor<8>" (XOR) removed.
  The signal
"u_sdram_lcd_top/u_sdram_2fifo_top/u_dcfifo_ctrl/u_rdfifo/U0/xst_fifo_generator/
gconvfifo.rf/grf.rf/gntv_or_sync_fifo.gl0.rd/gras.grdc1.rdc/GND_192_o_GND_192_o_
sub_2_OUT<8>" is sourceless and has been removed.
   Sourceless block
"u_sdram_lcd_top/u_sdram_2fifo_top/u_dcfifo_ctrl/u_rdfifo/U0/xst_fifo_generator/
gconvfifo.rf/grf.rf/gntv_or_sync_fifo.gl0.rd/gras.grdc1.rdc/rd_dc_i_8" (FF)
removed.
The signal
"u_sdram_lcd_top/u_sdram_2fifo_top/u_dcfifo_ctrl/u_rdfifo/U0/xst_fifo_generator/
gconvfifo.rf/grf.rf/gntv_or_sync_fifo.gl0.rd/gras.grdc1.rdc/Msub_GND_192_o_GND_1
92_o_sub_2_OUT<8:0>_lut<8>" is sourceless and has been removed.
The signal
"u_sdram_lcd_top/u_sdram_2fifo_top/u_dcfifo_ctrl/u_rdfifo/U0/xst_fifo_generator/
gconvfifo.rf/grf.rf/gntv_or_sync_fifo.gl0.rd/gras.grdc1.rdc/Msub_GND_192_o_GND_1
92_o_sub_2_OUT<8:0>_cy<6>" is sourceless and has been removed.
 Sourceless block
"u_sdram_lcd_top/u_sdram_2fifo_top/u_dcfifo_ctrl/u_rdfifo/U0/xst_fifo_generator/
gconvfifo.rf/grf.rf/gntv_or_sync_fifo.gl0.rd/gras.grdc1.rdc/Msub_GND_192_o_GND_1
92_o_sub_2_OUT<8:0>_xor<7>" (XOR) removed.
  The signal
"u_sdram_lcd_top/u_sdram_2fifo_top/u_dcfifo_ctrl/u_rdfifo/U0/xst_fifo_generator/
gconvfifo.rf/grf.rf/gntv_or_sync_fifo.gl0.rd/gras.grdc1.rdc/GND_192_o_GND_192_o_
sub_2_OUT<7>" is sourceless and has been removed.
   Sourceless block
"u_sdram_lcd_top/u_sdram_2fifo_top/u_dcfifo_ctrl/u_rdfifo/U0/xst_fifo_generator/
gconvfifo.rf/grf.rf/gntv_or_sync_fifo.gl0.rd/gras.grdc1.rdc/rd_dc_i_7" (FF)
removed.
 Sourceless block
"u_sdram_lcd_top/u_sdram_2fifo_top/u_dcfifo_ctrl/u_rdfifo/U0/xst_fifo_generator/
gconvfifo.rf/grf.rf/gntv_or_sync_fifo.gl0.rd/gras.grdc1.rdc/Msub_GND_192_o_GND_1
92_o_sub_2_OUT<8:0>_cy<7>" (MUX) removed.
The signal
"u_sdram_lcd_top/u_sdram_2fifo_top/u_dcfifo_ctrl/u_rdfifo/U0/xst_fifo_generator/
gconvfifo.rf/grf.rf/gntv_or_sync_fifo.gl0.rd/gras.grdc1.rdc/Msub_GND_192_o_GND_1
92_o_sub_2_OUT<8:0>_lut<7>" is sourceless and has been removed.
The signal
"u_sdram_lcd_top/u_sdram_2fifo_top/u_dcfifo_ctrl/u_rdfifo/U0/xst_fifo_generator/
gconvfifo.rf/grf.rf/gntv_or_sync_fifo.gl0.rd/gras.grdc1.rdc/Msub_GND_192_o_GND_1
92_o_sub_2_OUT<8:0>_cy<5>" is sourceless and has been removed.
 Sourceless block
"u_sdram_lcd_top/u_sdram_2fifo_top/u_dcfifo_ctrl/u_rdfifo/U0/xst_fifo_generator/
gconvfifo.rf/grf.rf/gntv_or_sync_fifo.gl0.rd/gras.grdc1.rdc/Msub_GND_192_o_GND_1
92_o_sub_2_OUT<8:0>_xor<6>" (XOR) removed.
  The signal
"u_sdram_lcd_top/u_sdram_2fifo_top/u_dcfifo_ctrl/u_rdfifo/U0/xst_fifo_generator/
gconvfifo.rf/grf.rf/gntv_or_sync_fifo.gl0.rd/gras.grdc1.rdc/GND_192_o_GND_192_o_
sub_2_OUT<6>" is sourceless and has been removed.
   Sourceless block
"u_sdram_lcd_top/u_sdram_2fifo_top/u_dcfifo_ctrl/u_rdfifo/U0/xst_fifo_generator/
gconvfifo.rf/grf.rf/gntv_or_sync_fifo.gl0.rd/gras.grdc1.rdc/rd_dc_i_6" (FF)
removed.
 Sourceless block
"u_sdram_lcd_top/u_sdram_2fifo_top/u_dcfifo_ctrl/u_rdfifo/U0/xst_fifo_generator/
gconvfifo.rf/grf.rf/gntv_or_sync_fifo.gl0.rd/gras.grdc1.rdc/Msub_GND_192_o_GND_1
92_o_sub_2_OUT<8:0>_cy<6>" (MUX) removed.
The signal
"u_sdram_lcd_top/u_sdram_2fifo_top/u_dcfifo_ctrl/u_rdfifo/U0/xst_fifo_generator/
gconvfifo.rf/grf.rf/gntv_or_sync_fifo.gl0.rd/gras.grdc1.rdc/Msub_GND_192_o_GND_1
92_o_sub_2_OUT<8:0>_lut<6>" is sourceless and has been removed.
The signal
"u_sdram_lcd_top/u_sdram_2fifo_top/u_dcfifo_ctrl/u_rdfifo/U0/xst_fifo_generator/
gconvfifo.rf/grf.rf/gntv_or_sync_fifo.gl0.rd/gras.grdc1.rdc/Msub_GND_192_o_GND_1
92_o_sub_2_OUT<8:0>_cy<4>" is sourceless and has been removed.
 Sourceless block
"u_sdram_lcd_top/u_sdram_2fifo_top/u_dcfifo_ctrl/u_rdfifo/U0/xst_fifo_generator/
gconvfifo.rf/grf.rf/gntv_or_sync_fifo.gl0.rd/gras.grdc1.rdc/Msub_GND_192_o_GND_1
92_o_sub_2_OUT<8:0>_xor<5>" (XOR) removed.
  The signal
"u_sdram_lcd_top/u_sdram_2fifo_top/u_dcfifo_ctrl/u_rdfifo/U0/xst_fifo_generator/
gconvfifo.rf/grf.rf/gntv_or_sync_fifo.gl0.rd/gras.grdc1.rdc/GND_192_o_GND_192_o_
sub_2_OUT<5>" is sourceless and has been removed.
   Sourceless block
"u_sdram_lcd_top/u_sdram_2fifo_top/u_dcfifo_ctrl/u_rdfifo/U0/xst_fifo_generator/
gconvfifo.rf/grf.rf/gntv_or_sync_fifo.gl0.rd/gras.grdc1.rdc/rd_dc_i_5" (FF)
removed.
 Sourceless block
"u_sdram_lcd_top/u_sdram_2fifo_top/u_dcfifo_ctrl/u_rdfifo/U0/xst_fifo_generator/
gconvfifo.rf/grf.rf/gntv_or_sync_fifo.gl0.rd/gras.grdc1.rdc/Msub_GND_192_o_GND_1
92_o_sub_2_OUT<8:0>_cy<5>" (MUX) removed.
The signal
"u_sdram_lcd_top/u_sdram_2fifo_top/u_dcfifo_ctrl/u_rdfifo/U0/xst_fifo_generator/
gconvfifo.rf/grf.rf/gntv_or_sync_fifo.gl0.rd/gras.grdc1.rdc/Msub_GND_192_o_GND_1
92_o_sub_2_OUT<8:0>_lut<5>" is sourceless and has been removed.
The signal
"u_sdram_lcd_top/u_sdram_2fifo_top/u_dcfifo_ctrl/u_rdfifo/U0/xst_fifo_generator/
gconvfifo.rf/grf.rf/gntv_or_sync_fifo.gl0.rd/gras.grdc1.rdc/Msub_GND_192_o_GND_1
92_o_sub_2_OUT<8:0>_cy<3>" is sourceless and has been removed.
 Sourceless block
"u_sdram_lcd_top/u_sdram_2fifo_top/u_dcfifo_ctrl/u_rdfifo/U0/xst_fifo_generator/
gconvfifo.rf/grf.rf/gntv_or_sync_fifo.gl0.rd/gras.grdc1.rdc/Msub_GND_192_o_GND_1
92_o_sub_2_OUT<8:0>_xor<4>" (XOR) removed.
  The signal
"u_sdram_lcd_top/u_sdram_2fifo_top/u_dcfifo_ctrl/u_rdfifo/U0/xst_fifo_generator/
gconvfifo.rf/grf.rf/gntv_or_sync_fifo.gl0.rd/gras.grdc1.rdc/GND_192_o_GND_192_o_
sub_2_OUT<4>" is sourceless and has been removed.
   Sourceless block
"u_sdram_lcd_top/u_sdram_2fifo_top/u_dcfifo_ctrl/u_rdfifo/U0/xst_fifo_generator/
gconvfifo.rf/grf.rf/gntv_or_sync_fifo.gl0.rd/gras.grdc1.rdc/rd_dc_i_4" (FF)
removed.
 Sourceless block
"u_sdram_lcd_top/u_sdram_2fifo_top/u_dcfifo_ctrl/u_rdfifo/U0/xst_fifo_generator/
gconvfifo.rf/grf.rf/gntv_or_sync_fifo.gl0.rd/gras.grdc1.rdc/Msub_GND_192_o_GND_1
92_o_sub_2_OUT<8:0>_cy<4>" (MUX) removed.
The signal
"u_sdram_lcd_top/u_sdram_2fifo_top/u_dcfifo_ctrl/u_rdfifo/U0/xst_fifo_generator/
gconvfifo.rf/grf.rf/gntv_or_sync_fifo.gl0.rd/gras.grdc1.rdc/Msub_GND_192_o_GND_1
92_o_sub_2_OUT<8:0>_lut<4>" is sourceless and has been removed.
The signal
"u_sdram_lcd_top/u_sdram_2fifo_top/u_dcfifo_ctrl/u_rdfifo/U0/xst_fifo_generator/
gconvfifo.rf/grf.rf/gntv_or_sync_fifo.gl0.rd/gras.grdc1.rdc/Msub_GND_192_o_GND_1
92_o_sub_2_OUT<8:0>_cy<2>" is sourceless and has been removed.
 Sourceless block
"u_sdram_lcd_top/u_sdram_2fifo_top/u_dcfifo_ctrl/u_rdfifo/U0/xst_fifo_generator/
gconvfifo.rf/grf.rf/gntv_or_sync_fifo.gl0.rd/gras.grdc1.rdc/Msub_GND_192_o_GND_1
92_o_sub_2_OUT<8:0>_xor<3>" (XOR) removed.
  The signal
"u_sdram_lcd_top/u_sdram_2fifo_top/u_dcfifo_ctrl/u_rdfifo/U0/xst_fifo_generator/
gconvfifo.rf/grf.rf/gntv_or_sync_fifo.gl0.rd/gras.grdc1.rdc/GND_192_o_GND_192_o_
sub_2_OUT<3>" is sourceless and has been removed.
   Sourceless block
"u_sdram_lcd_top/u_sdram_2fifo_top/u_dcfifo_ctrl/u_rdfifo/U0/xst_fifo_generator/
gconvfifo.rf/grf.rf/gntv_or_sync_fifo.gl0.rd/gras.grdc1.rdc/rd_dc_i_3" (FF)
removed.
 Sourceless block
"u_sdram_lcd_top/u_sdram_2fifo_top/u_dcfifo_ctrl/u_rdfifo/U0/xst_fifo_generator/
gconvfifo.rf/grf.rf/gntv_or_sync_fifo.gl0.rd/gras.grdc1.rdc/Msub_GND_192_o_GND_1
92_o_sub_2_OUT<8:0>_cy<3>" (MUX) removed.
The signal
"u_sdram_lcd_top/u_sdram_2fifo_top/u_dcfifo_ctrl/u_rdfifo/U0/xst_fifo_generator/
gconvfifo.rf/grf.rf/gntv_or_sync_fifo.gl0.rd/gras.grdc1.rdc/Msub_GND_192_o_GND_1
92_o_sub_2_OUT<8:0>_lut<3>" is sourceless and has been removed.
The signal
"u_sdram_lcd_top/u_sdram_2fifo_top/u_dcfifo_ctrl/u_rdfifo/U0/xst_fifo_generator/
gconvfifo.rf/grf.rf/gntv_or_sync_fifo.gl0.rd/gras.grdc1.rdc/Msub_GND_192_o_GND_1
92_o_sub_2_OUT<8:0>_cy<1>" is sourceless and has been removed.
 Sourceless block
"u_sdram_lcd_top/u_sdram_2fifo_top/u_dcfifo_ctrl/u_rdfifo/U0/xst_fifo_generator/
gconvfifo.rf/grf.rf/gntv_or_sync_fifo.gl0.rd/gras.grdc1.rdc/Msub_GND_192_o_GND_1
92_o_sub_2_OUT<8:0>_xor<2>" (XOR) removed.
  The signal
"u_sdram_lcd_top/u_sdram_2fifo_top/u_dcfifo_ctrl/u_rdfifo/U0/xst_fifo_generator/
gconvfifo.rf/grf.rf/gntv_or_sync_fifo.gl0.rd/gras.grdc1.rdc/GND_192_o_GND_192_o_
sub_2_OUT<2>" is sourceless and has been removed.
   Sourceless block
"u_sdram_lcd_top/u_sdram_2fifo_top/u_dcfifo_ctrl/u_rdfifo/U0/xst_fifo_generator/
gconvfifo.rf/grf.rf/gntv_or_sync_fifo.gl0.rd/gras.grdc1.rdc/rd_dc_i_2" (FF)
removed.
 Sourceless block
"u_sdram_lcd_top/u_sdram_2fifo_top/u_dcfifo_ctrl/u_rdfifo/U0/xst_fifo_generator/
gconvfifo.rf/grf.rf/gntv_or_sync_fifo.gl0.rd/gras.grdc1.rdc/Msub_GND_192_o_GND_1
92_o_sub_2_OUT<8:0>_cy<2>" (MUX) removed.
The signal
"u_sdram_lcd_top/u_sdram_2fifo_top/u_dcfifo_ctrl/u_rdfifo/U0/xst_fifo_generator/
gconvfifo.rf/grf.rf/gntv_or_sync_fifo.gl0.rd/gras.grdc1.rdc/Msub_GND_192_o_GND_1
92_o_sub_2_OUT<8:0>_lut<2>" is sourceless and has been removed.
The signal
"u_sdram_lcd_top/u_sdram_2fifo_top/u_dcfifo_ctrl/u_rdfifo/U0/xst_fifo_generator/
gconvfifo.rf/grf.rf/gntv_or_sync_fifo.gl0.rd/gras.grdc1.rdc/Msub_GND_192_o_GND_1
92_o_sub_2_OUT<8:0>_cy<0>" is sourceless and has been removed.
 Sourceless block
"u_sdram_lcd_top/u_sdram_2fifo_top/u_dcfifo_ctrl/u_rdfifo/U0/xst_fifo_generator/
gconvfifo.rf/grf.rf/gntv_or_sync_fifo.gl0.rd/gras.grdc1.rdc/Msub_GND_192_o_GND_1
92_o_sub_2_OUT<8:0>_xor<1>" (XOR) removed.
  The signal
"u_sdram_lcd_top/u_sdram_2fifo_top/u_dcfifo_ctrl/u_rdfifo/U0/xst_fifo_generator/
gconvfifo.rf/grf.rf/gntv_or_sync_fifo.gl0.rd/gras.grdc1.rdc/GND_192_o_GND_192_o_
sub_2_OUT<1>" is sourceless and has been removed.
   Sourceless block
"u_sdram_lcd_top/u_sdram_2fifo_top/u_dcfifo_ctrl/u_rdfifo/U0/xst_fifo_generator/
gconvfifo.rf/grf.rf/gntv_or_sync_fifo.gl0.rd/gras.grdc1.rdc/rd_dc_i_1" (FF)
removed.
 Sourceless block
"u_sdram_lcd_top/u_sdram_2fifo_top/u_dcfifo_ctrl/u_rdfifo/U0/xst_fifo_generator/
gconvfifo.rf/grf.rf/gntv_or_sync_fifo.gl0.rd/gras.grdc1.rdc/Msub_GND_192_o_GND_1
92_o_sub_2_OUT<8:0>_cy<1>" (MUX) removed.
The signal
"u_sdram_lcd_top/u_sdram_2fifo_top/u_dcfifo_ctrl/u_rdfifo/U0/xst_fifo_generator/
gconvfifo.rf/grf.rf/gntv_or_sync_fifo.gl0.rd/gras.grdc1.rdc/Msub_GND_192_o_GND_1
92_o_sub_2_OUT<8:0>_lut<1>" is sourceless and has been removed.
The signal
"u_sdram_lcd_top/u_sdram_2fifo_top/u_dcfifo_ctrl/u_rdfifo/U0/xst_fifo_generator/
gconvfifo.rf/grf.rf/gntv_or_sync_fifo.gl0.rd/gras.grdc1.rdc/Msub_GND_192_o_GND_1
92_o_sub_2_OUT<8:0>_lut<0>" is sourceless and has been removed.
 Sourceless block
"u_sdram_lcd_top/u_sdram_2fifo_top/u_dcfifo_ctrl/u_rdfifo/U0/xst_fifo_generator/
gconvfifo.rf/grf.rf/gntv_or_sync_fifo.gl0.rd/gras.grdc1.rdc/Msub_GND_192_o_GND_1
92_o_sub_2_OUT<8:0>_xor<0>" (XOR) removed.
  The signal
"u_sdram_lcd_top/u_sdram_2fifo_top/u_dcfifo_ctrl/u_rdfifo/U0/xst_fifo_generator/
gconvfifo.rf/grf.rf/gntv_or_sync_fifo.gl0.rd/gras.grdc1.rdc/GND_192_o_GND_192_o_
sub_2_OUT<0>" is sourceless and has been removed.
   Sourceless block
"u_sdram_lcd_top/u_sdram_2fifo_top/u_dcfifo_ctrl/u_rdfifo/U0/xst_fifo_generator/
gconvfifo.rf/grf.rf/gntv_or_sync_fifo.gl0.rd/gras.grdc1.rdc/rd_dc_i_0" (FF)
removed.
 Sourceless block
"u_sdram_lcd_top/u_sdram_2fifo_top/u_dcfifo_ctrl/u_rdfifo/U0/xst_fifo_generator/
gconvfifo.rf/grf.rf/gntv_or_sync_fifo.gl0.rd/gras.grdc1.rdc/Msub_GND_192_o_GND_1
92_o_sub_2_OUT<8:0>_cy<0>" (MUX) removed.
The signal
"u_sdram_lcd_top/u_sdram_2fifo_top/u_dcfifo_ctrl/u_rdfifo/U0/xst_fifo_generator/
gconvfifo.rf/grf.rf/gntv_or_sync_fifo.gl0.wr/gwas.gwdc0.wdc/GND_198_o_GND_198_o_
sub_2_OUT<7>" is sourceless and has been removed.
 Sourceless block
"u_sdram_lcd_top/u_sdram_2fifo_top/u_dcfifo_ctrl/u_rdfifo/U0/xst_fifo_generator/
gconvfifo.rf/grf.rf/gntv_or_sync_fifo.gl0.wr/gwas.gwdc0.wdc/wr_data_count_i_7"
(FF) removed.
The signal
"u_sdram_lcd_top/u_sdram_2fifo_top/u_dcfifo_ctrl/u_rdfifo/U0/xst_fifo_generator/
gconvfifo.rf/grf.rf/gntv_or_sync_fifo.gl0.wr/gwas.gwdc0.wdc/GND_198_o_GND_198_o_
sub_2_OUT<6>" is sourceless and has been removed.
 Sourceless block
"u_sdram_lcd_top/u_sdram_2fifo_top/u_dcfifo_ctrl/u_rdfifo/U0/xst_fifo_generator/
gconvfifo.rf/grf.rf/gntv_or_sync_fifo.gl0.wr/gwas.gwdc0.wdc/wr_data_count_i_6"
(FF) removed.
The signal
"u_sdram_lcd_top/u_sdram_2fifo_top/u_dcfifo_ctrl/u_rdfifo/U0/xst_fifo_generator/
gconvfifo.rf/grf.rf/gntv_or_sync_fifo.gl0.wr/gwas.gwdc0.wdc/GND_198_o_GND_198_o_
sub_2_OUT<5>" is sourceless and has been removed.
 Sourceless block
"u_sdram_lcd_top/u_sdram_2fifo_top/u_dcfifo_ctrl/u_rdfifo/U0/xst_fifo_generator/
gconvfifo.rf/grf.rf/gntv_or_sync_fifo.gl0.wr/gwas.gwdc0.wdc/wr_data_count_i_5"
(FF) removed.
The signal
"u_sdram_lcd_top/u_sdram_2fifo_top/u_dcfifo_ctrl/u_rdfifo/U0/xst_fifo_generator/
gconvfifo.rf/grf.rf/gntv_or_sync_fifo.gl0.wr/gwas.gwdc0.wdc/GND_198_o_GND_198_o_
sub_2_OUT<4>" is sourceless and has been removed.
 Sourceless block
"u_sdram_lcd_top/u_sdram_2fifo_top/u_dcfifo_ctrl/u_rdfifo/U0/xst_fifo_generator/
gconvfifo.rf/grf.rf/gntv_or_sync_fifo.gl0.wr/gwas.gwdc0.wdc/wr_data_count_i_4"
(FF) removed.
The signal
"u_sdram_lcd_top/u_sdram_2fifo_top/u_dcfifo_ctrl/u_rdfifo/U0/xst_fifo_generator/
gconvfifo.rf/grf.rf/gntv_or_sync_fifo.gl0.wr/gwas.gwdc0.wdc/GND_198_o_GND_198_o_
sub_2_OUT<3>" is sourceless and has been removed.
 Sourceless block
"u_sdram_lcd_top/u_sdram_2fifo_top/u_dcfifo_ctrl/u_rdfifo/U0/xst_fifo_generator/
gconvfifo.rf/grf.rf/gntv_or_sync_fifo.gl0.wr/gwas.gwdc0.wdc/wr_data_count_i_3"
(FF) removed.
The signal
"u_sdram_lcd_top/u_sdram_2fifo_top/u_dcfifo_ctrl/u_rdfifo/U0/xst_fifo_generator/
gconvfifo.rf/grf.rf/gntv_or_sync_fifo.gl0.wr/gwas.gwdc0.wdc/GND_198_o_GND_198_o_
sub_2_OUT<2>" is sourceless and has been removed.
 Sourceless block
"u_sdram_lcd_top/u_sdram_2fifo_top/u_dcfifo_ctrl/u_rdfifo/U0/xst_fifo_generator/
gconvfifo.rf/grf.rf/gntv_or_sync_fifo.gl0.wr/gwas.gwdc0.wdc/wr_data_count_i_2"
(FF) removed.
The signal
"u_sdram_lcd_top/u_sdram_2fifo_top/u_dcfifo_ctrl/u_rdfifo/U0/xst_fifo_generator/
gconvfifo.rf/grf.rf/gntv_or_sync_fifo.gl0.wr/gwas.gwdc0.wdc/GND_198_o_GND_198_o_
sub_2_OUT<1>" is sourceless and has been removed.
 Sourceless block
"u_sdram_lcd_top/u_sdram_2fifo_top/u_dcfifo_ctrl/u_rdfifo/U0/xst_fifo_generator/
gconvfifo.rf/grf.rf/gntv_or_sync_fifo.gl0.wr/gwas.gwdc0.wdc/wr_data_count_i_1"
(FF) removed.
The signal
"u_sdram_lcd_top/u_sdram_2fifo_top/u_dcfifo_ctrl/u_rdfifo/U0/xst_fifo_generator/
gconvfifo.rf/grf.rf/gntv_or_sync_fifo.gl0.wr/gwas.gwdc0.wdc/GND_198_o_GND_198_o_
sub_2_OUT<0>" is sourceless and has been removed.
 Sourceless block
"u_sdram_lcd_top/u_sdram_2fifo_top/u_dcfifo_ctrl/u_rdfifo/U0/xst_fifo_generator/
gconvfifo.rf/grf.rf/gntv_or_sync_fifo.gl0.wr/gwas.gwdc0.wdc/wr_data_count_i_0"
(FF) removed.
Unused block
"u_sdram_lcd_top/icon_debug/U0/U_ICON/U_CMD/U_COMMAND_SEL/I4.FI[11].U_LUT" (ROM)
removed.
Unused block
"u_sdram_lcd_top/icon_debug/U0/U_ICON/U_CMD/U_COMMAND_SEL/I4.FI[12].U_LUT" (ROM)
removed.
Unused block
"u_sdram_lcd_top/icon_debug/U0/U_ICON/U_CMD/U_COMMAND_SEL/I4.FI[13].U_LUT" (ROM)
removed.
Unused block
"u_sdram_lcd_top/icon_debug/U0/U_ICON/U_CMD/U_COMMAND_SEL/I4.FI[14].U_LUT" (ROM)
removed.
Unused block
"u_sdram_lcd_top/icon_debug/U0/U_ICON/U_CMD/U_COMMAND_SEL/I4.FI[15].U_LUT" (ROM)
removed.
Unused block
"u_sdram_lcd_top/icon_debug/U0/U_ICON/U_CMD/U_COMMAND_SEL/I4.FI[3].U_LUT" (ROM)
removed.
Unused block
"u_sdram_lcd_top/icon_debug/U0/U_ICON/U_CMD/U_COMMAND_SEL/I4.FI[6].U_LUT" (ROM)
removed.
Unused block
"u_sdram_lcd_top/icon_debug/U0/U_ICON/U_CMD/U_COMMAND_SEL/I4.FI[7].U_LUT" (ROM)
removed.
Unused block
"u_sdram_lcd_top/icon_debug/U0/U_ICON/U_CTRL_OUT/F_NCP[0].F_CMD[10].U_HCE" (ROM)
removed.
Unused block
"u_sdram_lcd_top/icon_debug/U0/U_ICON/U_CTRL_OUT/F_NCP[0].F_CMD[1].U_HCE" (ROM)
removed.
Unused block
"u_sdram_lcd_top/icon_debug/U0/U_ICON/U_CTRL_OUT/F_NCP[0].F_CMD[2].U_HCE" (ROM)
removed.
Unused block
"u_sdram_lcd_top/icon_debug/U0/U_ICON/U_CTRL_OUT/F_NCP[0].F_CMD[4].U_HCE" (ROM)
removed.
Unused block
"u_sdram_lcd_top/icon_debug/U0/U_ICON/U_CTRL_OUT/F_NCP[0].F_CMD[5].U_HCE" (ROM)
removed.
Unused block
"u_sdram_lcd_top/icon_debug/U0/U_ICON/U_CTRL_OUT/F_NCP[0].F_CMD[8].U_HCE" (ROM)
removed.
Unused block
"u_sdram_lcd_top/icon_debug/U0/U_ICON/U_CTRL_OUT/F_NCP[0].F_CMD[9].U_HCE" (ROM)
removed.
Unused block
"u_sdram_lcd_top/u_sdram_2fifo_top/u_dcfifo_ctrl/u_rdfifo/U0/xst_fifo_generator/
gconvfifo.rf/grf.rf/gntv_or_sync_fifo.gl0.rd/gras.grdc1.rdc/Msub_GND_192_o_GND_1
92_o_sub_2_OUT<8:0>_lut<0>" (ROM) removed.
Unused block
"u_sdram_lcd_top/u_sdram_2fifo_top/u_dcfifo_ctrl/u_rdfifo/U0/xst_fifo_generator/
gconvfifo.rf/grf.rf/gntv_or_sync_fifo.gl0.rd/gras.grdc1.rdc/Msub_GND_192_o_GND_1
92_o_sub_2_OUT<8:0>_lut<1>" (ROM) removed.
Unused block
"u_sdram_lcd_top/u_sdram_2fifo_top/u_dcfifo_ctrl/u_rdfifo/U0/xst_fifo_generator/
gconvfifo.rf/grf.rf/gntv_or_sync_fifo.gl0.rd/gras.grdc1.rdc/Msub_GND_192_o_GND_1
92_o_sub_2_OUT<8:0>_lut<2>" (ROM) removed.
Unused block
"u_sdram_lcd_top/u_sdram_2fifo_top/u_dcfifo_ctrl/u_rdfifo/U0/xst_fifo_generator/
gconvfifo.rf/grf.rf/gntv_or_sync_fifo.gl0.rd/gras.grdc1.rdc/Msub_GND_192_o_GND_1
92_o_sub_2_OUT<8:0>_lut<3>" (ROM) removed.
Unused block
"u_sdram_lcd_top/u_sdram_2fifo_top/u_dcfifo_ctrl/u_rdfifo/U0/xst_fifo_generator/
gconvfifo.rf/grf.rf/gntv_or_sync_fifo.gl0.rd/gras.grdc1.rdc/Msub_GND_192_o_GND_1
92_o_sub_2_OUT<8:0>_lut<4>" (ROM) removed.
Unused block
"u_sdram_lcd_top/u_sdram_2fifo_top/u_dcfifo_ctrl/u_rdfifo/U0/xst_fifo_generator/
gconvfifo.rf/grf.rf/gntv_or_sync_fifo.gl0.rd/gras.grdc1.rdc/Msub_GND_192_o_GND_1
92_o_sub_2_OUT<8:0>_lut<5>" (ROM) removed.
Unused block
"u_sdram_lcd_top/u_sdram_2fifo_top/u_dcfifo_ctrl/u_rdfifo/U0/xst_fifo_generator/
gconvfifo.rf/grf.rf/gntv_or_sync_fifo.gl0.rd/gras.grdc1.rdc/Msub_GND_192_o_GND_1
92_o_sub_2_OUT<8:0>_lut<6>" (ROM) removed.
Unused block
"u_sdram_lcd_top/u_sdram_2fifo_top/u_dcfifo_ctrl/u_rdfifo/U0/xst_fifo_generator/
gconvfifo.rf/grf.rf/gntv_or_sync_fifo.gl0.rd/gras.grdc1.rdc/Msub_GND_192_o_GND_1
92_o_sub_2_OUT<8:0>_lut<7>" (ROM) removed.
Unused block
"u_sdram_lcd_top/u_sdram_2fifo_top/u_dcfifo_ctrl/u_rdfifo/U0/xst_fifo_generator/
gconvfifo.rf/grf.rf/gntv_or_sync_fifo.gl0.rd/gras.grdc1.rdc/Msub_GND_192_o_GND_1
92_o_sub_2_OUT<8:0>_lut<8>" (ROM) removed.
Unused block
"u_sdram_lcd_top/u_sdram_2fifo_top/u_dcfifo_ctrl/u_rdfifo/U0/xst_fifo_generator/
gconvfifo.rf/grf.rf/gntv_or_sync_fifo.gl0.rd/gras.rsts/ram_empty_i" (FF)
removed.
Unused block
"u_sdram_lcd_top/u_sdram_2fifo_top/u_dcfifo_ctrl/u_rdfifo/U0/xst_fifo_generator/
gconvfifo.rf/grf.rf/gntv_or_sync_fifo.gl0.wr/gwas.gwdc0.wdc/Msub_GND_198_o_GND_1
98_o_sub_2_OUT<8:0>_xor<0>" (XOR) removed.
Unused block
"u_sdram_lcd_top/u_sdram_2fifo_top/u_dcfifo_ctrl/u_rdfifo/U0/xst_fifo_generator/
gconvfifo.rf/grf.rf/gntv_or_sync_fifo.gl0.wr/gwas.gwdc0.wdc/Msub_GND_198_o_GND_1
98_o_sub_2_OUT<8:0>_xor<1>" (XOR) removed.
Unused block
"u_sdram_lcd_top/u_sdram_2fifo_top/u_dcfifo_ctrl/u_rdfifo/U0/xst_fifo_generator/
gconvfifo.rf/grf.rf/gntv_or_sync_fifo.gl0.wr/gwas.gwdc0.wdc/Msub_GND_198_o_GND_1
98_o_sub_2_OUT<8:0>_xor<2>" (XOR) removed.
Unused block
"u_sdram_lcd_top/u_sdram_2fifo_top/u_dcfifo_ctrl/u_rdfifo/U0/xst_fifo_generator/
gconvfifo.rf/grf.rf/gntv_or_sync_fifo.gl0.wr/gwas.gwdc0.wdc/Msub_GND_198_o_GND_1
98_o_sub_2_OUT<8:0>_xor<3>" (XOR) removed.
Unused block
"u_sdram_lcd_top/u_sdram_2fifo_top/u_dcfifo_ctrl/u_rdfifo/U0/xst_fifo_generator/
gconvfifo.rf/grf.rf/gntv_or_sync_fifo.gl0.wr/gwas.gwdc0.wdc/Msub_GND_198_o_GND_1
98_o_sub_2_OUT<8:0>_xor<4>" (XOR) removed.
Unused block
"u_sdram_lcd_top/u_sdram_2fifo_top/u_dcfifo_ctrl/u_rdfifo/U0/xst_fifo_generator/
gconvfifo.rf/grf.rf/gntv_or_sync_fifo.gl0.wr/gwas.gwdc0.wdc/Msub_GND_198_o_GND_1
98_o_sub_2_OUT<8:0>_xor<5>" (XOR) removed.
Unused block
"u_sdram_lcd_top/u_sdram_2fifo_top/u_dcfifo_ctrl/u_rdfifo/U0/xst_fifo_generator/
gconvfifo.rf/grf.rf/gntv_or_sync_fifo.gl0.wr/gwas.gwdc0.wdc/Msub_GND_198_o_GND_1
98_o_sub_2_OUT<8:0>_xor<6>" (XOR) removed.
Unused block
"u_sdram_lcd_top/u_sdram_2fifo_top/u_dcfifo_ctrl/u_rdfifo/U0/xst_fifo_generator/
gconvfifo.rf/grf.rf/gntv_or_sync_fifo.gl0.wr/gwas.gwdc0.wdc/Msub_GND_198_o_GND_1
98_o_sub_2_OUT<8:0>_xor<7>" (XOR) removed.
Unused block
"u_sdram_lcd_top/u_sdram_2fifo_top/u_dcfifo_ctrl/u_rdfifo/U0/xst_fifo_generator/
gconvfifo.rf/grf.rf/gntv_or_sync_fifo.gl0.wr/gwas.wsts/ram_full_i" (FF) removed.
Unused block
"u_sdram_lcd_top/u_sdram_2fifo_top/u_dcfifo_ctrl/u_wrfifo/U0/xst_fifo_generator/
gconvfifo.rf/grf.rf/gntv_or_sync_fifo.gl0.rd/gras.grdc1.rdc/Msub_GND_192_o_GND_1
92_o_sub_2_OUT<8:0>_xor<0>" (XOR) removed.
Unused block
"u_sdram_lcd_top/u_sdram_2fifo_top/u_dcfifo_ctrl/u_wrfifo/U0/xst_fifo_generator/
gconvfifo.rf/grf.rf/gntv_or_sync_fifo.gl0.rd/gras.grdc1.rdc/Msub_GND_192_o_GND_1
92_o_sub_2_OUT<8:0>_xor<1>" (XOR) removed.
Unused block
"u_sdram_lcd_top/u_sdram_2fifo_top/u_dcfifo_ctrl/u_wrfifo/U0/xst_fifo_generator/
gconvfifo.rf/grf.rf/gntv_or_sync_fifo.gl0.rd/gras.grdc1.rdc/Msub_GND_192_o_GND_1
92_o_sub_2_OUT<8:0>_xor<2>" (XOR) removed.
Unused block
"u_sdram_lcd_top/u_sdram_2fifo_top/u_dcfifo_ctrl/u_wrfifo/U0/xst_fifo_generator/
gconvfifo.rf/grf.rf/gntv_or_sync_fifo.gl0.rd/gras.grdc1.rdc/Msub_GND_192_o_GND_1
92_o_sub_2_OUT<8:0>_xor<3>" (XOR) removed.
Unused block
"u_sdram_lcd_top/u_sdram_2fifo_top/u_dcfifo_ctrl/u_wrfifo/U0/xst_fifo_generator/
gconvfifo.rf/grf.rf/gntv_or_sync_fifo.gl0.rd/gras.grdc1.rdc/Msub_GND_192_o_GND_1
92_o_sub_2_OUT<8:0>_xor<4>" (XOR) removed.
Unused block
"u_sdram_lcd_top/u_sdram_2fifo_top/u_dcfifo_ctrl/u_wrfifo/U0/xst_fifo_generator/
gconvfifo.rf/grf.rf/gntv_or_sync_fifo.gl0.rd/gras.grdc1.rdc/Msub_GND_192_o_GND_1
92_o_sub_2_OUT<8:0>_xor<5>" (XOR) removed.
Unused block
"u_sdram_lcd_top/u_sdram_2fifo_top/u_dcfifo_ctrl/u_wrfifo/U0/xst_fifo_generator/
gconvfifo.rf/grf.rf/gntv_or_sync_fifo.gl0.rd/gras.grdc1.rdc/Msub_GND_192_o_GND_1
92_o_sub_2_OUT<8:0>_xor<6>" (XOR) removed.
Unused block
"u_sdram_lcd_top/u_sdram_2fifo_top/u_dcfifo_ctrl/u_wrfifo/U0/xst_fifo_generator/
gconvfifo.rf/grf.rf/gntv_or_sync_fifo.gl0.rd/gras.grdc1.rdc/Msub_GND_192_o_GND_1
92_o_sub_2_OUT<8:0>_xor<7>" (XOR) removed.
Unused block
"u_sdram_lcd_top/u_sdram_2fifo_top/u_dcfifo_ctrl/u_wrfifo/U0/xst_fifo_generator/
gconvfifo.rf/grf.rf/gntv_or_sync_fifo.gl0.rd/gras.rsts/ram_empty_i" (FF)
removed.
Unused block
"u_sdram_lcd_top/u_sdram_2fifo_top/u_dcfifo_ctrl/u_wrfifo/U0/xst_fifo_generator/
gconvfifo.rf/grf.rf/gntv_or_sync_fifo.gl0.wr/gwas.gwdc0.wdc/Msub_GND_198_o_GND_1
98_o_sub_2_OUT<8:0>_lut<0>" (ROM) removed.
Unused block
"u_sdram_lcd_top/u_sdram_2fifo_top/u_dcfifo_ctrl/u_wrfifo/U0/xst_fifo_generator/
gconvfifo.rf/grf.rf/gntv_or_sync_fifo.gl0.wr/gwas.gwdc0.wdc/Msub_GND_198_o_GND_1
98_o_sub_2_OUT<8:0>_lut<1>" (ROM) removed.
Unused block
"u_sdram_lcd_top/u_sdram_2fifo_top/u_dcfifo_ctrl/u_wrfifo/U0/xst_fifo_generator/
gconvfifo.rf/grf.rf/gntv_or_sync_fifo.gl0.wr/gwas.gwdc0.wdc/Msub_GND_198_o_GND_1
98_o_sub_2_OUT<8:0>_lut<2>" (ROM) removed.
Unused block
"u_sdram_lcd_top/u_sdram_2fifo_top/u_dcfifo_ctrl/u_wrfifo/U0/xst_fifo_generator/
gconvfifo.rf/grf.rf/gntv_or_sync_fifo.gl0.wr/gwas.gwdc0.wdc/Msub_GND_198_o_GND_1
98_o_sub_2_OUT<8:0>_lut<3>" (ROM) removed.
Unused block
"u_sdram_lcd_top/u_sdram_2fifo_top/u_dcfifo_ctrl/u_wrfifo/U0/xst_fifo_generator/
gconvfifo.rf/grf.rf/gntv_or_sync_fifo.gl0.wr/gwas.gwdc0.wdc/Msub_GND_198_o_GND_1
98_o_sub_2_OUT<8:0>_lut<4>" (ROM) removed.
Unused block
"u_sdram_lcd_top/u_sdram_2fifo_top/u_dcfifo_ctrl/u_wrfifo/U0/xst_fifo_generator/
gconvfifo.rf/grf.rf/gntv_or_sync_fifo.gl0.wr/gwas.gwdc0.wdc/Msub_GND_198_o_GND_1
98_o_sub_2_OUT<8:0>_lut<5>" (ROM) removed.
Unused block
"u_sdram_lcd_top/u_sdram_2fifo_top/u_dcfifo_ctrl/u_wrfifo/U0/xst_fifo_generator/
gconvfifo.rf/grf.rf/gntv_or_sync_fifo.gl0.wr/gwas.gwdc0.wdc/Msub_GND_198_o_GND_1
98_o_sub_2_OUT<8:0>_lut<6>" (ROM) removed.
Unused block
"u_sdram_lcd_top/u_sdram_2fifo_top/u_dcfifo_ctrl/u_wrfifo/U0/xst_fifo_generator/
gconvfifo.rf/grf.rf/gntv_or_sync_fifo.gl0.wr/gwas.gwdc0.wdc/Msub_GND_198_o_GND_1
98_o_sub_2_OUT<8:0>_lut<7>" (ROM) removed.
Unused block
"u_sdram_lcd_top/u_sdram_2fifo_top/u_dcfifo_ctrl/u_wrfifo/U0/xst_fifo_generator/
gconvfifo.rf/grf.rf/gntv_or_sync_fifo.gl0.wr/gwas.gwdc0.wdc/Msub_GND_198_o_GND_1
98_o_sub_2_OUT<8:0>_lut<8>" (ROM) removed.
Unused block
"u_sdram_lcd_top/u_sdram_2fifo_top/u_dcfifo_ctrl/u_wrfifo/U0/xst_fifo_generator/
gconvfifo.rf/grf.rf/gntv_or_sync_fifo.gl0.wr/gwas.wsts/ram_full_i" (FF) removed.

Optimized Block(s):
TYPE 		BLOCK
GND 		XST_GND
VCC 		XST_VCC
GND 		u_sdram_lcd_top/icon_debug/XST_GND
VCC 		u_sdram_lcd_top/icon_debug/XST_VCC
LUT4
		u_sdram_lcd_top/ila_filter_debug/U0/I_NO_D.U_ILA/U_STAT/F_SSTAT[6].I_STAT.U_ST
AT
   optimized to 0
GND 		u_sdram_lcd_top/ila_filter_debug/XST_GND
VCC 		u_sdram_lcd_top/ila_filter_debug/XST_VCC
GND
		u_sdram_lcd_top/u_sdram_2fifo_top/u_dcfifo_ctrl/u_rdfifo/U0/xst_fifo_generator
/gconvfifo.rf/grf.rf/gntv_or_sync_fifo.mem/gbm.gbmg.gbmga.ngecc.bmg/gnativebmg.n
ative_blk_mem_gen/valid.cstr/XST_GND
GND 		u_sdram_lcd_top/u_sdram_2fifo_top/u_dcfifo_ctrl/u_rdfifo/XST_GND
VCC 		u_sdram_lcd_top/u_sdram_2fifo_top/u_dcfifo_ctrl/u_rdfifo/XST_VCC
GND
		u_sdram_lcd_top/u_sdram_2fifo_top/u_dcfifo_ctrl/u_wrfifo/U0/xst_fifo_generator
/gconvfifo.rf/grf.rf/gntv_or_sync_fifo.mem/gbm.gbmg.gbmga.ngecc.bmg/gnativebmg.n
ative_blk_mem_gen/valid.cstr/XST_GND
GND 		u_sdram_lcd_top/u_sdram_2fifo_top/u_dcfifo_ctrl/u_wrfifo/XST_GND
VCC 		u_sdram_lcd_top/u_sdram_2fifo_top/u_dcfifo_ctrl/u_wrfifo/XST_VCC

To enable printing of redundant blocks removed and signals merged, set the
detailed map report option and rerun map.

Section 11 - Timing Report
--------------------------
INFO:Timing:3284 - This timing report was generated using estimated delay 
   information.  For accurate numbers, please refer to the post Place and Route 
   timing report.
Number of Timing Constraints that were not applied: 2

Asterisk (*) preceding a constraint indicates it was not met.
   This may be due to a setup or hold violation.

----------------------------------------------------------------------------------------------------------
  Constraint                                |    Check    | Worst Case |  Best Case | Timing |   Timing   
                                            |             |    Slack   | Achievable | Errors |    Score   
----------------------------------------------------------------------------------------------------------
* TS_u_system_ctrl_u_sdram_pll_clkout1 = PE | SETUP       |    -0.724ns|    16.510ns|     256|       44460
  RIOD TIMEGRP "u_system_ctrl_u_sdram_pll_c | HOLD        |    -0.113ns|            |      33|        1825
  lkout1" TS_sys_clk_pin * 2 HIGH 50%       |             |            |            |        |            
----------------------------------------------------------------------------------------------------------
* TS_u_system_ctrl_u_sdram_pll_clkout0 = PE | SETUP       |    -0.408ns|   151.915ns|      15|        2111
  RIOD TIMEGRP "u_system_ctrl_u_sdram_pll_c | HOLD        |     0.216ns|            |       0|           0
  lkout0" TS_sys_clk_pin * 0.18 HIGH 50%    |             |            |            |        |            
----------------------------------------------------------------------------------------------------------
  TS_u_system_ctrl_u_sdram_pll_clkout3 = PE | SETUP       |     0.775ns|    26.054ns|       0|           0
  RIOD TIMEGRP "u_system_ctrl_u_sdram_pll_c | HOLD        |     0.141ns|            |       0|           0
  lkout3" TS_sys_clk_pin * 0.5 HIGH 50%     |             |            |            |        |            
----------------------------------------------------------------------------------------------------------
  TS_u_system_ctrl_u_sdram_pll_clkout2 = PE | MINPERIOD   |     7.334ns|     2.666ns|       0|           0
  RIOD TIMEGRP "u_system_ctrl_u_sdram_pll_c |             |            |            |        |            
  lkout2" TS_sys_clk_pin * 2 HIGH 50%       |             |            |            |        |            
----------------------------------------------------------------------------------------------------------
  TS_sys_clk_pin = PERIOD TIMEGRP "sys_clk_ | MINLOWPULSE |    15.000ns|     5.000ns|       0|           0
  pin" 50 MHz HIGH 50%                      |             |            |            |        |            
----------------------------------------------------------------------------------------------------------


Derived Constraint Report
Review Timing Report for more details on the following derived constraints.
To create a Timing Report, run "trce -v 12 -fastpaths -o design_timing_report design.ncd design.pcf"
or "Run Timing Analysis" from Timing Analyzer (timingan).
Derived Constraints for TS_sys_clk_pin
+-------------------------------+-------------+-------------+-------------+-------------+-------------+-------------+-------------+
|                               |   Period    |       Actual Period       |      Timing Errors        |      Paths Analyzed       |
|           Constraint          | Requirement |-------------+-------------|-------------+-------------|-------------+-------------|
|                               |             |   Direct    | Derivative  |   Direct    | Derivative  |   Direct    | Derivative  |
+-------------------------------+-------------+-------------+-------------+-------------+-------------+-------------+-------------+
|TS_sys_clk_pin                 |     20.000ns|      5.000ns|     33.020ns|            0|          304|            0|        19907|
| TS_u_system_ctrl_u_sdram_pll_c|     10.000ns|      2.666ns|          N/A|            0|            0|            0|            0|
| lkout2                        |             |             |             |             |             |             |             |
| TS_u_system_ctrl_u_sdram_pll_c|    111.111ns|    151.915ns|          N/A|           15|            0|         3968|            0|
| lkout0                        |             |             |             |             |             |             |             |
| TS_u_system_ctrl_u_sdram_pll_c|     10.000ns|     16.510ns|          N/A|          289|            0|        15458|            0|
| lkout1                        |             |             |             |             |             |             |             |
| TS_u_system_ctrl_u_sdram_pll_c|     40.000ns|     26.054ns|          N/A|            0|            0|          481|            0|
| lkout3                        |             |             |             |             |             |             |             |
+-------------------------------+-------------+-------------+-------------+-------------+-------------+-------------+-------------+

2 constraints not met.



Section 6 - IOB Properties
--------------------------

+---------------------------------------------------------------------------------------------------------------------------------------------------------+
| IOB Name                           | Type             | Direction | IO Standard          | Diff  | Drive    | Slew | Reg (s)      | Resistor | IOB      |
|                                    |                  |           |                      | Term  | Strength | Rate |              |          | Delay    |
+---------------------------------------------------------------------------------------------------------------------------------------------------------+
| S_A<0>                             | IOB              | OUTPUT    | LVCMOS33             |       | 12       | SLOW |              |          |          |
| S_A<1>                             | IOB              | OUTPUT    | LVCMOS33             |       | 12       | SLOW |              |          |          |
| S_A<2>                             | IOB              | OUTPUT    | LVCMOS33             |       | 12       | SLOW |              |          |          |
| S_A<3>                             | IOB              | OUTPUT    | LVCMOS33             |       | 12       | SLOW |              |          |          |
| S_A<4>                             | IOB              | OUTPUT    | LVCMOS33             |       | 12       | SLOW |              |          |          |
| S_A<5>                             | IOB              | OUTPUT    | LVCMOS33             |       | 12       | SLOW |              |          |          |
| S_A<6>                             | IOB              | OUTPUT    | LVCMOS33             |       | 12       | SLOW |              |          |          |
| S_A<7>                             | IOB              | OUTPUT    | LVCMOS33             |       | 12       | SLOW |              |          |          |
| S_A<8>                             | IOB              | OUTPUT    | LVCMOS33             |       | 12       | SLOW |              |          |          |
| S_A<9>                             | IOB              | OUTPUT    | LVCMOS33             |       | 12       | SLOW |              |          |          |
| S_A<10>                            | IOB              | OUTPUT    | LVCMOS33             |       | 12       | SLOW |              |          |          |
| S_A<11>                            | IOB              | OUTPUT    | LVCMOS33             |       | 12       | SLOW |              |          |          |
| S_A<12>                            | IOB              | OUTPUT    | LVCMOS33             |       | 12       | SLOW |              |          |          |
| S_BA<0>                            | IOB              | OUTPUT    | LVCMOS33             |       | 12       | SLOW |              |          |          |
| S_BA<1>                            | IOB              | OUTPUT    | LVCMOS33             |       | 12       | SLOW |              |          |          |
| S_CKE                              | IOB              | OUTPUT    | LVCMOS33             |       | 12       | SLOW | OFF          |          |          |
| S_CLK                              | IOB              | OUTPUT    | LVCMOS33             |       | 12       | SLOW | ODDR         |          |          |
| S_DB<0>                            | IOB              | BIDIR     | LVCMOS33             |       | 12       | SLOW |              |          |          |
| S_DB<1>                            | IOB              | BIDIR     | LVCMOS33             |       | 12       | SLOW |              |          |          |
| S_DB<2>                            | IOB              | BIDIR     | LVCMOS33             |       | 12       | SLOW |              |          |          |
| S_DB<3>                            | IOB              | BIDIR     | LVCMOS33             |       | 12       | SLOW |              |          |          |
| S_DB<4>                            | IOB              | BIDIR     | LVCMOS33             |       | 12       | SLOW |              |          |          |
| S_DB<5>                            | IOB              | BIDIR     | LVCMOS33             |       | 12       | SLOW |              |          |          |
| S_DB<6>                            | IOB              | BIDIR     | LVCMOS33             |       | 12       | SLOW |              |          |          |
| S_DB<7>                            | IOB              | BIDIR     | LVCMOS33             |       | 12       | SLOW |              |          |          |
| S_DB<8>                            | IOB              | BIDIR     | LVCMOS33             |       | 12       | SLOW |              |          |          |
| S_DB<9>                            | IOB              | BIDIR     | LVCMOS33             |       | 12       | SLOW |              |          |          |
| S_DB<10>                           | IOB              | BIDIR     | LVCMOS33             |       | 12       | SLOW |              |          |          |
| S_DB<11>                           | IOB              | BIDIR     | LVCMOS33             |       | 12       | SLOW |              |          |          |
| S_DB<12>                           | IOB              | BIDIR     | LVCMOS33             |       | 12       | SLOW |              |          |          |
| S_DB<13>                           | IOB              | BIDIR     | LVCMOS33             |       | 12       | SLOW |              |          |          |
| S_DB<14>                           | IOB              | BIDIR     | LVCMOS33             |       | 12       | SLOW |              |          |          |
| S_DB<15>                           | IOB              | BIDIR     | LVCMOS33             |       | 12       | SLOW |              |          |          |
| S_DQM<0>                           | IOB              | OUTPUT    | LVCMOS33             |       | 12       | SLOW |              |          |          |
| S_DQM<1>                           | IOB              | OUTPUT    | LVCMOS33             |       | 12       | SLOW |              |          |          |
| S_NCAS                             | IOB              | OUTPUT    | LVCMOS33             |       | 12       | SLOW |              |          |          |
| S_NCS                              | IOB              | OUTPUT    | LVCMOS33             |       | 12       | SLOW | OFF          |          |          |
| S_NRAS                             | IOB              | OUTPUT    | LVCMOS33             |       | 12       | SLOW |              |          |          |
| S_NWE                              | IOB              | OUTPUT    | LVCMOS33             |       | 12       | SLOW |              |          |          |
| clk_50M                            | IOB              | INPUT     | LVCMOS25             |       |          |      |              |          |          |
| flash_clk                          | IOB              | OUTPUT    | LVCMOS33             |       | 12       | SLOW |              |          |          |
| flash_cs                           | IOB              | OUTPUT    | LVCMOS33             |       | 12       | SLOW |              |          |          |
| flash_datain                       | IOB              | OUTPUT    | LVCMOS33             |       | 12       | SLOW |              |          |          |
| flash_dataout                      | IOB              | INPUT     | LVCMOS33             |       |          |      |              |          |          |
| key1                               | IOB              | INPUT     | LVCMOS33             |       |          |      |              |          |          |
| lcd_b<0>                           | IOB              | OUTPUT    | LVCMOS33             |       | 12       | SLOW |              |          |          |
| lcd_b<1>                           | IOB              | OUTPUT    | LVCMOS33             |       | 12       | SLOW |              |          |          |
| lcd_b<2>                           | IOB              | OUTPUT    | LVCMOS33             |       | 12       | SLOW |              |          |          |
| lcd_b<3>                           | IOB              | OUTPUT    | LVCMOS33             |       | 12       | SLOW |              |          |          |
| lcd_b<4>                           | IOB              | OUTPUT    | LVCMOS33             |       | 12       | SLOW |              |          |          |
| lcd_b<5>                           | IOB              | OUTPUT    | LVCMOS33             |       | 12       | SLOW |              |          |          |
| lcd_b<6>                           | IOB              | OUTPUT    | LVCMOS33             |       | 12       | SLOW |              |          |          |
| lcd_b<7>                           | IOB              | OUTPUT    | LVCMOS33             |       | 12       | SLOW |              |          |          |
| lcd_dclk                           | IOB              | OUTPUT    | LVCMOS33             |       | 12       | SLOW |              |          |          |
| lcd_de                             | IOB              | OUTPUT    | LVCMOS33             |       | 12       | SLOW |              |          |          |
| lcd_g<0>                           | IOB              | OUTPUT    | LVCMOS33             |       | 12       | SLOW |              |          |          |
| lcd_g<1>                           | IOB              | OUTPUT    | LVCMOS33             |       | 12       | SLOW |              |          |          |
| lcd_g<2>                           | IOB              | OUTPUT    | LVCMOS33             |       | 12       | SLOW |              |          |          |
| lcd_g<3>                           | IOB              | OUTPUT    | LVCMOS33             |       | 12       | SLOW |              |          |          |
| lcd_g<4>                           | IOB              | OUTPUT    | LVCMOS33             |       | 12       | SLOW |              |          |          |
| lcd_g<5>                           | IOB              | OUTPUT    | LVCMOS33             |       | 12       | SLOW |              |          |          |
| lcd_g<6>                           | IOB              | OUTPUT    | LVCMOS33             |       | 12       | SLOW |              |          |          |
| lcd_g<7>                           | IOB              | OUTPUT    | LVCMOS33             |       | 12       | SLOW |              |          |          |
| lcd_hsync                          | IOB              | OUTPUT    | LVCMOS33             |       | 12       | SLOW |              |          |          |
| lcd_r<0>                           | IOB              | OUTPUT    | LVCMOS33             |       | 12       | SLOW |              |          |          |
| lcd_r<1>                           | IOB              | OUTPUT    | LVCMOS33             |       | 12       | SLOW |              |          |          |
| lcd_r<2>                           | IOB              | OUTPUT    | LVCMOS33             |       | 12       | SLOW |              |          |          |
| lcd_r<3>                           | IOB              | OUTPUT    | LVCMOS33             |       | 12       | SLOW |              |          |          |
| lcd_r<4>                           | IOB              | OUTPUT    | LVCMOS33             |       | 12       | SLOW |              |          |          |
| lcd_r<5>                           | IOB              | OUTPUT    | LVCMOS33             |       | 12       | SLOW |              |          |          |
| lcd_r<6>                           | IOB              | OUTPUT    | LVCMOS33             |       | 12       | SLOW |              |          |          |
| lcd_r<7>                           | IOB              | OUTPUT    | LVCMOS33             |       | 12       | SLOW |              |          |          |
| lcd_vsync                          | IOB              | OUTPUT    | LVCMOS33             |       | 12       | SLOW |              |          |          |
| reset_n                            | IOB              | INPUT     | LVCMOS33             |       |          |      |              |          |          |
+---------------------------------------------------------------------------------------------------------------------------------------------------------+

Section 7 - RPMs
----------------

Section 8 - Guide Report
------------------------
Guide not run on this design.

Section 9 - Area Group and Partition Summary
--------------------------------------------

Partition Implementation Status
-------------------------------

  No Partitions were found in this design.

-------------------------------

Area Group Information
----------------------

  No area groups were found in this design.

----------------------

Section 10 - Timing Report
--------------------------
A logic-level (pre-route) timing report can be generated by using Xilinx static
timing analysis tools, Timing Analyzer (GUI) or TRCE (command line), with the
mapped NCD and PCF files. Please note that this timing report will be generated
using estimated delay information. For accurate numbers, please generate a
timing report with the post Place and Route NCD file.

For more information about the Timing Analyzer, consult the Xilinx Timing
Analyzer Reference Manual; for more information about TRCE, consult the Xilinx
Command Line Tools User Guide "TRACE" chapter.

Section 11 - Configuration String Details
-----------------------------------------
Use the "-detail" map option to print out Configuration Strings

Section 12 - Control Set Information
------------------------------------
Use the "-detail" map option to print out Control Set Information.

Section 13 - Utilization by Hierarchy
-------------------------------------
Use the "-detail" map option to print out the Utilization by Hierarchy section.
