Release 14.7 Map P.20131013 (nt64)
Xilinx Mapping Report File for Design 'sdram_ov7670_vga'

Design Information
------------------
Command Line   : map -intstyle ise -p xc6slx9-ftg256-2 -w -logic_opt off -ol
high -t 1 -xt 0 -register_duplication off -r 4 -global_opt off -mt off -ir off
-pr off -lc off -power off -o sdram_ov7670_vga_map.ncd sdram_ov7670_vga.ngd
sdram_ov7670_vga.pcf 
Target Device  : xc6slx9
Target Package : ftg256
Target Speed   : -2
Mapper Version : spartan6 -- $Revision: 1.55 $
Mapped Date    : Tue Jun 02 15:36:36 2015

Design Summary
--------------
Number of errors:      0
Number of warnings:   41
Slice Logic Utilization:
  Number of Slice Registers:                   542 out of  11,440    4%
    Number used as Flip Flops:                 542
    Number used as Latches:                      0
    Number used as Latch-thrus:                  0
    Number used as AND/OR logics:                0
  Number of Slice LUTs:                        889 out of   5,720   15%
    Number used as logic:                      668 out of   5,720   11%
      Number using O6 output only:             436
      Number using O5 output only:              53
      Number using O5 and O6:                  179
      Number used as ROM:                        0
    Number used as Memory:                     176 out of   1,440   12%
      Number used as Dual Port RAM:            176
        Number using O6 output only:           176
        Number using O5 output only:             0
        Number using O5 and O6:                  0
      Number used as Single Port RAM:            0
      Number used as Shift Register:             0
    Number used exclusively as route-thrus:     45
      Number with same-slice register load:     40
      Number with same-slice carry load:         5
      Number with other load:                    0

Slice Logic Distribution:
  Number of occupied Slices:                   344 out of   1,430   24%
  Number of MUXCYs used:                       216 out of   2,860    7%
  Number of LUT Flip Flop pairs used:        1,019
    Number with an unused Flip Flop:           556 out of   1,019   54%
    Number with an unused LUT:                 130 out of   1,019   12%
    Number of fully used LUT-FF pairs:         333 out of   1,019   32%
    Number of unique control sets:              67
    Number of slice register sites lost
      to control set restrictions:             314 out of  11,440    2%

  A LUT Flip Flop pair for this architecture represents one LUT paired with
  one Flip Flop within a slice.  A control set is a unique combination of
  clock, reset, set, and enable signals for a registered element.
  The Slice Logic Distribution report is not meaningful if the design is
  over-mapped for a non-slice resource or if Placement fails.

IO Utilization:
  Number of bonded IOBs:                        73 out of     186   39%
    Number of LOCed IOBs:                       73 out of      73  100%
    IOB Flip Flops:                              2

Specific Feature Utilization:
  Number of RAMB16BWERs:                         0 out of      32    0%
  Number of RAMB8BWERs:                          1 out of      64    1%
  Number of BUFIO2/BUFIO2_2CLKs:                 1 out of      32    3%
    Number used as BUFIO2s:                      1
    Number used as BUFIO2_2CLKs:                 0
  Number of BUFIO2FB/BUFIO2FB_2CLKs:             1 out of      32    3%
    Number used as BUFIO2FBs:                    1
    Number used as BUFIO2FB_2CLKs:               0
  Number of BUFG/BUFGMUXs:                       6 out of      16   37%
    Number used as BUFGs:                        6
    Number used as BUFGMUX:                      0
  Number of DCM/DCM_CLKGENs:                     1 out of       4   25%
    Number used as DCMs:                         1
    Number used as DCM_CLKGENs:                  0
  Number of ILOGIC2/ISERDES2s:                   0 out of     200    0%
  Number of IODELAY2/IODRP2/IODRP2_MCBs:         0 out of     200    0%
  Number of OLOGIC2/OSERDES2s:                   2 out of     200    1%
    Number used as OLOGIC2s:                     2
    Number used as OSERDES2s:                    0
  Number of BSCANs:                              0 out of       4    0%
  Number of BUFHs:                               0 out of     128    0%
  Number of BUFPLLs:                             0 out of       8    0%
  Number of BUFPLL_MCBs:                         0 out of       4    0%
  Number of DSP48A1s:                            0 out of      16    0%
  Number of ICAPs:                               0 out of       1    0%
  Number of MCBs:                                0 out of       2    0%
  Number of PCILOGICSEs:                         0 out of       2    0%
  Number of PLL_ADVs:                            0 out of       2    0%
  Number of PMVs:                                0 out of       1    0%
  Number of STARTUPs:                            0 out of       1    0%
  Number of SUSPEND_SYNCs:                       0 out of       1    0%

Average Fanout of Non-Clock Nets:                4.56

Peak Memory Usage:  387 MB
Total REAL time to MAP completion:  9 secs 
Total CPU time to MAP completion:   9 secs 

Table of Contents
-----------------
Section 1 - Errors
Section 2 - Warnings
Section 3 - Informational
Section 4 - Removed Logic Summary
Section 5 - Removed Logic
Section 6 - IOB Properties
Section 7 - RPMs
Section 8 - Guide Report
Section 9 - Area Group and Partition Summary
Section 10 - Timing Report
Section 11 - Configuration String Information
Section 12 - Control Set Information
Section 13 - Utilization by Hierarchy

Section 1 - Errors
------------------

Section 2 - Warnings
--------------------
WARNING:PhysDesignRules:367 - The signal
   <u_sdram_vga_top/u_sdram_2fifo_top/u_dcfifo_ctrl/u_rdfifo/U0/xst_fifo_generat
   or/gconvfifo.rf/grf.rf/gntv_or_sync_fifo.mem/gdm.dm/Mram_RAM14_RAMD_O> is
   incomplete. The signal does not drive any load pins in the design.
WARNING:PhysDesignRules:367 - The signal
   <u_sdram_vga_top/u_sdram_2fifo_top/u_dcfifo_ctrl/u_rdfifo/U0/xst_fifo_generat
   or/gconvfifo.rf/grf.rf/gntv_or_sync_fifo.mem/gdm.dm/Mram_RAM16_RAMD_O> is
   incomplete. The signal does not drive any load pins in the design.
WARNING:PhysDesignRules:367 - The signal
   <u_sdram_vga_top/u_sdram_2fifo_top/u_dcfifo_ctrl/u_rdfifo/U0/xst_fifo_generat
   or/gconvfifo.rf/grf.rf/gntv_or_sync_fifo.mem/gdm.dm/Mram_RAM15_RAMD_O> is
   incomplete. The signal does not drive any load pins in the design.
WARNING:PhysDesignRules:367 - The signal
   <u_sdram_vga_top/u_sdram_2fifo_top/u_dcfifo_ctrl/u_rdfifo/U0/xst_fifo_generat
   or/gconvfifo.rf/grf.rf/gntv_or_sync_fifo.mem/gdm.dm/Mram_RAM13_RAMD_O> is
   incomplete. The signal does not drive any load pins in the design.
WARNING:PhysDesignRules:367 - The signal
   <u_sdram_vga_top/u_sdram_2fifo_top/u_dcfifo_ctrl/u_rdfifo/U0/xst_fifo_generat
   or/gconvfifo.rf/grf.rf/gntv_or_sync_fifo.mem/gdm.dm/Mram_RAM7_RAMD_O> is
   incomplete. The signal does not drive any load pins in the design.
WARNING:PhysDesignRules:367 - The signal
   <u_sdram_vga_top/u_sdram_2fifo_top/u_dcfifo_ctrl/u_rdfifo/U0/xst_fifo_generat
   or/gconvfifo.rf/grf.rf/gntv_or_sync_fifo.mem/gdm.dm/Mram_RAM8_RAMD_O> is
   incomplete. The signal does not drive any load pins in the design.
WARNING:PhysDesignRules:367 - The signal
   <u_sdram_vga_top/u_sdram_2fifo_top/u_dcfifo_ctrl/u_rdfifo/U0/xst_fifo_generat
   or/gconvfifo.rf/grf.rf/gntv_or_sync_fifo.mem/gdm.dm/Mram_RAM19_RAMD_O> is
   incomplete. The signal does not drive any load pins in the design.
WARNING:PhysDesignRules:367 - The signal
   <u_sdram_vga_top/u_sdram_2fifo_top/u_dcfifo_ctrl/u_rdfifo/U0/xst_fifo_generat
   or/gconvfifo.rf/grf.rf/gntv_or_sync_fifo.mem/gdm.dm/Mram_RAM17_RAMD_O> is
   incomplete. The signal does not drive any load pins in the design.
WARNING:PhysDesignRules:367 - The signal
   <u_sdram_vga_top/u_sdram_2fifo_top/u_dcfifo_ctrl/u_rdfifo/U0/xst_fifo_generat
   or/gconvfifo.rf/grf.rf/gntv_or_sync_fifo.mem/gdm.dm/Mram_RAM21_RAMD_O> is
   incomplete. The signal does not drive any load pins in the design.
WARNING:PhysDesignRules:367 - The signal
   <u_sdram_vga_top/u_sdram_2fifo_top/u_dcfifo_ctrl/u_rdfifo/U0/xst_fifo_generat
   or/gconvfifo.rf/grf.rf/gntv_or_sync_fifo.mem/gdm.dm/Mram_RAM20_RAMD_O> is
   incomplete. The signal does not drive any load pins in the design.
WARNING:PhysDesignRules:367 - The signal
   <u_sdram_vga_top/u_sdram_2fifo_top/u_dcfifo_ctrl/u_rdfifo/U0/xst_fifo_generat
   or/gconvfifo.rf/grf.rf/gntv_or_sync_fifo.mem/gdm.dm/Mram_RAM22_RAMD_O> is
   incomplete. The signal does not drive any load pins in the design.
WARNING:PhysDesignRules:367 - The signal
   <u_sdram_vga_top/u_sdram_2fifo_top/u_dcfifo_ctrl/u_rdfifo/U0/xst_fifo_generat
   or/gconvfifo.rf/grf.rf/gntv_or_sync_fifo.mem/gdm.dm/Mram_RAM18_RAMD_O> is
   incomplete. The signal does not drive any load pins in the design.
WARNING:PhysDesignRules:367 - The signal
   <u_sdram_vga_top/u_sdram_2fifo_top/u_dcfifo_ctrl/u_rdfifo/U0/xst_fifo_generat
   or/gconvfifo.rf/grf.rf/gntv_or_sync_fifo.mem/gdm.dm/Mram_RAM27_RAMD_O> is
   incomplete. The signal does not drive any load pins in the design.
WARNING:PhysDesignRules:367 - The signal
   <u_sdram_vga_top/u_sdram_2fifo_top/u_dcfifo_ctrl/u_rdfifo/U0/xst_fifo_generat
   or/gconvfifo.rf/grf.rf/gntv_or_sync_fifo.mem/gdm.dm/Mram_RAM9_RAMD_O> is
   incomplete. The signal does not drive any load pins in the design.
WARNING:PhysDesignRules:367 - The signal
   <u_sdram_vga_top/u_sdram_2fifo_top/u_dcfifo_ctrl/u_rdfifo/U0/xst_fifo_generat
   or/gconvfifo.rf/grf.rf/gntv_or_sync_fifo.mem/gdm.dm/Mram_RAM12_RAMD_O> is
   incomplete. The signal does not drive any load pins in the design.
WARNING:PhysDesignRules:367 - The signal
   <u_sdram_vga_top/u_sdram_2fifo_top/u_dcfifo_ctrl/u_rdfifo/U0/xst_fifo_generat
   or/gconvfifo.rf/grf.rf/gntv_or_sync_fifo.mem/gdm.dm/Mram_RAM11_RAMD_O> is
   incomplete. The signal does not drive any load pins in the design.
WARNING:PhysDesignRules:367 - The signal
   <u_sdram_vga_top/u_sdram_2fifo_top/u_dcfifo_ctrl/u_rdfifo/U0/xst_fifo_generat
   or/gconvfifo.rf/grf.rf/gntv_or_sync_fifo.mem/gdm.dm/Mram_RAM10_RAMD_O> is
   incomplete. The signal does not drive any load pins in the design.
WARNING:PhysDesignRules:367 - The signal
   <u_sdram_vga_top/u_sdram_2fifo_top/u_dcfifo_ctrl/u_rdfifo/U0/xst_fifo_generat
   or/gconvfifo.rf/grf.rf/gntv_or_sync_fifo.mem/gdm.dm/Mram_RAM3_RAMD_O> is
   incomplete. The signal does not drive any load pins in the design.
WARNING:PhysDesignRules:367 - The signal
   <u_sdram_vga_top/u_sdram_2fifo_top/u_dcfifo_ctrl/u_rdfifo/U0/xst_fifo_generat
   or/gconvfifo.rf/grf.rf/gntv_or_sync_fifo.mem/gdm.dm/Mram_RAM6_RAMD_O> is
   incomplete. The signal does not drive any load pins in the design.
WARNING:PhysDesignRules:367 - The signal
   <u_sdram_vga_top/u_sdram_2fifo_top/u_dcfifo_ctrl/u_rdfifo/U0/xst_fifo_generat
   or/gconvfifo.rf/grf.rf/gntv_or_sync_fifo.mem/gdm.dm/Mram_RAM5_RAMD_O> is
   incomplete. The signal does not drive any load pins in the design.
WARNING:PhysDesignRules:367 - The signal
   <u_sdram_vga_top/u_sdram_2fifo_top/u_dcfifo_ctrl/u_rdfifo/U0/xst_fifo_generat
   or/gconvfifo.rf/grf.rf/gntv_or_sync_fifo.mem/gdm.dm/Mram_RAM4_RAMD_O> is
   incomplete. The signal does not drive any load pins in the design.
WARNING:PhysDesignRules:367 - The signal
   <u_sdram_vga_top/u_sdram_2fifo_top/u_dcfifo_ctrl/u_rdfifo/U0/xst_fifo_generat
   or/gconvfifo.rf/grf.rf/gntv_or_sync_fifo.mem/gdm.dm/Mram_RAM2_RAMD_O> is
   incomplete. The signal does not drive any load pins in the design.
WARNING:PhysDesignRules:367 - The signal
   <u_sdram_vga_top/u_sdram_2fifo_top/u_dcfifo_ctrl/u_rdfifo/U0/xst_fifo_generat
   or/gconvfifo.rf/grf.rf/gntv_or_sync_fifo.mem/gdm.dm/Mram_RAM23_RAMD_O> is
   incomplete. The signal does not drive any load pins in the design.
WARNING:PhysDesignRules:367 - The signal
   <u_sdram_vga_top/u_sdram_2fifo_top/u_dcfifo_ctrl/u_rdfifo/U0/xst_fifo_generat
   or/gconvfifo.rf/grf.rf/gntv_or_sync_fifo.mem/gdm.dm/Mram_RAM24_RAMD_O> is
   incomplete. The signal does not drive any load pins in the design.
WARNING:PhysDesignRules:367 - The signal
   <u_sdram_vga_top/u_sdram_2fifo_top/u_dcfifo_ctrl/u_rdfifo/U0/xst_fifo_generat
   or/gconvfifo.rf/grf.rf/gntv_or_sync_fifo.mem/gdm.dm/Mram_RAM29_RAMD_O> is
   incomplete. The signal does not drive any load pins in the design.
WARNING:PhysDesignRules:367 - The signal
   <u_sdram_vga_top/u_sdram_2fifo_top/u_dcfifo_ctrl/u_rdfifo/U0/xst_fifo_generat
   or/gconvfifo.rf/grf.rf/gntv_or_sync_fifo.mem/gdm.dm/Mram_RAM26_RAMD_O> is
   incomplete. The signal does not drive any load pins in the design.
WARNING:PhysDesignRules:367 - The signal
   <u_sdram_vga_top/u_sdram_2fifo_top/u_dcfifo_ctrl/u_rdfifo/U0/xst_fifo_generat
   or/gconvfifo.rf/grf.rf/gntv_or_sync_fifo.mem/gdm.dm/Mram_RAM32_RAMD_O> is
   incomplete. The signal does not drive any load pins in the design.
WARNING:PhysDesignRules:367 - The signal
   <u_sdram_vga_top/u_sdram_2fifo_top/u_dcfifo_ctrl/u_rdfifo/U0/xst_fifo_generat
   or/gconvfifo.rf/grf.rf/gntv_or_sync_fifo.mem/gdm.dm/Mram_RAM31_RAMD_O> is
   incomplete. The signal does not drive any load pins in the design.
WARNING:PhysDesignRules:367 - The signal
   <u_sdram_vga_top/u_sdram_2fifo_top/u_dcfifo_ctrl/u_rdfifo/U0/xst_fifo_generat
   or/gconvfifo.rf/grf.rf/gntv_or_sync_fifo.mem/gdm.dm/Mram_RAM1_RAMD_O> is
   incomplete. The signal does not drive any load pins in the design.
WARNING:PhysDesignRules:367 - The signal
   <u_sdram_vga_top/u_sdram_2fifo_top/u_dcfifo_ctrl/u_rdfifo/U0/xst_fifo_generat
   or/gconvfifo.rf/grf.rf/gntv_or_sync_fifo.mem/gdm.dm/Mram_RAM30_RAMD_O> is
   incomplete. The signal does not drive any load pins in the design.
WARNING:PhysDesignRules:367 - The signal
   <u_sdram_vga_top/u_sdram_2fifo_top/u_dcfifo_ctrl/u_rdfifo/U0/xst_fifo_generat
   or/gconvfifo.rf/grf.rf/gntv_or_sync_fifo.mem/gdm.dm/Mram_RAM25_RAMD_O> is
   incomplete. The signal does not drive any load pins in the design.
WARNING:PhysDesignRules:367 - The signal
   <u_sdram_vga_top/u_sdram_2fifo_top/u_dcfifo_ctrl/u_rdfifo/U0/xst_fifo_generat
   or/gconvfifo.rf/grf.rf/gntv_or_sync_fifo.mem/gdm.dm/Mram_RAM28_RAMD_O> is
   incomplete. The signal does not drive any load pins in the design.
WARNING:PhysDesignRules:367 - The signal
   <u_sdram_vga_top/u_sdram_2fifo_top/u_dcfifo_ctrl/u_rdfifo/U0/xst_fifo_generat
   or/gconvfifo.rf/grf.rf/gntv_or_sync_fifo.mem/gdm.dm/Mram_RAM39_RAMD_O> is
   incomplete. The signal does not drive any load pins in the design.
WARNING:PhysDesignRules:367 - The signal
   <u_sdram_vga_top/u_sdram_2fifo_top/u_dcfifo_ctrl/u_rdfifo/U0/xst_fifo_generat
   or/gconvfifo.rf/grf.rf/gntv_or_sync_fifo.mem/gdm.dm/Mram_RAM38_RAMD_O> is
   incomplete. The signal does not drive any load pins in the design.
WARNING:PhysDesignRules:367 - The signal
   <u_sdram_vga_top/u_sdram_2fifo_top/u_dcfifo_ctrl/u_rdfifo/U0/xst_fifo_generat
   or/gconvfifo.rf/grf.rf/gntv_or_sync_fifo.mem/gdm.dm/Mram_RAM36_RAMD_O> is
   incomplete. The signal does not drive any load pins in the design.
WARNING:PhysDesignRules:367 - The signal
   <u_sdram_vga_top/u_sdram_2fifo_top/u_dcfifo_ctrl/u_rdfifo/U0/xst_fifo_generat
   or/gconvfifo.rf/grf.rf/gntv_or_sync_fifo.mem/gdm.dm/Mram_RAM40_RAMD_O> is
   incomplete. The signal does not drive any load pins in the design.
WARNING:PhysDesignRules:367 - The signal
   <u_sdram_vga_top/u_sdram_2fifo_top/u_dcfifo_ctrl/u_rdfifo/U0/xst_fifo_generat
   or/gconvfifo.rf/grf.rf/gntv_or_sync_fifo.mem/gdm.dm/Mram_RAM34_RAMD_O> is
   incomplete. The signal does not drive any load pins in the design.
WARNING:PhysDesignRules:367 - The signal
   <u_sdram_vga_top/u_sdram_2fifo_top/u_dcfifo_ctrl/u_rdfifo/U0/xst_fifo_generat
   or/gconvfifo.rf/grf.rf/gntv_or_sync_fifo.mem/gdm.dm/Mram_RAM35_RAMD_O> is
   incomplete. The signal does not drive any load pins in the design.
WARNING:PhysDesignRules:367 - The signal
   <u_sdram_vga_top/u_sdram_2fifo_top/u_dcfifo_ctrl/u_rdfifo/U0/xst_fifo_generat
   or/gconvfifo.rf/grf.rf/gntv_or_sync_fifo.mem/gdm.dm/Mram_RAM37_RAMD_O> is
   incomplete. The signal does not drive any load pins in the design.
WARNING:PhysDesignRules:367 - The signal
   <u_sdram_vga_top/u_sdram_2fifo_top/u_dcfifo_ctrl/u_rdfifo/U0/xst_fifo_generat
   or/gconvfifo.rf/grf.rf/gntv_or_sync_fifo.mem/gdm.dm/Mram_RAM33_RAMD_O> is
   incomplete. The signal does not drive any load pins in the design.
WARNING:PhysDesignRules:2410 - This design is using one or more 9K Block RAMs
   (RAMB8BWER).  9K Block RAM initialization data, both user defined and
   default, may be incorrect and should not be used.  For more information,
   please reference Xilinx Answer Record 39999.

Section 3 - Informational
-------------------------
INFO:LIT:243 - Logical network
   u_sdram_vga_top/u_sdram_2fifo_top/u_dcfifo_ctrl/u_wrfifo/U0/xst_fifo_generato
   r/gconvfifo.rf/grf.rf/gntv_or_sync_fifo.gl0.rd/gras.grdc1.rdc/rd_dc_i<7> has
   no load.
INFO:LIT:395 - The above info message is repeated 45 more times for the
   following (max. 5 shown):
   u_sdram_vga_top/u_sdram_2fifo_top/u_dcfifo_ctrl/u_wrfifo/U0/xst_fifo_generato
   r/gconvfifo.rf/grf.rf/gntv_or_sync_fifo.gl0.rd/gras.grdc1.rdc/rd_dc_i<6>,
   u_sdram_vga_top/u_sdram_2fifo_top/u_dcfifo_ctrl/u_wrfifo/U0/xst_fifo_generato
   r/gconvfifo.rf/grf.rf/gntv_or_sync_fifo.gl0.rd/gras.grdc1.rdc/rd_dc_i<5>,
   u_sdram_vga_top/u_sdram_2fifo_top/u_dcfifo_ctrl/u_wrfifo/U0/xst_fifo_generato
   r/gconvfifo.rf/grf.rf/gntv_or_sync_fifo.gl0.rd/gras.grdc1.rdc/rd_dc_i<4>,
   u_sdram_vga_top/u_sdram_2fifo_top/u_dcfifo_ctrl/u_wrfifo/U0/xst_fifo_generato
   r/gconvfifo.rf/grf.rf/gntv_or_sync_fifo.gl0.rd/gras.grdc1.rdc/rd_dc_i<3>,
   u_sdram_vga_top/u_sdram_2fifo_top/u_dcfifo_ctrl/u_wrfifo/U0/xst_fifo_generato
   r/gconvfifo.rf/grf.rf/gntv_or_sync_fifo.gl0.rd/gras.grdc1.rdc/rd_dc_i<2>
   To see the details of these info messages, please use the -detail switch.
INFO:MapLib:562 - No environment variables are currently set.
INFO:LIT:244 - All of the single ended outputs in this design are using slew
   rate limited output drivers. The delay on speed critical single ended outputs
   can be dramatically reduced by designating them as fast outputs.
INFO:Pack:1716 - Initializing temperature to 85.000 Celsius. (default - Range:
   0.000 to 85.000 Celsius)
INFO:Pack:1720 - Initializing voltage to 1.140 Volts. (default - Range: 1.140 to
   1.260 Volts)
INFO:Map:215 - The Interim Design Summary has been generated in the MAP Report
   (.mrp).
INFO:Pack:1650 - Map created a placed design.

Section 4 - Removed Logic Summary
---------------------------------
 106 block(s) removed
   7 block(s) optimized away
 106 signal(s) removed

Section 5 - Removed Logic
-------------------------

The trimmed logic report below shows the logic removed from your design due to
sourceless or loadless signals, and VCC or ground connections.  If the removal
of a signal or symbol results in the subsequent removal of an additional signal
or symbol, the message explaining that second removal will be indented.  This
indentation will be repeated as a chain of related logic is removed.

To quickly locate the original cause for the removal of a chain of logic, look
above the place where that logic is listed in the trimming report, then locate
the lines that are least indented (begin at the leftmost edge).

The signal
"u_sdram_vga_top/u_sdram_2fifo_top/u_dcfifo_ctrl/u_wrfifo/U0/xst_fifo_generator/
gconvfifo.rf/grf.rf/gntv_or_sync_fifo.gl0.rd/gras.grdc1.rdc/rd_dc_i<7>" is
sourceless and has been removed.
The signal
"u_sdram_vga_top/u_sdram_2fifo_top/u_dcfifo_ctrl/u_wrfifo/U0/xst_fifo_generator/
gconvfifo.rf/grf.rf/gntv_or_sync_fifo.gl0.rd/gras.grdc1.rdc/rd_dc_i<6>" is
sourceless and has been removed.
The signal
"u_sdram_vga_top/u_sdram_2fifo_top/u_dcfifo_ctrl/u_wrfifo/U0/xst_fifo_generator/
gconvfifo.rf/grf.rf/gntv_or_sync_fifo.gl0.rd/gras.grdc1.rdc/rd_dc_i<5>" is
sourceless and has been removed.
The signal
"u_sdram_vga_top/u_sdram_2fifo_top/u_dcfifo_ctrl/u_wrfifo/U0/xst_fifo_generator/
gconvfifo.rf/grf.rf/gntv_or_sync_fifo.gl0.rd/gras.grdc1.rdc/rd_dc_i<4>" is
sourceless and has been removed.
The signal
"u_sdram_vga_top/u_sdram_2fifo_top/u_dcfifo_ctrl/u_wrfifo/U0/xst_fifo_generator/
gconvfifo.rf/grf.rf/gntv_or_sync_fifo.gl0.rd/gras.grdc1.rdc/rd_dc_i<3>" is
sourceless and has been removed.
The signal
"u_sdram_vga_top/u_sdram_2fifo_top/u_dcfifo_ctrl/u_wrfifo/U0/xst_fifo_generator/
gconvfifo.rf/grf.rf/gntv_or_sync_fifo.gl0.rd/gras.grdc1.rdc/rd_dc_i<2>" is
sourceless and has been removed.
The signal
"u_sdram_vga_top/u_sdram_2fifo_top/u_dcfifo_ctrl/u_wrfifo/U0/xst_fifo_generator/
gconvfifo.rf/grf.rf/gntv_or_sync_fifo.gl0.rd/gras.grdc1.rdc/rd_dc_i<1>" is
sourceless and has been removed.
The signal
"u_sdram_vga_top/u_sdram_2fifo_top/u_dcfifo_ctrl/u_wrfifo/U0/xst_fifo_generator/
gconvfifo.rf/grf.rf/gntv_or_sync_fifo.gl0.rd/gras.grdc1.rdc/rd_dc_i<0>" is
sourceless and has been removed.
The signal
"u_sdram_vga_top/u_sdram_2fifo_top/u_dcfifo_ctrl/u_wrfifo/U0/xst_fifo_generator/
gconvfifo.rf/grf.rf/gntv_or_sync_fifo.gl0.wr/gwas.gwdc0.wdc/wr_data_count_i<8>"
is sourceless and has been removed.
The signal
"u_sdram_vga_top/u_sdram_2fifo_top/u_dcfifo_ctrl/u_wrfifo/U0/xst_fifo_generator/
gconvfifo.rf/grf.rf/gntv_or_sync_fifo.gl0.wr/gwas.gwdc0.wdc/wr_data_count_i<7>"
is sourceless and has been removed.
The signal
"u_sdram_vga_top/u_sdram_2fifo_top/u_dcfifo_ctrl/u_wrfifo/U0/xst_fifo_generator/
gconvfifo.rf/grf.rf/gntv_or_sync_fifo.gl0.wr/gwas.gwdc0.wdc/wr_data_count_i<6>"
is sourceless and has been removed.
The signal
"u_sdram_vga_top/u_sdram_2fifo_top/u_dcfifo_ctrl/u_wrfifo/U0/xst_fifo_generator/
gconvfifo.rf/grf.rf/gntv_or_sync_fifo.gl0.wr/gwas.gwdc0.wdc/wr_data_count_i<5>"
is sourceless and has been removed.
The signal
"u_sdram_vga_top/u_sdram_2fifo_top/u_dcfifo_ctrl/u_wrfifo/U0/xst_fifo_generator/
gconvfifo.rf/grf.rf/gntv_or_sync_fifo.gl0.wr/gwas.gwdc0.wdc/wr_data_count_i<4>"
is sourceless and has been removed.
The signal
"u_sdram_vga_top/u_sdram_2fifo_top/u_dcfifo_ctrl/u_wrfifo/U0/xst_fifo_generator/
gconvfifo.rf/grf.rf/gntv_or_sync_fifo.gl0.wr/gwas.gwdc0.wdc/wr_data_count_i<3>"
is sourceless and has been removed.
The signal
"u_sdram_vga_top/u_sdram_2fifo_top/u_dcfifo_ctrl/u_wrfifo/U0/xst_fifo_generator/
gconvfifo.rf/grf.rf/gntv_or_sync_fifo.gl0.wr/gwas.gwdc0.wdc/wr_data_count_i<2>"
is sourceless and has been removed.
The signal
"u_sdram_vga_top/u_sdram_2fifo_top/u_dcfifo_ctrl/u_wrfifo/U0/xst_fifo_generator/
gconvfifo.rf/grf.rf/gntv_or_sync_fifo.gl0.wr/gwas.gwdc0.wdc/wr_data_count_i<1>"
is sourceless and has been removed.
The signal
"u_sdram_vga_top/u_sdram_2fifo_top/u_dcfifo_ctrl/u_wrfifo/U0/xst_fifo_generator/
gconvfifo.rf/grf.rf/gntv_or_sync_fifo.gl0.wr/gwas.gwdc0.wdc/wr_data_count_i<0>"
is sourceless and has been removed.
The signal
"u_sdram_vga_top/u_sdram_2fifo_top/u_dcfifo_ctrl/u_wrfifo/U0/xst_fifo_generator/
gconvfifo.rf/grf.rf/gntv_or_sync_fifo.gl0.wr/gwas.wsts/ram_full_i" is sourceless
and has been removed.
The signal
"u_sdram_vga_top/u_sdram_2fifo_top/u_dcfifo_ctrl/u_wrfifo/U0/xst_fifo_generator/
gconvfifo.rf/grf.rf/gntv_or_sync_fifo.gl0.rd/gras.rsts/ram_empty_i" is
sourceless and has been removed.
The signal
"u_sdram_vga_top/u_sdram_2fifo_top/u_dcfifo_ctrl/u_wrfifo/U0/xst_fifo_generator/
gconvfifo.rf/grf.rf/gntv_or_sync_fifo.gl0.rd/gras.grdc1.rdc/GND_192_o_GND_192_o_
sub_2_OUT<7>" is sourceless and has been removed.
 Sourceless block
"u_sdram_vga_top/u_sdram_2fifo_top/u_dcfifo_ctrl/u_wrfifo/U0/xst_fifo_generator/
gconvfifo.rf/grf.rf/gntv_or_sync_fifo.gl0.rd/gras.grdc1.rdc/rd_dc_i_7" (FF)
removed.
The signal
"u_sdram_vga_top/u_sdram_2fifo_top/u_dcfifo_ctrl/u_wrfifo/U0/xst_fifo_generator/
gconvfifo.rf/grf.rf/gntv_or_sync_fifo.gl0.rd/gras.grdc1.rdc/GND_192_o_GND_192_o_
sub_2_OUT<6>" is sourceless and has been removed.
 Sourceless block
"u_sdram_vga_top/u_sdram_2fifo_top/u_dcfifo_ctrl/u_wrfifo/U0/xst_fifo_generator/
gconvfifo.rf/grf.rf/gntv_or_sync_fifo.gl0.rd/gras.grdc1.rdc/rd_dc_i_6" (FF)
removed.
The signal
"u_sdram_vga_top/u_sdram_2fifo_top/u_dcfifo_ctrl/u_wrfifo/U0/xst_fifo_generator/
gconvfifo.rf/grf.rf/gntv_or_sync_fifo.gl0.rd/gras.grdc1.rdc/GND_192_o_GND_192_o_
sub_2_OUT<5>" is sourceless and has been removed.
 Sourceless block
"u_sdram_vga_top/u_sdram_2fifo_top/u_dcfifo_ctrl/u_wrfifo/U0/xst_fifo_generator/
gconvfifo.rf/grf.rf/gntv_or_sync_fifo.gl0.rd/gras.grdc1.rdc/rd_dc_i_5" (FF)
removed.
The signal
"u_sdram_vga_top/u_sdram_2fifo_top/u_dcfifo_ctrl/u_wrfifo/U0/xst_fifo_generator/
gconvfifo.rf/grf.rf/gntv_or_sync_fifo.gl0.rd/gras.grdc1.rdc/GND_192_o_GND_192_o_
sub_2_OUT<4>" is sourceless and has been removed.
 Sourceless block
"u_sdram_vga_top/u_sdram_2fifo_top/u_dcfifo_ctrl/u_wrfifo/U0/xst_fifo_generator/
gconvfifo.rf/grf.rf/gntv_or_sync_fifo.gl0.rd/gras.grdc1.rdc/rd_dc_i_4" (FF)
removed.
The signal
"u_sdram_vga_top/u_sdram_2fifo_top/u_dcfifo_ctrl/u_wrfifo/U0/xst_fifo_generator/
gconvfifo.rf/grf.rf/gntv_or_sync_fifo.gl0.rd/gras.grdc1.rdc/GND_192_o_GND_192_o_
sub_2_OUT<3>" is sourceless and has been removed.
 Sourceless block
"u_sdram_vga_top/u_sdram_2fifo_top/u_dcfifo_ctrl/u_wrfifo/U0/xst_fifo_generator/
gconvfifo.rf/grf.rf/gntv_or_sync_fifo.gl0.rd/gras.grdc1.rdc/rd_dc_i_3" (FF)
removed.
The signal
"u_sdram_vga_top/u_sdram_2fifo_top/u_dcfifo_ctrl/u_wrfifo/U0/xst_fifo_generator/
gconvfifo.rf/grf.rf/gntv_or_sync_fifo.gl0.rd/gras.grdc1.rdc/GND_192_o_GND_192_o_
sub_2_OUT<2>" is sourceless and has been removed.
 Sourceless block
"u_sdram_vga_top/u_sdram_2fifo_top/u_dcfifo_ctrl/u_wrfifo/U0/xst_fifo_generator/
gconvfifo.rf/grf.rf/gntv_or_sync_fifo.gl0.rd/gras.grdc1.rdc/rd_dc_i_2" (FF)
removed.
The signal
"u_sdram_vga_top/u_sdram_2fifo_top/u_dcfifo_ctrl/u_wrfifo/U0/xst_fifo_generator/
gconvfifo.rf/grf.rf/gntv_or_sync_fifo.gl0.rd/gras.grdc1.rdc/GND_192_o_GND_192_o_
sub_2_OUT<1>" is sourceless and has been removed.
 Sourceless block
"u_sdram_vga_top/u_sdram_2fifo_top/u_dcfifo_ctrl/u_wrfifo/U0/xst_fifo_generator/
gconvfifo.rf/grf.rf/gntv_or_sync_fifo.gl0.rd/gras.grdc1.rdc/rd_dc_i_1" (FF)
removed.
The signal
"u_sdram_vga_top/u_sdram_2fifo_top/u_dcfifo_ctrl/u_wrfifo/U0/xst_fifo_generator/
gconvfifo.rf/grf.rf/gntv_or_sync_fifo.gl0.rd/gras.grdc1.rdc/GND_192_o_GND_192_o_
sub_2_OUT<0>" is sourceless and has been removed.
 Sourceless block
"u_sdram_vga_top/u_sdram_2fifo_top/u_dcfifo_ctrl/u_wrfifo/U0/xst_fifo_generator/
gconvfifo.rf/grf.rf/gntv_or_sync_fifo.gl0.rd/gras.grdc1.rdc/rd_dc_i_0" (FF)
removed.
The signal
"u_sdram_vga_top/u_sdram_2fifo_top/u_dcfifo_ctrl/u_wrfifo/U0/xst_fifo_generator/
gconvfifo.rf/grf.rf/gntv_or_sync_fifo.gl0.wr/gwas.gwdc0.wdc/Msub_GND_198_o_GND_1
98_o_sub_2_OUT<8:0>_cy<7>" is sourceless and has been removed.
 Sourceless block
"u_sdram_vga_top/u_sdram_2fifo_top/u_dcfifo_ctrl/u_wrfifo/U0/xst_fifo_generator/
gconvfifo.rf/grf.rf/gntv_or_sync_fifo.gl0.wr/gwas.gwdc0.wdc/Msub_GND_198_o_GND_1
98_o_sub_2_OUT<8:0>_xor<8>" (XOR) removed.
  The signal
"u_sdram_vga_top/u_sdram_2fifo_top/u_dcfifo_ctrl/u_wrfifo/U0/xst_fifo_generator/
gconvfifo.rf/grf.rf/gntv_or_sync_fifo.gl0.wr/gwas.gwdc0.wdc/GND_198_o_GND_198_o_
sub_2_OUT<8>" is sourceless and has been removed.
   Sourceless block
"u_sdram_vga_top/u_sdram_2fifo_top/u_dcfifo_ctrl/u_wrfifo/U0/xst_fifo_generator/
gconvfifo.rf/grf.rf/gntv_or_sync_fifo.gl0.wr/gwas.gwdc0.wdc/wr_data_count_i_8"
(FF) removed.
The signal
"u_sdram_vga_top/u_sdram_2fifo_top/u_dcfifo_ctrl/u_wrfifo/U0/xst_fifo_generator/
gconvfifo.rf/grf.rf/gntv_or_sync_fifo.gl0.wr/gwas.gwdc0.wdc/Msub_GND_198_o_GND_1
98_o_sub_2_OUT<8:0>_lut<8>" is sourceless and has been removed.
The signal
"u_sdram_vga_top/u_sdram_2fifo_top/u_dcfifo_ctrl/u_wrfifo/U0/xst_fifo_generator/
gconvfifo.rf/grf.rf/gntv_or_sync_fifo.gl0.wr/gwas.gwdc0.wdc/Msub_GND_198_o_GND_1
98_o_sub_2_OUT<8:0>_cy<6>" is sourceless and has been removed.
 Sourceless block
"u_sdram_vga_top/u_sdram_2fifo_top/u_dcfifo_ctrl/u_wrfifo/U0/xst_fifo_generator/
gconvfifo.rf/grf.rf/gntv_or_sync_fifo.gl0.wr/gwas.gwdc0.wdc/Msub_GND_198_o_GND_1
98_o_sub_2_OUT<8:0>_xor<7>" (XOR) removed.
  The signal
"u_sdram_vga_top/u_sdram_2fifo_top/u_dcfifo_ctrl/u_wrfifo/U0/xst_fifo_generator/
gconvfifo.rf/grf.rf/gntv_or_sync_fifo.gl0.wr/gwas.gwdc0.wdc/GND_198_o_GND_198_o_
sub_2_OUT<7>" is sourceless and has been removed.
   Sourceless block
"u_sdram_vga_top/u_sdram_2fifo_top/u_dcfifo_ctrl/u_wrfifo/U0/xst_fifo_generator/
gconvfifo.rf/grf.rf/gntv_or_sync_fifo.gl0.wr/gwas.gwdc0.wdc/wr_data_count_i_7"
(FF) removed.
 Sourceless block
"u_sdram_vga_top/u_sdram_2fifo_top/u_dcfifo_ctrl/u_wrfifo/U0/xst_fifo_generator/
gconvfifo.rf/grf.rf/gntv_or_sync_fifo.gl0.wr/gwas.gwdc0.wdc/Msub_GND_198_o_GND_1
98_o_sub_2_OUT<8:0>_cy<7>" (MUX) removed.
The signal
"u_sdram_vga_top/u_sdram_2fifo_top/u_dcfifo_ctrl/u_wrfifo/U0/xst_fifo_generator/
gconvfifo.rf/grf.rf/gntv_or_sync_fifo.gl0.wr/gwas.gwdc0.wdc/Msub_GND_198_o_GND_1
98_o_sub_2_OUT<8:0>_lut<7>" is sourceless and has been removed.
The signal
"u_sdram_vga_top/u_sdram_2fifo_top/u_dcfifo_ctrl/u_wrfifo/U0/xst_fifo_generator/
gconvfifo.rf/grf.rf/gntv_or_sync_fifo.gl0.wr/gwas.gwdc0.wdc/Msub_GND_198_o_GND_1
98_o_sub_2_OUT<8:0>_cy<5>" is sourceless and has been removed.
 Sourceless block
"u_sdram_vga_top/u_sdram_2fifo_top/u_dcfifo_ctrl/u_wrfifo/U0/xst_fifo_generator/
gconvfifo.rf/grf.rf/gntv_or_sync_fifo.gl0.wr/gwas.gwdc0.wdc/Msub_GND_198_o_GND_1
98_o_sub_2_OUT<8:0>_xor<6>" (XOR) removed.
  The signal
"u_sdram_vga_top/u_sdram_2fifo_top/u_dcfifo_ctrl/u_wrfifo/U0/xst_fifo_generator/
gconvfifo.rf/grf.rf/gntv_or_sync_fifo.gl0.wr/gwas.gwdc0.wdc/GND_198_o_GND_198_o_
sub_2_OUT<6>" is sourceless and has been removed.
   Sourceless block
"u_sdram_vga_top/u_sdram_2fifo_top/u_dcfifo_ctrl/u_wrfifo/U0/xst_fifo_generator/
gconvfifo.rf/grf.rf/gntv_or_sync_fifo.gl0.wr/gwas.gwdc0.wdc/wr_data_count_i_6"
(FF) removed.
 Sourceless block
"u_sdram_vga_top/u_sdram_2fifo_top/u_dcfifo_ctrl/u_wrfifo/U0/xst_fifo_generator/
gconvfifo.rf/grf.rf/gntv_or_sync_fifo.gl0.wr/gwas.gwdc0.wdc/Msub_GND_198_o_GND_1
98_o_sub_2_OUT<8:0>_cy<6>" (MUX) removed.
The signal
"u_sdram_vga_top/u_sdram_2fifo_top/u_dcfifo_ctrl/u_wrfifo/U0/xst_fifo_generator/
gconvfifo.rf/grf.rf/gntv_or_sync_fifo.gl0.wr/gwas.gwdc0.wdc/Msub_GND_198_o_GND_1
98_o_sub_2_OUT<8:0>_lut<6>" is sourceless and has been removed.
The signal
"u_sdram_vga_top/u_sdram_2fifo_top/u_dcfifo_ctrl/u_wrfifo/U0/xst_fifo_generator/
gconvfifo.rf/grf.rf/gntv_or_sync_fifo.gl0.wr/gwas.gwdc0.wdc/Msub_GND_198_o_GND_1
98_o_sub_2_OUT<8:0>_cy<4>" is sourceless and has been removed.
 Sourceless block
"u_sdram_vga_top/u_sdram_2fifo_top/u_dcfifo_ctrl/u_wrfifo/U0/xst_fifo_generator/
gconvfifo.rf/grf.rf/gntv_or_sync_fifo.gl0.wr/gwas.gwdc0.wdc/Msub_GND_198_o_GND_1
98_o_sub_2_OUT<8:0>_xor<5>" (XOR) removed.
  The signal
"u_sdram_vga_top/u_sdram_2fifo_top/u_dcfifo_ctrl/u_wrfifo/U0/xst_fifo_generator/
gconvfifo.rf/grf.rf/gntv_or_sync_fifo.gl0.wr/gwas.gwdc0.wdc/GND_198_o_GND_198_o_
sub_2_OUT<5>" is sourceless and has been removed.
   Sourceless block
"u_sdram_vga_top/u_sdram_2fifo_top/u_dcfifo_ctrl/u_wrfifo/U0/xst_fifo_generator/
gconvfifo.rf/grf.rf/gntv_or_sync_fifo.gl0.wr/gwas.gwdc0.wdc/wr_data_count_i_5"
(FF) removed.
 Sourceless block
"u_sdram_vga_top/u_sdram_2fifo_top/u_dcfifo_ctrl/u_wrfifo/U0/xst_fifo_generator/
gconvfifo.rf/grf.rf/gntv_or_sync_fifo.gl0.wr/gwas.gwdc0.wdc/Msub_GND_198_o_GND_1
98_o_sub_2_OUT<8:0>_cy<5>" (MUX) removed.
The signal
"u_sdram_vga_top/u_sdram_2fifo_top/u_dcfifo_ctrl/u_wrfifo/U0/xst_fifo_generator/
gconvfifo.rf/grf.rf/gntv_or_sync_fifo.gl0.wr/gwas.gwdc0.wdc/Msub_GND_198_o_GND_1
98_o_sub_2_OUT<8:0>_lut<5>" is sourceless and has been removed.
The signal
"u_sdram_vga_top/u_sdram_2fifo_top/u_dcfifo_ctrl/u_wrfifo/U0/xst_fifo_generator/
gconvfifo.rf/grf.rf/gntv_or_sync_fifo.gl0.wr/gwas.gwdc0.wdc/Msub_GND_198_o_GND_1
98_o_sub_2_OUT<8:0>_cy<3>" is sourceless and has been removed.
 Sourceless block
"u_sdram_vga_top/u_sdram_2fifo_top/u_dcfifo_ctrl/u_wrfifo/U0/xst_fifo_generator/
gconvfifo.rf/grf.rf/gntv_or_sync_fifo.gl0.wr/gwas.gwdc0.wdc/Msub_GND_198_o_GND_1
98_o_sub_2_OUT<8:0>_xor<4>" (XOR) removed.
  The signal
"u_sdram_vga_top/u_sdram_2fifo_top/u_dcfifo_ctrl/u_wrfifo/U0/xst_fifo_generator/
gconvfifo.rf/grf.rf/gntv_or_sync_fifo.gl0.wr/gwas.gwdc0.wdc/GND_198_o_GND_198_o_
sub_2_OUT<4>" is sourceless and has been removed.
   Sourceless block
"u_sdram_vga_top/u_sdram_2fifo_top/u_dcfifo_ctrl/u_wrfifo/U0/xst_fifo_generator/
gconvfifo.rf/grf.rf/gntv_or_sync_fifo.gl0.wr/gwas.gwdc0.wdc/wr_data_count_i_4"
(FF) removed.
 Sourceless block
"u_sdram_vga_top/u_sdram_2fifo_top/u_dcfifo_ctrl/u_wrfifo/U0/xst_fifo_generator/
gconvfifo.rf/grf.rf/gntv_or_sync_fifo.gl0.wr/gwas.gwdc0.wdc/Msub_GND_198_o_GND_1
98_o_sub_2_OUT<8:0>_cy<4>" (MUX) removed.
The signal
"u_sdram_vga_top/u_sdram_2fifo_top/u_dcfifo_ctrl/u_wrfifo/U0/xst_fifo_generator/
gconvfifo.rf/grf.rf/gntv_or_sync_fifo.gl0.wr/gwas.gwdc0.wdc/Msub_GND_198_o_GND_1
98_o_sub_2_OUT<8:0>_lut<4>" is sourceless and has been removed.
The signal
"u_sdram_vga_top/u_sdram_2fifo_top/u_dcfifo_ctrl/u_wrfifo/U0/xst_fifo_generator/
gconvfifo.rf/grf.rf/gntv_or_sync_fifo.gl0.wr/gwas.gwdc0.wdc/Msub_GND_198_o_GND_1
98_o_sub_2_OUT<8:0>_cy<2>" is sourceless and has been removed.
 Sourceless block
"u_sdram_vga_top/u_sdram_2fifo_top/u_dcfifo_ctrl/u_wrfifo/U0/xst_fifo_generator/
gconvfifo.rf/grf.rf/gntv_or_sync_fifo.gl0.wr/gwas.gwdc0.wdc/Msub_GND_198_o_GND_1
98_o_sub_2_OUT<8:0>_xor<3>" (XOR) removed.
  The signal
"u_sdram_vga_top/u_sdram_2fifo_top/u_dcfifo_ctrl/u_wrfifo/U0/xst_fifo_generator/
gconvfifo.rf/grf.rf/gntv_or_sync_fifo.gl0.wr/gwas.gwdc0.wdc/GND_198_o_GND_198_o_
sub_2_OUT<3>" is sourceless and has been removed.
   Sourceless block
"u_sdram_vga_top/u_sdram_2fifo_top/u_dcfifo_ctrl/u_wrfifo/U0/xst_fifo_generator/
gconvfifo.rf/grf.rf/gntv_or_sync_fifo.gl0.wr/gwas.gwdc0.wdc/wr_data_count_i_3"
(FF) removed.
 Sourceless block
"u_sdram_vga_top/u_sdram_2fifo_top/u_dcfifo_ctrl/u_wrfifo/U0/xst_fifo_generator/
gconvfifo.rf/grf.rf/gntv_or_sync_fifo.gl0.wr/gwas.gwdc0.wdc/Msub_GND_198_o_GND_1
98_o_sub_2_OUT<8:0>_cy<3>" (MUX) removed.
The signal
"u_sdram_vga_top/u_sdram_2fifo_top/u_dcfifo_ctrl/u_wrfifo/U0/xst_fifo_generator/
gconvfifo.rf/grf.rf/gntv_or_sync_fifo.gl0.wr/gwas.gwdc0.wdc/Msub_GND_198_o_GND_1
98_o_sub_2_OUT<8:0>_lut<3>" is sourceless and has been removed.
The signal
"u_sdram_vga_top/u_sdram_2fifo_top/u_dcfifo_ctrl/u_wrfifo/U0/xst_fifo_generator/
gconvfifo.rf/grf.rf/gntv_or_sync_fifo.gl0.wr/gwas.gwdc0.wdc/Msub_GND_198_o_GND_1
98_o_sub_2_OUT<8:0>_cy<1>" is sourceless and has been removed.
 Sourceless block
"u_sdram_vga_top/u_sdram_2fifo_top/u_dcfifo_ctrl/u_wrfifo/U0/xst_fifo_generator/
gconvfifo.rf/grf.rf/gntv_or_sync_fifo.gl0.wr/gwas.gwdc0.wdc/Msub_GND_198_o_GND_1
98_o_sub_2_OUT<8:0>_xor<2>" (XOR) removed.
  The signal
"u_sdram_vga_top/u_sdram_2fifo_top/u_dcfifo_ctrl/u_wrfifo/U0/xst_fifo_generator/
gconvfifo.rf/grf.rf/gntv_or_sync_fifo.gl0.wr/gwas.gwdc0.wdc/GND_198_o_GND_198_o_
sub_2_OUT<2>" is sourceless and has been removed.
   Sourceless block
"u_sdram_vga_top/u_sdram_2fifo_top/u_dcfifo_ctrl/u_wrfifo/U0/xst_fifo_generator/
gconvfifo.rf/grf.rf/gntv_or_sync_fifo.gl0.wr/gwas.gwdc0.wdc/wr_data_count_i_2"
(FF) removed.
 Sourceless block
"u_sdram_vga_top/u_sdram_2fifo_top/u_dcfifo_ctrl/u_wrfifo/U0/xst_fifo_generator/
gconvfifo.rf/grf.rf/gntv_or_sync_fifo.gl0.wr/gwas.gwdc0.wdc/Msub_GND_198_o_GND_1
98_o_sub_2_OUT<8:0>_cy<2>" (MUX) removed.
The signal
"u_sdram_vga_top/u_sdram_2fifo_top/u_dcfifo_ctrl/u_wrfifo/U0/xst_fifo_generator/
gconvfifo.rf/grf.rf/gntv_or_sync_fifo.gl0.wr/gwas.gwdc0.wdc/Msub_GND_198_o_GND_1
98_o_sub_2_OUT<8:0>_lut<2>" is sourceless and has been removed.
The signal
"u_sdram_vga_top/u_sdram_2fifo_top/u_dcfifo_ctrl/u_wrfifo/U0/xst_fifo_generator/
gconvfifo.rf/grf.rf/gntv_or_sync_fifo.gl0.wr/gwas.gwdc0.wdc/Msub_GND_198_o_GND_1
98_o_sub_2_OUT<8:0>_cy<0>" is sourceless and has been removed.
 Sourceless block
"u_sdram_vga_top/u_sdram_2fifo_top/u_dcfifo_ctrl/u_wrfifo/U0/xst_fifo_generator/
gconvfifo.rf/grf.rf/gntv_or_sync_fifo.gl0.wr/gwas.gwdc0.wdc/Msub_GND_198_o_GND_1
98_o_sub_2_OUT<8:0>_xor<1>" (XOR) removed.
  The signal
"u_sdram_vga_top/u_sdram_2fifo_top/u_dcfifo_ctrl/u_wrfifo/U0/xst_fifo_generator/
gconvfifo.rf/grf.rf/gntv_or_sync_fifo.gl0.wr/gwas.gwdc0.wdc/GND_198_o_GND_198_o_
sub_2_OUT<1>" is sourceless and has been removed.
   Sourceless block
"u_sdram_vga_top/u_sdram_2fifo_top/u_dcfifo_ctrl/u_wrfifo/U0/xst_fifo_generator/
gconvfifo.rf/grf.rf/gntv_or_sync_fifo.gl0.wr/gwas.gwdc0.wdc/wr_data_count_i_1"
(FF) removed.
 Sourceless block
"u_sdram_vga_top/u_sdram_2fifo_top/u_dcfifo_ctrl/u_wrfifo/U0/xst_fifo_generator/
gconvfifo.rf/grf.rf/gntv_or_sync_fifo.gl0.wr/gwas.gwdc0.wdc/Msub_GND_198_o_GND_1
98_o_sub_2_OUT<8:0>_cy<1>" (MUX) removed.
The signal
"u_sdram_vga_top/u_sdram_2fifo_top/u_dcfifo_ctrl/u_wrfifo/U0/xst_fifo_generator/
gconvfifo.rf/grf.rf/gntv_or_sync_fifo.gl0.wr/gwas.gwdc0.wdc/Msub_GND_198_o_GND_1
98_o_sub_2_OUT<8:0>_lut<1>" is sourceless and has been removed.
The signal
"u_sdram_vga_top/u_sdram_2fifo_top/u_dcfifo_ctrl/u_wrfifo/U0/xst_fifo_generator/
gconvfifo.rf/grf.rf/gntv_or_sync_fifo.gl0.wr/gwas.gwdc0.wdc/Msub_GND_198_o_GND_1
98_o_sub_2_OUT<8:0>_lut<0>" is sourceless and has been removed.
 Sourceless block
"u_sdram_vga_top/u_sdram_2fifo_top/u_dcfifo_ctrl/u_wrfifo/U0/xst_fifo_generator/
gconvfifo.rf/grf.rf/gntv_or_sync_fifo.gl0.wr/gwas.gwdc0.wdc/Msub_GND_198_o_GND_1
98_o_sub_2_OUT<8:0>_xor<0>" (XOR) removed.
  The signal
"u_sdram_vga_top/u_sdram_2fifo_top/u_dcfifo_ctrl/u_wrfifo/U0/xst_fifo_generator/
gconvfifo.rf/grf.rf/gntv_or_sync_fifo.gl0.wr/gwas.gwdc0.wdc/GND_198_o_GND_198_o_
sub_2_OUT<0>" is sourceless and has been removed.
   Sourceless block
"u_sdram_vga_top/u_sdram_2fifo_top/u_dcfifo_ctrl/u_wrfifo/U0/xst_fifo_generator/
gconvfifo.rf/grf.rf/gntv_or_sync_fifo.gl0.wr/gwas.gwdc0.wdc/wr_data_count_i_0"
(FF) removed.
 Sourceless block
"u_sdram_vga_top/u_sdram_2fifo_top/u_dcfifo_ctrl/u_wrfifo/U0/xst_fifo_generator/
gconvfifo.rf/grf.rf/gntv_or_sync_fifo.gl0.wr/gwas.gwdc0.wdc/Msub_GND_198_o_GND_1
98_o_sub_2_OUT<8:0>_cy<0>" (MUX) removed.
The signal
"u_sdram_vga_top/u_sdram_2fifo_top/u_dcfifo_ctrl/u_rdfifo/U0/xst_fifo_generator/
gconvfifo.rf/grf.rf/gntv_or_sync_fifo.gl0.rd/gras.grdc1.rdc/rd_dc_i<8>" is
sourceless and has been removed.
The signal
"u_sdram_vga_top/u_sdram_2fifo_top/u_dcfifo_ctrl/u_rdfifo/U0/xst_fifo_generator/
gconvfifo.rf/grf.rf/gntv_or_sync_fifo.gl0.rd/gras.grdc1.rdc/rd_dc_i<7>" is
sourceless and has been removed.
The signal
"u_sdram_vga_top/u_sdram_2fifo_top/u_dcfifo_ctrl/u_rdfifo/U0/xst_fifo_generator/
gconvfifo.rf/grf.rf/gntv_or_sync_fifo.gl0.rd/gras.grdc1.rdc/rd_dc_i<6>" is
sourceless and has been removed.
The signal
"u_sdram_vga_top/u_sdram_2fifo_top/u_dcfifo_ctrl/u_rdfifo/U0/xst_fifo_generator/
gconvfifo.rf/grf.rf/gntv_or_sync_fifo.gl0.rd/gras.grdc1.rdc/rd_dc_i<5>" is
sourceless and has been removed.
The signal
"u_sdram_vga_top/u_sdram_2fifo_top/u_dcfifo_ctrl/u_rdfifo/U0/xst_fifo_generator/
gconvfifo.rf/grf.rf/gntv_or_sync_fifo.gl0.rd/gras.grdc1.rdc/rd_dc_i<4>" is
sourceless and has been removed.
The signal
"u_sdram_vga_top/u_sdram_2fifo_top/u_dcfifo_ctrl/u_rdfifo/U0/xst_fifo_generator/
gconvfifo.rf/grf.rf/gntv_or_sync_fifo.gl0.rd/gras.grdc1.rdc/rd_dc_i<3>" is
sourceless and has been removed.
The signal
"u_sdram_vga_top/u_sdram_2fifo_top/u_dcfifo_ctrl/u_rdfifo/U0/xst_fifo_generator/
gconvfifo.rf/grf.rf/gntv_or_sync_fifo.gl0.rd/gras.grdc1.rdc/rd_dc_i<2>" is
sourceless and has been removed.
The signal
"u_sdram_vga_top/u_sdram_2fifo_top/u_dcfifo_ctrl/u_rdfifo/U0/xst_fifo_generator/
gconvfifo.rf/grf.rf/gntv_or_sync_fifo.gl0.rd/gras.grdc1.rdc/rd_dc_i<1>" is
sourceless and has been removed.
The signal
"u_sdram_vga_top/u_sdram_2fifo_top/u_dcfifo_ctrl/u_rdfifo/U0/xst_fifo_generator/
gconvfifo.rf/grf.rf/gntv_or_sync_fifo.gl0.rd/gras.grdc1.rdc/rd_dc_i<0>" is
sourceless and has been removed.
The signal
"u_sdram_vga_top/u_sdram_2fifo_top/u_dcfifo_ctrl/u_rdfifo/U0/xst_fifo_generator/
gconvfifo.rf/grf.rf/gntv_or_sync_fifo.gl0.wr/gwas.gwdc0.wdc/wr_data_count_i<7>"
is sourceless and has been removed.
The signal
"u_sdram_vga_top/u_sdram_2fifo_top/u_dcfifo_ctrl/u_rdfifo/U0/xst_fifo_generator/
gconvfifo.rf/grf.rf/gntv_or_sync_fifo.gl0.wr/gwas.gwdc0.wdc/wr_data_count_i<6>"
is sourceless and has been removed.
The signal
"u_sdram_vga_top/u_sdram_2fifo_top/u_dcfifo_ctrl/u_rdfifo/U0/xst_fifo_generator/
gconvfifo.rf/grf.rf/gntv_or_sync_fifo.gl0.wr/gwas.gwdc0.wdc/wr_data_count_i<5>"
is sourceless and has been removed.
The signal
"u_sdram_vga_top/u_sdram_2fifo_top/u_dcfifo_ctrl/u_rdfifo/U0/xst_fifo_generator/
gconvfifo.rf/grf.rf/gntv_or_sync_fifo.gl0.wr/gwas.gwdc0.wdc/wr_data_count_i<4>"
is sourceless and has been removed.
The signal
"u_sdram_vga_top/u_sdram_2fifo_top/u_dcfifo_ctrl/u_rdfifo/U0/xst_fifo_generator/
gconvfifo.rf/grf.rf/gntv_or_sync_fifo.gl0.wr/gwas.gwdc0.wdc/wr_data_count_i<3>"
is sourceless and has been removed.
The signal
"u_sdram_vga_top/u_sdram_2fifo_top/u_dcfifo_ctrl/u_rdfifo/U0/xst_fifo_generator/
gconvfifo.rf/grf.rf/gntv_or_sync_fifo.gl0.wr/gwas.gwdc0.wdc/wr_data_count_i<2>"
is sourceless and has been removed.
The signal
"u_sdram_vga_top/u_sdram_2fifo_top/u_dcfifo_ctrl/u_rdfifo/U0/xst_fifo_generator/
gconvfifo.rf/grf.rf/gntv_or_sync_fifo.gl0.wr/gwas.gwdc0.wdc/wr_data_count_i<1>"
is sourceless and has been removed.
The signal
"u_sdram_vga_top/u_sdram_2fifo_top/u_dcfifo_ctrl/u_rdfifo/U0/xst_fifo_generator/
gconvfifo.rf/grf.rf/gntv_or_sync_fifo.gl0.wr/gwas.gwdc0.wdc/wr_data_count_i<0>"
is sourceless and has been removed.
The signal
"u_sdram_vga_top/u_sdram_2fifo_top/u_dcfifo_ctrl/u_rdfifo/U0/xst_fifo_generator/
gconvfifo.rf/grf.rf/gntv_or_sync_fifo.gl0.wr/gwas.wsts/ram_full_i" is sourceless
and has been removed.
The signal
"u_sdram_vga_top/u_sdram_2fifo_top/u_dcfifo_ctrl/u_rdfifo/U0/xst_fifo_generator/
gconvfifo.rf/grf.rf/gntv_or_sync_fifo.gl0.rd/gras.rsts/ram_empty_i" is
sourceless and has been removed.
The signal
"u_sdram_vga_top/u_sdram_2fifo_top/u_dcfifo_ctrl/u_rdfifo/U0/xst_fifo_generator/
gconvfifo.rf/grf.rf/gntv_or_sync_fifo.gl0.rd/gras.grdc1.rdc/Msub_GND_34_o_GND_34
_o_sub_2_OUT<8:0>_cy<7>" is sourceless and has been removed.
 Sourceless block
"u_sdram_vga_top/u_sdram_2fifo_top/u_dcfifo_ctrl/u_rdfifo/U0/xst_fifo_generator/
gconvfifo.rf/grf.rf/gntv_or_sync_fifo.gl0.rd/gras.grdc1.rdc/Msub_GND_34_o_GND_34
_o_sub_2_OUT<8:0>_xor<8>" (XOR) removed.
  The signal
"u_sdram_vga_top/u_sdram_2fifo_top/u_dcfifo_ctrl/u_rdfifo/U0/xst_fifo_generator/
gconvfifo.rf/grf.rf/gntv_or_sync_fifo.gl0.rd/gras.grdc1.rdc/GND_34_o_GND_34_o_su
b_2_OUT<8>" is sourceless and has been removed.
   Sourceless block
"u_sdram_vga_top/u_sdram_2fifo_top/u_dcfifo_ctrl/u_rdfifo/U0/xst_fifo_generator/
gconvfifo.rf/grf.rf/gntv_or_sync_fifo.gl0.rd/gras.grdc1.rdc/rd_dc_i_8" (FF)
removed.
The signal
"u_sdram_vga_top/u_sdram_2fifo_top/u_dcfifo_ctrl/u_rdfifo/U0/xst_fifo_generator/
gconvfifo.rf/grf.rf/gntv_or_sync_fifo.gl0.rd/gras.grdc1.rdc/Msub_GND_34_o_GND_34
_o_sub_2_OUT<8:0>_lut<8>" is sourceless and has been removed.
The signal
"u_sdram_vga_top/u_sdram_2fifo_top/u_dcfifo_ctrl/u_rdfifo/U0/xst_fifo_generator/
gconvfifo.rf/grf.rf/gntv_or_sync_fifo.gl0.rd/gras.grdc1.rdc/Msub_GND_34_o_GND_34
_o_sub_2_OUT<8:0>_cy<6>" is sourceless and has been removed.
 Sourceless block
"u_sdram_vga_top/u_sdram_2fifo_top/u_dcfifo_ctrl/u_rdfifo/U0/xst_fifo_generator/
gconvfifo.rf/grf.rf/gntv_or_sync_fifo.gl0.rd/gras.grdc1.rdc/Msub_GND_34_o_GND_34
_o_sub_2_OUT<8:0>_xor<7>" (XOR) removed.
  The signal
"u_sdram_vga_top/u_sdram_2fifo_top/u_dcfifo_ctrl/u_rdfifo/U0/xst_fifo_generator/
gconvfifo.rf/grf.rf/gntv_or_sync_fifo.gl0.rd/gras.grdc1.rdc/GND_34_o_GND_34_o_su
b_2_OUT<7>" is sourceless and has been removed.
   Sourceless block
"u_sdram_vga_top/u_sdram_2fifo_top/u_dcfifo_ctrl/u_rdfifo/U0/xst_fifo_generator/
gconvfifo.rf/grf.rf/gntv_or_sync_fifo.gl0.rd/gras.grdc1.rdc/rd_dc_i_7" (FF)
removed.
 Sourceless block
"u_sdram_vga_top/u_sdram_2fifo_top/u_dcfifo_ctrl/u_rdfifo/U0/xst_fifo_generator/
gconvfifo.rf/grf.rf/gntv_or_sync_fifo.gl0.rd/gras.grdc1.rdc/Msub_GND_34_o_GND_34
_o_sub_2_OUT<8:0>_cy<7>" (MUX) removed.
The signal
"u_sdram_vga_top/u_sdram_2fifo_top/u_dcfifo_ctrl/u_rdfifo/U0/xst_fifo_generator/
gconvfifo.rf/grf.rf/gntv_or_sync_fifo.gl0.rd/gras.grdc1.rdc/Msub_GND_34_o_GND_34
_o_sub_2_OUT<8:0>_lut<7>" is sourceless and has been removed.
The signal
"u_sdram_vga_top/u_sdram_2fifo_top/u_dcfifo_ctrl/u_rdfifo/U0/xst_fifo_generator/
gconvfifo.rf/grf.rf/gntv_or_sync_fifo.gl0.rd/gras.grdc1.rdc/Msub_GND_34_o_GND_34
_o_sub_2_OUT<8:0>_cy<5>" is sourceless and has been removed.
 Sourceless block
"u_sdram_vga_top/u_sdram_2fifo_top/u_dcfifo_ctrl/u_rdfifo/U0/xst_fifo_generator/
gconvfifo.rf/grf.rf/gntv_or_sync_fifo.gl0.rd/gras.grdc1.rdc/Msub_GND_34_o_GND_34
_o_sub_2_OUT<8:0>_xor<6>" (XOR) removed.
  The signal
"u_sdram_vga_top/u_sdram_2fifo_top/u_dcfifo_ctrl/u_rdfifo/U0/xst_fifo_generator/
gconvfifo.rf/grf.rf/gntv_or_sync_fifo.gl0.rd/gras.grdc1.rdc/GND_34_o_GND_34_o_su
b_2_OUT<6>" is sourceless and has been removed.
   Sourceless block
"u_sdram_vga_top/u_sdram_2fifo_top/u_dcfifo_ctrl/u_rdfifo/U0/xst_fifo_generator/
gconvfifo.rf/grf.rf/gntv_or_sync_fifo.gl0.rd/gras.grdc1.rdc/rd_dc_i_6" (FF)
removed.
 Sourceless block
"u_sdram_vga_top/u_sdram_2fifo_top/u_dcfifo_ctrl/u_rdfifo/U0/xst_fifo_generator/
gconvfifo.rf/grf.rf/gntv_or_sync_fifo.gl0.rd/gras.grdc1.rdc/Msub_GND_34_o_GND_34
_o_sub_2_OUT<8:0>_cy<6>" (MUX) removed.
The signal
"u_sdram_vga_top/u_sdram_2fifo_top/u_dcfifo_ctrl/u_rdfifo/U0/xst_fifo_generator/
gconvfifo.rf/grf.rf/gntv_or_sync_fifo.gl0.rd/gras.grdc1.rdc/Msub_GND_34_o_GND_34
_o_sub_2_OUT<8:0>_lut<6>" is sourceless and has been removed.
The signal
"u_sdram_vga_top/u_sdram_2fifo_top/u_dcfifo_ctrl/u_rdfifo/U0/xst_fifo_generator/
gconvfifo.rf/grf.rf/gntv_or_sync_fifo.gl0.rd/gras.grdc1.rdc/Msub_GND_34_o_GND_34
_o_sub_2_OUT<8:0>_cy<4>" is sourceless and has been removed.
 Sourceless block
"u_sdram_vga_top/u_sdram_2fifo_top/u_dcfifo_ctrl/u_rdfifo/U0/xst_fifo_generator/
gconvfifo.rf/grf.rf/gntv_or_sync_fifo.gl0.rd/gras.grdc1.rdc/Msub_GND_34_o_GND_34
_o_sub_2_OUT<8:0>_xor<5>" (XOR) removed.
  The signal
"u_sdram_vga_top/u_sdram_2fifo_top/u_dcfifo_ctrl/u_rdfifo/U0/xst_fifo_generator/
gconvfifo.rf/grf.rf/gntv_or_sync_fifo.gl0.rd/gras.grdc1.rdc/GND_34_o_GND_34_o_su
b_2_OUT<5>" is sourceless and has been removed.
   Sourceless block
"u_sdram_vga_top/u_sdram_2fifo_top/u_dcfifo_ctrl/u_rdfifo/U0/xst_fifo_generator/
gconvfifo.rf/grf.rf/gntv_or_sync_fifo.gl0.rd/gras.grdc1.rdc/rd_dc_i_5" (FF)
removed.
 Sourceless block
"u_sdram_vga_top/u_sdram_2fifo_top/u_dcfifo_ctrl/u_rdfifo/U0/xst_fifo_generator/
gconvfifo.rf/grf.rf/gntv_or_sync_fifo.gl0.rd/gras.grdc1.rdc/Msub_GND_34_o_GND_34
_o_sub_2_OUT<8:0>_cy<5>" (MUX) removed.
The signal
"u_sdram_vga_top/u_sdram_2fifo_top/u_dcfifo_ctrl/u_rdfifo/U0/xst_fifo_generator/
gconvfifo.rf/grf.rf/gntv_or_sync_fifo.gl0.rd/gras.grdc1.rdc/Msub_GND_34_o_GND_34
_o_sub_2_OUT<8:0>_lut<5>" is sourceless and has been removed.
The signal
"u_sdram_vga_top/u_sdram_2fifo_top/u_dcfifo_ctrl/u_rdfifo/U0/xst_fifo_generator/
gconvfifo.rf/grf.rf/gntv_or_sync_fifo.gl0.rd/gras.grdc1.rdc/Msub_GND_34_o_GND_34
_o_sub_2_OUT<8:0>_cy<3>" is sourceless and has been removed.
 Sourceless block
"u_sdram_vga_top/u_sdram_2fifo_top/u_dcfifo_ctrl/u_rdfifo/U0/xst_fifo_generator/
gconvfifo.rf/grf.rf/gntv_or_sync_fifo.gl0.rd/gras.grdc1.rdc/Msub_GND_34_o_GND_34
_o_sub_2_OUT<8:0>_xor<4>" (XOR) removed.
  The signal
"u_sdram_vga_top/u_sdram_2fifo_top/u_dcfifo_ctrl/u_rdfifo/U0/xst_fifo_generator/
gconvfifo.rf/grf.rf/gntv_or_sync_fifo.gl0.rd/gras.grdc1.rdc/GND_34_o_GND_34_o_su
b_2_OUT<4>" is sourceless and has been removed.
   Sourceless block
"u_sdram_vga_top/u_sdram_2fifo_top/u_dcfifo_ctrl/u_rdfifo/U0/xst_fifo_generator/
gconvfifo.rf/grf.rf/gntv_or_sync_fifo.gl0.rd/gras.grdc1.rdc/rd_dc_i_4" (FF)
removed.
 Sourceless block
"u_sdram_vga_top/u_sdram_2fifo_top/u_dcfifo_ctrl/u_rdfifo/U0/xst_fifo_generator/
gconvfifo.rf/grf.rf/gntv_or_sync_fifo.gl0.rd/gras.grdc1.rdc/Msub_GND_34_o_GND_34
_o_sub_2_OUT<8:0>_cy<4>" (MUX) removed.
The signal
"u_sdram_vga_top/u_sdram_2fifo_top/u_dcfifo_ctrl/u_rdfifo/U0/xst_fifo_generator/
gconvfifo.rf/grf.rf/gntv_or_sync_fifo.gl0.rd/gras.grdc1.rdc/Msub_GND_34_o_GND_34
_o_sub_2_OUT<8:0>_lut<4>" is sourceless and has been removed.
The signal
"u_sdram_vga_top/u_sdram_2fifo_top/u_dcfifo_ctrl/u_rdfifo/U0/xst_fifo_generator/
gconvfifo.rf/grf.rf/gntv_or_sync_fifo.gl0.rd/gras.grdc1.rdc/Msub_GND_34_o_GND_34
_o_sub_2_OUT<8:0>_cy<2>" is sourceless and has been removed.
 Sourceless block
"u_sdram_vga_top/u_sdram_2fifo_top/u_dcfifo_ctrl/u_rdfifo/U0/xst_fifo_generator/
gconvfifo.rf/grf.rf/gntv_or_sync_fifo.gl0.rd/gras.grdc1.rdc/Msub_GND_34_o_GND_34
_o_sub_2_OUT<8:0>_xor<3>" (XOR) removed.
  The signal
"u_sdram_vga_top/u_sdram_2fifo_top/u_dcfifo_ctrl/u_rdfifo/U0/xst_fifo_generator/
gconvfifo.rf/grf.rf/gntv_or_sync_fifo.gl0.rd/gras.grdc1.rdc/GND_34_o_GND_34_o_su
b_2_OUT<3>" is sourceless and has been removed.
   Sourceless block
"u_sdram_vga_top/u_sdram_2fifo_top/u_dcfifo_ctrl/u_rdfifo/U0/xst_fifo_generator/
gconvfifo.rf/grf.rf/gntv_or_sync_fifo.gl0.rd/gras.grdc1.rdc/rd_dc_i_3" (FF)
removed.
 Sourceless block
"u_sdram_vga_top/u_sdram_2fifo_top/u_dcfifo_ctrl/u_rdfifo/U0/xst_fifo_generator/
gconvfifo.rf/grf.rf/gntv_or_sync_fifo.gl0.rd/gras.grdc1.rdc/Msub_GND_34_o_GND_34
_o_sub_2_OUT<8:0>_cy<3>" (MUX) removed.
The signal
"u_sdram_vga_top/u_sdram_2fifo_top/u_dcfifo_ctrl/u_rdfifo/U0/xst_fifo_generator/
gconvfifo.rf/grf.rf/gntv_or_sync_fifo.gl0.rd/gras.grdc1.rdc/Msub_GND_34_o_GND_34
_o_sub_2_OUT<8:0>_lut<3>" is sourceless and has been removed.
The signal
"u_sdram_vga_top/u_sdram_2fifo_top/u_dcfifo_ctrl/u_rdfifo/U0/xst_fifo_generator/
gconvfifo.rf/grf.rf/gntv_or_sync_fifo.gl0.rd/gras.grdc1.rdc/Msub_GND_34_o_GND_34
_o_sub_2_OUT<8:0>_cy<1>" is sourceless and has been removed.
 Sourceless block
"u_sdram_vga_top/u_sdram_2fifo_top/u_dcfifo_ctrl/u_rdfifo/U0/xst_fifo_generator/
gconvfifo.rf/grf.rf/gntv_or_sync_fifo.gl0.rd/gras.grdc1.rdc/Msub_GND_34_o_GND_34
_o_sub_2_OUT<8:0>_xor<2>" (XOR) removed.
  The signal
"u_sdram_vga_top/u_sdram_2fifo_top/u_dcfifo_ctrl/u_rdfifo/U0/xst_fifo_generator/
gconvfifo.rf/grf.rf/gntv_or_sync_fifo.gl0.rd/gras.grdc1.rdc/GND_34_o_GND_34_o_su
b_2_OUT<2>" is sourceless and has been removed.
   Sourceless block
"u_sdram_vga_top/u_sdram_2fifo_top/u_dcfifo_ctrl/u_rdfifo/U0/xst_fifo_generator/
gconvfifo.rf/grf.rf/gntv_or_sync_fifo.gl0.rd/gras.grdc1.rdc/rd_dc_i_2" (FF)
removed.
 Sourceless block
"u_sdram_vga_top/u_sdram_2fifo_top/u_dcfifo_ctrl/u_rdfifo/U0/xst_fifo_generator/
gconvfifo.rf/grf.rf/gntv_or_sync_fifo.gl0.rd/gras.grdc1.rdc/Msub_GND_34_o_GND_34
_o_sub_2_OUT<8:0>_cy<2>" (MUX) removed.
The signal
"u_sdram_vga_top/u_sdram_2fifo_top/u_dcfifo_ctrl/u_rdfifo/U0/xst_fifo_generator/
gconvfifo.rf/grf.rf/gntv_or_sync_fifo.gl0.rd/gras.grdc1.rdc/Msub_GND_34_o_GND_34
_o_sub_2_OUT<8:0>_lut<2>" is sourceless and has been removed.
The signal
"u_sdram_vga_top/u_sdram_2fifo_top/u_dcfifo_ctrl/u_rdfifo/U0/xst_fifo_generator/
gconvfifo.rf/grf.rf/gntv_or_sync_fifo.gl0.rd/gras.grdc1.rdc/Msub_GND_34_o_GND_34
_o_sub_2_OUT<8:0>_cy<0>" is sourceless and has been removed.
 Sourceless block
"u_sdram_vga_top/u_sdram_2fifo_top/u_dcfifo_ctrl/u_rdfifo/U0/xst_fifo_generator/
gconvfifo.rf/grf.rf/gntv_or_sync_fifo.gl0.rd/gras.grdc1.rdc/Msub_GND_34_o_GND_34
_o_sub_2_OUT<8:0>_xor<1>" (XOR) removed.
  The signal
"u_sdram_vga_top/u_sdram_2fifo_top/u_dcfifo_ctrl/u_rdfifo/U0/xst_fifo_generator/
gconvfifo.rf/grf.rf/gntv_or_sync_fifo.gl0.rd/gras.grdc1.rdc/GND_34_o_GND_34_o_su
b_2_OUT<1>" is sourceless and has been removed.
   Sourceless block
"u_sdram_vga_top/u_sdram_2fifo_top/u_dcfifo_ctrl/u_rdfifo/U0/xst_fifo_generator/
gconvfifo.rf/grf.rf/gntv_or_sync_fifo.gl0.rd/gras.grdc1.rdc/rd_dc_i_1" (FF)
removed.
 Sourceless block
"u_sdram_vga_top/u_sdram_2fifo_top/u_dcfifo_ctrl/u_rdfifo/U0/xst_fifo_generator/
gconvfifo.rf/grf.rf/gntv_or_sync_fifo.gl0.rd/gras.grdc1.rdc/Msub_GND_34_o_GND_34
_o_sub_2_OUT<8:0>_cy<1>" (MUX) removed.
The signal
"u_sdram_vga_top/u_sdram_2fifo_top/u_dcfifo_ctrl/u_rdfifo/U0/xst_fifo_generator/
gconvfifo.rf/grf.rf/gntv_or_sync_fifo.gl0.rd/gras.grdc1.rdc/Msub_GND_34_o_GND_34
_o_sub_2_OUT<8:0>_lut<1>" is sourceless and has been removed.
The signal
"u_sdram_vga_top/u_sdram_2fifo_top/u_dcfifo_ctrl/u_rdfifo/U0/xst_fifo_generator/
gconvfifo.rf/grf.rf/gntv_or_sync_fifo.gl0.rd/gras.grdc1.rdc/Msub_GND_34_o_GND_34
_o_sub_2_OUT<8:0>_lut<0>" is sourceless and has been removed.
 Sourceless block
"u_sdram_vga_top/u_sdram_2fifo_top/u_dcfifo_ctrl/u_rdfifo/U0/xst_fifo_generator/
gconvfifo.rf/grf.rf/gntv_or_sync_fifo.gl0.rd/gras.grdc1.rdc/Msub_GND_34_o_GND_34
_o_sub_2_OUT<8:0>_xor<0>" (XOR) removed.
  The signal
"u_sdram_vga_top/u_sdram_2fifo_top/u_dcfifo_ctrl/u_rdfifo/U0/xst_fifo_generator/
gconvfifo.rf/grf.rf/gntv_or_sync_fifo.gl0.rd/gras.grdc1.rdc/GND_34_o_GND_34_o_su
b_2_OUT<0>" is sourceless and has been removed.
   Sourceless block
"u_sdram_vga_top/u_sdram_2fifo_top/u_dcfifo_ctrl/u_rdfifo/U0/xst_fifo_generator/
gconvfifo.rf/grf.rf/gntv_or_sync_fifo.gl0.rd/gras.grdc1.rdc/rd_dc_i_0" (FF)
removed.
 Sourceless block
"u_sdram_vga_top/u_sdram_2fifo_top/u_dcfifo_ctrl/u_rdfifo/U0/xst_fifo_generator/
gconvfifo.rf/grf.rf/gntv_or_sync_fifo.gl0.rd/gras.grdc1.rdc/Msub_GND_34_o_GND_34
_o_sub_2_OUT<8:0>_cy<0>" (MUX) removed.
The signal
"u_sdram_vga_top/u_sdram_2fifo_top/u_dcfifo_ctrl/u_rdfifo/U0/xst_fifo_generator/
gconvfifo.rf/grf.rf/gntv_or_sync_fifo.gl0.wr/gwas.gwdc0.wdc/GND_40_o_GND_40_o_su
b_2_OUT<7>" is sourceless and has been removed.
 Sourceless block
"u_sdram_vga_top/u_sdram_2fifo_top/u_dcfifo_ctrl/u_rdfifo/U0/xst_fifo_generator/
gconvfifo.rf/grf.rf/gntv_or_sync_fifo.gl0.wr/gwas.gwdc0.wdc/wr_data_count_i_7"
(FF) removed.
The signal
"u_sdram_vga_top/u_sdram_2fifo_top/u_dcfifo_ctrl/u_rdfifo/U0/xst_fifo_generator/
gconvfifo.rf/grf.rf/gntv_or_sync_fifo.gl0.wr/gwas.gwdc0.wdc/GND_40_o_GND_40_o_su
b_2_OUT<6>" is sourceless and has been removed.
 Sourceless block
"u_sdram_vga_top/u_sdram_2fifo_top/u_dcfifo_ctrl/u_rdfifo/U0/xst_fifo_generator/
gconvfifo.rf/grf.rf/gntv_or_sync_fifo.gl0.wr/gwas.gwdc0.wdc/wr_data_count_i_6"
(FF) removed.
The signal
"u_sdram_vga_top/u_sdram_2fifo_top/u_dcfifo_ctrl/u_rdfifo/U0/xst_fifo_generator/
gconvfifo.rf/grf.rf/gntv_or_sync_fifo.gl0.wr/gwas.gwdc0.wdc/GND_40_o_GND_40_o_su
b_2_OUT<5>" is sourceless and has been removed.
 Sourceless block
"u_sdram_vga_top/u_sdram_2fifo_top/u_dcfifo_ctrl/u_rdfifo/U0/xst_fifo_generator/
gconvfifo.rf/grf.rf/gntv_or_sync_fifo.gl0.wr/gwas.gwdc0.wdc/wr_data_count_i_5"
(FF) removed.
The signal
"u_sdram_vga_top/u_sdram_2fifo_top/u_dcfifo_ctrl/u_rdfifo/U0/xst_fifo_generator/
gconvfifo.rf/grf.rf/gntv_or_sync_fifo.gl0.wr/gwas.gwdc0.wdc/GND_40_o_GND_40_o_su
b_2_OUT<4>" is sourceless and has been removed.
 Sourceless block
"u_sdram_vga_top/u_sdram_2fifo_top/u_dcfifo_ctrl/u_rdfifo/U0/xst_fifo_generator/
gconvfifo.rf/grf.rf/gntv_or_sync_fifo.gl0.wr/gwas.gwdc0.wdc/wr_data_count_i_4"
(FF) removed.
The signal
"u_sdram_vga_top/u_sdram_2fifo_top/u_dcfifo_ctrl/u_rdfifo/U0/xst_fifo_generator/
gconvfifo.rf/grf.rf/gntv_or_sync_fifo.gl0.wr/gwas.gwdc0.wdc/GND_40_o_GND_40_o_su
b_2_OUT<3>" is sourceless and has been removed.
 Sourceless block
"u_sdram_vga_top/u_sdram_2fifo_top/u_dcfifo_ctrl/u_rdfifo/U0/xst_fifo_generator/
gconvfifo.rf/grf.rf/gntv_or_sync_fifo.gl0.wr/gwas.gwdc0.wdc/wr_data_count_i_3"
(FF) removed.
The signal
"u_sdram_vga_top/u_sdram_2fifo_top/u_dcfifo_ctrl/u_rdfifo/U0/xst_fifo_generator/
gconvfifo.rf/grf.rf/gntv_or_sync_fifo.gl0.wr/gwas.gwdc0.wdc/GND_40_o_GND_40_o_su
b_2_OUT<2>" is sourceless and has been removed.
 Sourceless block
"u_sdram_vga_top/u_sdram_2fifo_top/u_dcfifo_ctrl/u_rdfifo/U0/xst_fifo_generator/
gconvfifo.rf/grf.rf/gntv_or_sync_fifo.gl0.wr/gwas.gwdc0.wdc/wr_data_count_i_2"
(FF) removed.
The signal
"u_sdram_vga_top/u_sdram_2fifo_top/u_dcfifo_ctrl/u_rdfifo/U0/xst_fifo_generator/
gconvfifo.rf/grf.rf/gntv_or_sync_fifo.gl0.wr/gwas.gwdc0.wdc/GND_40_o_GND_40_o_su
b_2_OUT<1>" is sourceless and has been removed.
 Sourceless block
"u_sdram_vga_top/u_sdram_2fifo_top/u_dcfifo_ctrl/u_rdfifo/U0/xst_fifo_generator/
gconvfifo.rf/grf.rf/gntv_or_sync_fifo.gl0.wr/gwas.gwdc0.wdc/wr_data_count_i_1"
(FF) removed.
The signal
"u_sdram_vga_top/u_sdram_2fifo_top/u_dcfifo_ctrl/u_rdfifo/U0/xst_fifo_generator/
gconvfifo.rf/grf.rf/gntv_or_sync_fifo.gl0.wr/gwas.gwdc0.wdc/GND_40_o_GND_40_o_su
b_2_OUT<0>" is sourceless and has been removed.
 Sourceless block
"u_sdram_vga_top/u_sdram_2fifo_top/u_dcfifo_ctrl/u_rdfifo/U0/xst_fifo_generator/
gconvfifo.rf/grf.rf/gntv_or_sync_fifo.gl0.wr/gwas.gwdc0.wdc/wr_data_count_i_0"
(FF) removed.
Unused block
"u_sdram_vga_top/u_sdram_2fifo_top/u_dcfifo_ctrl/u_rdfifo/U0/xst_fifo_generator/
gconvfifo.rf/grf.rf/gntv_or_sync_fifo.gl0.rd/gras.grdc1.rdc/Msub_GND_34_o_GND_34
_o_sub_2_OUT<8:0>_lut<0>" (ROM) removed.
Unused block
"u_sdram_vga_top/u_sdram_2fifo_top/u_dcfifo_ctrl/u_rdfifo/U0/xst_fifo_generator/
gconvfifo.rf/grf.rf/gntv_or_sync_fifo.gl0.rd/gras.grdc1.rdc/Msub_GND_34_o_GND_34
_o_sub_2_OUT<8:0>_lut<1>" (ROM) removed.
Unused block
"u_sdram_vga_top/u_sdram_2fifo_top/u_dcfifo_ctrl/u_rdfifo/U0/xst_fifo_generator/
gconvfifo.rf/grf.rf/gntv_or_sync_fifo.gl0.rd/gras.grdc1.rdc/Msub_GND_34_o_GND_34
_o_sub_2_OUT<8:0>_lut<2>" (ROM) removed.
Unused block
"u_sdram_vga_top/u_sdram_2fifo_top/u_dcfifo_ctrl/u_rdfifo/U0/xst_fifo_generator/
gconvfifo.rf/grf.rf/gntv_or_sync_fifo.gl0.rd/gras.grdc1.rdc/Msub_GND_34_o_GND_34
_o_sub_2_OUT<8:0>_lut<3>" (ROM) removed.
Unused block
"u_sdram_vga_top/u_sdram_2fifo_top/u_dcfifo_ctrl/u_rdfifo/U0/xst_fifo_generator/
gconvfifo.rf/grf.rf/gntv_or_sync_fifo.gl0.rd/gras.grdc1.rdc/Msub_GND_34_o_GND_34
_o_sub_2_OUT<8:0>_lut<4>" (ROM) removed.
Unused block
"u_sdram_vga_top/u_sdram_2fifo_top/u_dcfifo_ctrl/u_rdfifo/U0/xst_fifo_generator/
gconvfifo.rf/grf.rf/gntv_or_sync_fifo.gl0.rd/gras.grdc1.rdc/Msub_GND_34_o_GND_34
_o_sub_2_OUT<8:0>_lut<5>" (ROM) removed.
Unused block
"u_sdram_vga_top/u_sdram_2fifo_top/u_dcfifo_ctrl/u_rdfifo/U0/xst_fifo_generator/
gconvfifo.rf/grf.rf/gntv_or_sync_fifo.gl0.rd/gras.grdc1.rdc/Msub_GND_34_o_GND_34
_o_sub_2_OUT<8:0>_lut<6>" (ROM) removed.
Unused block
"u_sdram_vga_top/u_sdram_2fifo_top/u_dcfifo_ctrl/u_rdfifo/U0/xst_fifo_generator/
gconvfifo.rf/grf.rf/gntv_or_sync_fifo.gl0.rd/gras.grdc1.rdc/Msub_GND_34_o_GND_34
_o_sub_2_OUT<8:0>_lut<7>" (ROM) removed.
Unused block
"u_sdram_vga_top/u_sdram_2fifo_top/u_dcfifo_ctrl/u_rdfifo/U0/xst_fifo_generator/
gconvfifo.rf/grf.rf/gntv_or_sync_fifo.gl0.rd/gras.grdc1.rdc/Msub_GND_34_o_GND_34
_o_sub_2_OUT<8:0>_lut<8>" (ROM) removed.
Unused block
"u_sdram_vga_top/u_sdram_2fifo_top/u_dcfifo_ctrl/u_rdfifo/U0/xst_fifo_generator/
gconvfifo.rf/grf.rf/gntv_or_sync_fifo.gl0.rd/gras.rsts/ram_empty_i" (FF)
removed.
Unused block
"u_sdram_vga_top/u_sdram_2fifo_top/u_dcfifo_ctrl/u_rdfifo/U0/xst_fifo_generator/
gconvfifo.rf/grf.rf/gntv_or_sync_fifo.gl0.wr/gwas.gwdc0.wdc/Msub_GND_40_o_GND_40
_o_sub_2_OUT<8:0>_xor<0>" (XOR) removed.
Unused block
"u_sdram_vga_top/u_sdram_2fifo_top/u_dcfifo_ctrl/u_rdfifo/U0/xst_fifo_generator/
gconvfifo.rf/grf.rf/gntv_or_sync_fifo.gl0.wr/gwas.gwdc0.wdc/Msub_GND_40_o_GND_40
_o_sub_2_OUT<8:0>_xor<1>" (XOR) removed.
Unused block
"u_sdram_vga_top/u_sdram_2fifo_top/u_dcfifo_ctrl/u_rdfifo/U0/xst_fifo_generator/
gconvfifo.rf/grf.rf/gntv_or_sync_fifo.gl0.wr/gwas.gwdc0.wdc/Msub_GND_40_o_GND_40
_o_sub_2_OUT<8:0>_xor<2>" (XOR) removed.
Unused block
"u_sdram_vga_top/u_sdram_2fifo_top/u_dcfifo_ctrl/u_rdfifo/U0/xst_fifo_generator/
gconvfifo.rf/grf.rf/gntv_or_sync_fifo.gl0.wr/gwas.gwdc0.wdc/Msub_GND_40_o_GND_40
_o_sub_2_OUT<8:0>_xor<3>" (XOR) removed.
Unused block
"u_sdram_vga_top/u_sdram_2fifo_top/u_dcfifo_ctrl/u_rdfifo/U0/xst_fifo_generator/
gconvfifo.rf/grf.rf/gntv_or_sync_fifo.gl0.wr/gwas.gwdc0.wdc/Msub_GND_40_o_GND_40
_o_sub_2_OUT<8:0>_xor<4>" (XOR) removed.
Unused block
"u_sdram_vga_top/u_sdram_2fifo_top/u_dcfifo_ctrl/u_rdfifo/U0/xst_fifo_generator/
gconvfifo.rf/grf.rf/gntv_or_sync_fifo.gl0.wr/gwas.gwdc0.wdc/Msub_GND_40_o_GND_40
_o_sub_2_OUT<8:0>_xor<5>" (XOR) removed.
Unused block
"u_sdram_vga_top/u_sdram_2fifo_top/u_dcfifo_ctrl/u_rdfifo/U0/xst_fifo_generator/
gconvfifo.rf/grf.rf/gntv_or_sync_fifo.gl0.wr/gwas.gwdc0.wdc/Msub_GND_40_o_GND_40
_o_sub_2_OUT<8:0>_xor<6>" (XOR) removed.
Unused block
"u_sdram_vga_top/u_sdram_2fifo_top/u_dcfifo_ctrl/u_rdfifo/U0/xst_fifo_generator/
gconvfifo.rf/grf.rf/gntv_or_sync_fifo.gl0.wr/gwas.gwdc0.wdc/Msub_GND_40_o_GND_40
_o_sub_2_OUT<8:0>_xor<7>" (XOR) removed.
Unused block
"u_sdram_vga_top/u_sdram_2fifo_top/u_dcfifo_ctrl/u_rdfifo/U0/xst_fifo_generator/
gconvfifo.rf/grf.rf/gntv_or_sync_fifo.gl0.wr/gwas.wsts/ram_full_i" (FF) removed.
Unused block
"u_sdram_vga_top/u_sdram_2fifo_top/u_dcfifo_ctrl/u_wrfifo/U0/xst_fifo_generator/
gconvfifo.rf/grf.rf/gntv_or_sync_fifo.gl0.rd/gras.grdc1.rdc/Msub_GND_192_o_GND_1
92_o_sub_2_OUT<8:0>_xor<0>" (XOR) removed.
Unused block
"u_sdram_vga_top/u_sdram_2fifo_top/u_dcfifo_ctrl/u_wrfifo/U0/xst_fifo_generator/
gconvfifo.rf/grf.rf/gntv_or_sync_fifo.gl0.rd/gras.grdc1.rdc/Msub_GND_192_o_GND_1
92_o_sub_2_OUT<8:0>_xor<1>" (XOR) removed.
Unused block
"u_sdram_vga_top/u_sdram_2fifo_top/u_dcfifo_ctrl/u_wrfifo/U0/xst_fifo_generator/
gconvfifo.rf/grf.rf/gntv_or_sync_fifo.gl0.rd/gras.grdc1.rdc/Msub_GND_192_o_GND_1
92_o_sub_2_OUT<8:0>_xor<2>" (XOR) removed.
Unused block
"u_sdram_vga_top/u_sdram_2fifo_top/u_dcfifo_ctrl/u_wrfifo/U0/xst_fifo_generator/
gconvfifo.rf/grf.rf/gntv_or_sync_fifo.gl0.rd/gras.grdc1.rdc/Msub_GND_192_o_GND_1
92_o_sub_2_OUT<8:0>_xor<3>" (XOR) removed.
Unused block
"u_sdram_vga_top/u_sdram_2fifo_top/u_dcfifo_ctrl/u_wrfifo/U0/xst_fifo_generator/
gconvfifo.rf/grf.rf/gntv_or_sync_fifo.gl0.rd/gras.grdc1.rdc/Msub_GND_192_o_GND_1
92_o_sub_2_OUT<8:0>_xor<4>" (XOR) removed.
Unused block
"u_sdram_vga_top/u_sdram_2fifo_top/u_dcfifo_ctrl/u_wrfifo/U0/xst_fifo_generator/
gconvfifo.rf/grf.rf/gntv_or_sync_fifo.gl0.rd/gras.grdc1.rdc/Msub_GND_192_o_GND_1
92_o_sub_2_OUT<8:0>_xor<5>" (XOR) removed.
Unused block
"u_sdram_vga_top/u_sdram_2fifo_top/u_dcfifo_ctrl/u_wrfifo/U0/xst_fifo_generator/
gconvfifo.rf/grf.rf/gntv_or_sync_fifo.gl0.rd/gras.grdc1.rdc/Msub_GND_192_o_GND_1
92_o_sub_2_OUT<8:0>_xor<6>" (XOR) removed.
Unused block
"u_sdram_vga_top/u_sdram_2fifo_top/u_dcfifo_ctrl/u_wrfifo/U0/xst_fifo_generator/
gconvfifo.rf/grf.rf/gntv_or_sync_fifo.gl0.rd/gras.grdc1.rdc/Msub_GND_192_o_GND_1
92_o_sub_2_OUT<8:0>_xor<7>" (XOR) removed.
Unused block
"u_sdram_vga_top/u_sdram_2fifo_top/u_dcfifo_ctrl/u_wrfifo/U0/xst_fifo_generator/
gconvfifo.rf/grf.rf/gntv_or_sync_fifo.gl0.rd/gras.rsts/ram_empty_i" (FF)
removed.
Unused block
"u_sdram_vga_top/u_sdram_2fifo_top/u_dcfifo_ctrl/u_wrfifo/U0/xst_fifo_generator/
gconvfifo.rf/grf.rf/gntv_or_sync_fifo.gl0.wr/gwas.gwdc0.wdc/Msub_GND_198_o_GND_1
98_o_sub_2_OUT<8:0>_lut<0>" (ROM) removed.
Unused block
"u_sdram_vga_top/u_sdram_2fifo_top/u_dcfifo_ctrl/u_wrfifo/U0/xst_fifo_generator/
gconvfifo.rf/grf.rf/gntv_or_sync_fifo.gl0.wr/gwas.gwdc0.wdc/Msub_GND_198_o_GND_1
98_o_sub_2_OUT<8:0>_lut<1>" (ROM) removed.
Unused block
"u_sdram_vga_top/u_sdram_2fifo_top/u_dcfifo_ctrl/u_wrfifo/U0/xst_fifo_generator/
gconvfifo.rf/grf.rf/gntv_or_sync_fifo.gl0.wr/gwas.gwdc0.wdc/Msub_GND_198_o_GND_1
98_o_sub_2_OUT<8:0>_lut<2>" (ROM) removed.
Unused block
"u_sdram_vga_top/u_sdram_2fifo_top/u_dcfifo_ctrl/u_wrfifo/U0/xst_fifo_generator/
gconvfifo.rf/grf.rf/gntv_or_sync_fifo.gl0.wr/gwas.gwdc0.wdc/Msub_GND_198_o_GND_1
98_o_sub_2_OUT<8:0>_lut<3>" (ROM) removed.
Unused block
"u_sdram_vga_top/u_sdram_2fifo_top/u_dcfifo_ctrl/u_wrfifo/U0/xst_fifo_generator/
gconvfifo.rf/grf.rf/gntv_or_sync_fifo.gl0.wr/gwas.gwdc0.wdc/Msub_GND_198_o_GND_1
98_o_sub_2_OUT<8:0>_lut<4>" (ROM) removed.
Unused block
"u_sdram_vga_top/u_sdram_2fifo_top/u_dcfifo_ctrl/u_wrfifo/U0/xst_fifo_generator/
gconvfifo.rf/grf.rf/gntv_or_sync_fifo.gl0.wr/gwas.gwdc0.wdc/Msub_GND_198_o_GND_1
98_o_sub_2_OUT<8:0>_lut<5>" (ROM) removed.
Unused block
"u_sdram_vga_top/u_sdram_2fifo_top/u_dcfifo_ctrl/u_wrfifo/U0/xst_fifo_generator/
gconvfifo.rf/grf.rf/gntv_or_sync_fifo.gl0.wr/gwas.gwdc0.wdc/Msub_GND_198_o_GND_1
98_o_sub_2_OUT<8:0>_lut<6>" (ROM) removed.
Unused block
"u_sdram_vga_top/u_sdram_2fifo_top/u_dcfifo_ctrl/u_wrfifo/U0/xst_fifo_generator/
gconvfifo.rf/grf.rf/gntv_or_sync_fifo.gl0.wr/gwas.gwdc0.wdc/Msub_GND_198_o_GND_1
98_o_sub_2_OUT<8:0>_lut<7>" (ROM) removed.
Unused block
"u_sdram_vga_top/u_sdram_2fifo_top/u_dcfifo_ctrl/u_wrfifo/U0/xst_fifo_generator/
gconvfifo.rf/grf.rf/gntv_or_sync_fifo.gl0.wr/gwas.gwdc0.wdc/Msub_GND_198_o_GND_1
98_o_sub_2_OUT<8:0>_lut<8>" (ROM) removed.
Unused block
"u_sdram_vga_top/u_sdram_2fifo_top/u_dcfifo_ctrl/u_wrfifo/U0/xst_fifo_generator/
gconvfifo.rf/grf.rf/gntv_or_sync_fifo.gl0.wr/gwas.wsts/ram_full_i" (FF) removed.

Optimized Block(s):
TYPE 		BLOCK
GND 		XST_GND
VCC 		XST_VCC
GND 		u_sdram_vga_top/u_sdram_2fifo_top/u_dcfifo_ctrl/u_rdfifo/XST_GND
VCC 		u_sdram_vga_top/u_sdram_2fifo_top/u_dcfifo_ctrl/u_rdfifo/XST_VCC
GND
		u_sdram_vga_top/u_sdram_2fifo_top/u_dcfifo_ctrl/u_wrfifo/U0/xst_fifo_generator
/gconvfifo.rf/grf.rf/gntv_or_sync_fifo.mem/gbm.gbmg.gbmga.ngecc.bmg/gnativebmg.n
ative_blk_mem_gen/valid.cstr/XST_GND
GND 		u_sdram_vga_top/u_sdram_2fifo_top/u_dcfifo_ctrl/u_wrfifo/XST_GND
VCC 		u_sdram_vga_top/u_sdram_2fifo_top/u_dcfifo_ctrl/u_wrfifo/XST_VCC

To enable printing of redundant blocks removed and signals merged, set the
detailed map report option and rerun map.

Section 6 - IOB Properties
--------------------------

+---------------------------------------------------------------------------------------------------------------------------------------------------------+
| IOB Name                           | Type             | Direction | IO Standard          | Diff  | Drive    | Slew | Reg (s)      | Resistor | IOB      |
|                                    |                  |           |                      | Term  | Strength | Rate |              |          | Delay    |
+---------------------------------------------------------------------------------------------------------------------------------------------------------+
| CLOCK                              | IOB              | INPUT     | LVCMOS25             |       |          |      |              |          |          |
| CMOS_DB<0>                         | IOB              | INPUT     | LVCMOS33             |       |          |      |              |          |          |
| CMOS_DB<1>                         | IOB              | INPUT     | LVCMOS33             |       |          |      |              |          |          |
| CMOS_DB<2>                         | IOB              | INPUT     | LVCMOS33             |       |          |      |              |          |          |
| CMOS_DB<3>                         | IOB              | INPUT     | LVCMOS33             |       |          |      |              |          |          |
| CMOS_DB<4>                         | IOB              | INPUT     | LVCMOS33             |       |          |      |              |          |          |
| CMOS_DB<5>                         | IOB              | INPUT     | LVCMOS33             |       |          |      |              |          |          |
| CMOS_DB<6>                         | IOB              | INPUT     | LVCMOS33             |       |          |      |              |          |          |
| CMOS_DB<7>                         | IOB              | INPUT     | LVCMOS33             |       |          |      |              |          |          |
| CMOS_HREF                          | IOB              | INPUT     | LVCMOS33             |       |          |      |              |          |          |
| CMOS_PCLK                          | IOB              | INPUT     | LVCMOS33             |       |          |      |              |          |          |
| CMOS_SCLK                          | IOB              | OUTPUT    | LVCMOS33             |       | 12       | SLOW |              |          |          |
| CMOS_SDAT                          | IOB              | BIDIR     | LVCMOS33             |       | 12       | SLOW |              |          |          |
| CMOS_VSYNC                         | IOB              | INPUT     | LVCMOS33             |       |          |      |              |          |          |
| CMOS_XCLK                          | IOB              | OUTPUT    | LVCMOS33             |       | 12       | SLOW | ODDR         |          |          |
| S_A<0>                             | IOB              | OUTPUT    | LVCMOS33             |       | 12       | SLOW |              |          |          |
| S_A<1>                             | IOB              | OUTPUT    | LVCMOS33             |       | 12       | SLOW |              |          |          |
| S_A<2>                             | IOB              | OUTPUT    | LVCMOS33             |       | 12       | SLOW |              |          |          |
| S_A<3>                             | IOB              | OUTPUT    | LVCMOS33             |       | 12       | SLOW |              |          |          |
| S_A<4>                             | IOB              | OUTPUT    | LVCMOS33             |       | 12       | SLOW |              |          |          |
| S_A<5>                             | IOB              | OUTPUT    | LVCMOS33             |       | 12       | SLOW |              |          |          |
| S_A<6>                             | IOB              | OUTPUT    | LVCMOS33             |       | 12       | SLOW |              |          |          |
| S_A<7>                             | IOB              | OUTPUT    | LVCMOS33             |       | 12       | SLOW |              |          |          |
| S_A<8>                             | IOB              | OUTPUT    | LVCMOS33             |       | 12       | SLOW |              |          |          |
| S_A<9>                             | IOB              | OUTPUT    | LVCMOS33             |       | 12       | SLOW |              |          |          |
| S_A<10>                            | IOB              | OUTPUT    | LVCMOS33             |       | 12       | SLOW |              |          |          |
| S_A<11>                            | IOB              | OUTPUT    | LVCMOS33             |       | 12       | SLOW |              |          |          |
| S_A<12>                            | IOB              | OUTPUT    | LVCMOS33             |       | 12       | SLOW |              |          |          |
| S_BA<0>                            | IOB              | OUTPUT    | LVCMOS33             |       | 12       | SLOW |              |          |          |
| S_BA<1>                            | IOB              | OUTPUT    | LVCMOS33             |       | 12       | SLOW |              |          |          |
| S_CKE                              | IOB              | OUTPUT    | LVCMOS33             |       | 12       | SLOW |              |          |          |
| S_CLK                              | IOB              | OUTPUT    | LVCMOS33             |       | 12       | SLOW | ODDR         |          |          |
| S_DB<0>                            | IOB              | BIDIR     | LVCMOS33             |       | 12       | SLOW |              |          |          |
| S_DB<1>                            | IOB              | BIDIR     | LVCMOS33             |       | 12       | SLOW |              |          |          |
| S_DB<2>                            | IOB              | BIDIR     | LVCMOS33             |       | 12       | SLOW |              |          |          |
| S_DB<3>                            | IOB              | BIDIR     | LVCMOS33             |       | 12       | SLOW |              |          |          |
| S_DB<4>                            | IOB              | BIDIR     | LVCMOS33             |       | 12       | SLOW |              |          |          |
| S_DB<5>                            | IOB              | BIDIR     | LVCMOS33             |       | 12       | SLOW |              |          |          |
| S_DB<6>                            | IOB              | BIDIR     | LVCMOS33             |       | 12       | SLOW |              |          |          |
| S_DB<7>                            | IOB              | BIDIR     | LVCMOS33             |       | 12       | SLOW |              |          |          |
| S_DB<8>                            | IOB              | BIDIR     | LVCMOS33             |       | 12       | SLOW |              |          |          |
| S_DB<9>                            | IOB              | BIDIR     | LVCMOS33             |       | 12       | SLOW |              |          |          |
| S_DB<10>                           | IOB              | BIDIR     | LVCMOS33             |       | 12       | SLOW |              |          |          |
| S_DB<11>                           | IOB              | BIDIR     | LVCMOS33             |       | 12       | SLOW |              |          |          |
| S_DB<12>                           | IOB              | BIDIR     | LVCMOS33             |       | 12       | SLOW |              |          |          |
| S_DB<13>                           | IOB              | BIDIR     | LVCMOS33             |       | 12       | SLOW |              |          |          |
| S_DB<14>                           | IOB              | BIDIR     | LVCMOS33             |       | 12       | SLOW |              |          |          |
| S_DB<15>                           | IOB              | BIDIR     | LVCMOS33             |       | 12       | SLOW |              |          |          |
| S_DQM<0>                           | IOB              | OUTPUT    | LVCMOS33             |       | 12       | SLOW |              |          |          |
| S_DQM<1>                           | IOB              | OUTPUT    | LVCMOS33             |       | 12       | SLOW |              |          |          |
| S_NCAS                             | IOB              | OUTPUT    | LVCMOS33             |       | 12       | SLOW |              |          |          |
| S_NCS                              | IOB              | OUTPUT    | LVCMOS33             |       | 12       | SLOW |              |          |          |
| S_NRAS                             | IOB              | OUTPUT    | LVCMOS33             |       | 12       | SLOW |              |          |          |
| S_NWE                              | IOB              | OUTPUT    | LVCMOS33             |       | 12       | SLOW |              |          |          |
| VGAD<0>                            | IOB              | OUTPUT    | LVCMOS33             |       | 12       | SLOW |              |          |          |
| VGAD<1>                            | IOB              | OUTPUT    | LVCMOS33             |       | 12       | SLOW |              |          |          |
| VGAD<2>                            | IOB              | OUTPUT    | LVCMOS33             |       | 12       | SLOW |              |          |          |
| VGAD<3>                            | IOB              | OUTPUT    | LVCMOS33             |       | 12       | SLOW |              |          |          |
| VGAD<4>                            | IOB              | OUTPUT    | LVCMOS33             |       | 12       | SLOW |              |          |          |
| VGAD<5>                            | IOB              | OUTPUT    | LVCMOS33             |       | 12       | SLOW |              |          |          |
| VGAD<6>                            | IOB              | OUTPUT    | LVCMOS33             |       | 12       | SLOW |              |          |          |
| VGAD<7>                            | IOB              | OUTPUT    | LVCMOS33             |       | 12       | SLOW |              |          |          |
| VGAD<8>                            | IOB              | OUTPUT    | LVCMOS33             |       | 12       | SLOW |              |          |          |
| VGAD<9>                            | IOB              | OUTPUT    | LVCMOS33             |       | 12       | SLOW |              |          |          |
| VGAD<10>                           | IOB              | OUTPUT    | LVCMOS33             |       | 12       | SLOW |              |          |          |
| VGAD<11>                           | IOB              | OUTPUT    | LVCMOS33             |       | 12       | SLOW |              |          |          |
| VGAD<12>                           | IOB              | OUTPUT    | LVCMOS33             |       | 12       | SLOW |              |          |          |
| VGAD<13>                           | IOB              | OUTPUT    | LVCMOS33             |       | 12       | SLOW |              |          |          |
| VGAD<14>                           | IOB              | OUTPUT    | LVCMOS33             |       | 12       | SLOW |              |          |          |
| VGAD<15>                           | IOB              | OUTPUT    | LVCMOS33             |       | 12       | SLOW |              |          |          |
| VGA_HSYNC                          | IOB              | OUTPUT    | LVCMOS33             |       | 12       | SLOW |              |          |          |
| VGA_VSYNC                          | IOB              | OUTPUT    | LVCMOS33             |       | 12       | SLOW |              |          |          |
| rst_n                              | IOB              | INPUT     | LVCMOS33             |       |          |      |              |          |          |
+---------------------------------------------------------------------------------------------------------------------------------------------------------+

Section 7 - RPMs
----------------

Section 8 - Guide Report
------------------------
Guide not run on this design.

Section 9 - Area Group and Partition Summary
--------------------------------------------

Partition Implementation Status
-------------------------------

  No Partitions were found in this design.

-------------------------------

Area Group Information
----------------------

  No area groups were found in this design.

----------------------

Section 10 - Timing Report
--------------------------
A logic-level (pre-route) timing report can be generated by using Xilinx static
timing analysis tools, Timing Analyzer (GUI) or TRCE (command line), with the
mapped NCD and PCF files. Please note that this timing report will be generated
using estimated delay information. For accurate numbers, please generate a
timing report with the post Place and Route NCD file.

For more information about the Timing Analyzer, consult the Xilinx Timing
Analyzer Reference Manual; for more information about TRCE, consult the Xilinx
Command Line Tools User Guide "TRACE" chapter.

Section 11 - Configuration String Details
-----------------------------------------
Use the "-detail" map option to print out Configuration Strings

Section 12 - Control Set Information
------------------------------------
Use the "-detail" map option to print out Control Set Information.

Section 13 - Utilization by Hierarchy
-------------------------------------
Use the "-detail" map option to print out the Utilization by Hierarchy section.
