Release 14.7 Xflow P.20131013 (nt64)
Copyright (c) 1995-2013 Xilinx, Inc.  All rights reserved.
xflow.exe -wd implementation -p xc6slx9ftg256-2 -implement xflow.opt system.ngc 
 
PMSPEC -- Overriding Xilinx file
<C:/Xilinx/14.7/ISE_DS/EDK/spartan6/data/spartan6.acd> with local file
<C:/Xilinx/14.7/ISE_DS/ISE/spartan6/data/spartan6.acd>
.... Copying flowfile C:/Xilinx/14.7/ISE_DS/ISE/xilinx/data/fpga.flw into
working directory E:/Project/AX309/Microblaze/implementation 

Using Flow File: E:/Project/AX309/Microblaze/implementation/fpga.flw 
Using Option File(s): 
 E:/Project/AX309/Microblaze/implementation/xflow.opt 

Creating Script File ... 

#----------------------------------------------#
# Starting program ngdbuild
# ngdbuild -p xc6slx9ftg256-2 -nt timestamp -bm system.bmm
"E:/Project/AX309/Microblaze/implementation/system.ngc" -uc system.ucf
system.ngd 
#----------------------------------------------#
Release 14.7 - ngdbuild P.20131013 (nt64)
Copyright (c) 1995-2013 Xilinx, Inc.  All rights reserved.
PMSPEC -- Overriding Xilinx file
<C:/Xilinx/14.7/ISE_DS/EDK/spartan6/data/spartan6.acd> with local file
<C:/Xilinx/14.7/ISE_DS/ISE/spartan6/data/spartan6.acd>

Command Line: C:\Xilinx\14.7\ISE_DS\ISE\bin\nt64\unwrapped\ngdbuild.exe -p
xc6slx9ftg256-2 -nt timestamp -bm system.bmm
E:/Project/AX309/Microblaze/implementation/system.ngc -uc system.ucf system.ngd

Reading NGO file "E:/Project/AX309/Microblaze/implementation/system.ngc" ...
Loading design module
"E:/Project/AX309/Microblaze/implementation/system_proc_sys_reset_0_wrapper.ngc"
...
Loading design module
"E:/Project/AX309/Microblaze/implementation/system_clock_generator_0_wrapper.ngc
"...
Loading design module
"E:/Project/AX309/Microblaze/implementation/system_chipscope_ila_0_wrapper.ngc".
..
Loading design module
"E:/Project/AX309/Microblaze/implementation/system_axi_uartlite_0_wrapper.ngc"..
.
Loading design module
"E:/Project/AX309/Microblaze/implementation/system_microblaze_0_ilmb_wrapper.ngc
"...
Loading design module
"E:/Project/AX309/Microblaze/implementation/system_microblaze_0_dlmb_wrapper.ngc
"...
Loading design module
"E:/Project/AX309/Microblaze/implementation/system_axi4lite_0_wrapper.ngc"...
Loading design module
"E:/Project/AX309/Microblaze/implementation/system_microblaze_0_wrapper.ngc"...
Loading design module
"E:/Project/AX309/Microblaze/implementation/system_microblaze_0_i_bram_ctrl_wrap
per.ngc"...
Loading design module
"E:/Project/AX309/Microblaze/implementation/system_microblaze_0_d_bram_ctrl_wrap
per.ngc"...
Loading design module
"E:/Project/AX309/Microblaze/implementation/system_axi_intc_0_wrapper.ngc"...
Loading design module
"E:/Project/AX309/Microblaze/implementation/system_debug_module_wrapper.ngc"...
Loading design module
"E:/Project/AX309/Microblaze/implementation/system_led_4b_wrapper.ngc"...
Loading design module
"E:/Project/AX309/Microblaze/implementation/system_key_4b_wrapper.ngc"...
Loading design module
"E:/Project/AX309/Microblaze/implementation/system_axi_timer_0_wrapper.ngc"...
Loading design module
"E:/Project/AX309/Microblaze/implementation/system_axi_iic_0_wrapper.ngc"...
Loading design module
"E:/Project/AX309/Microblaze/implementation/system_axi_rtc_wrapper.ngc"...
Loading design module
"E:/Project/AX309/Microblaze/implementation/system_spi_flash_wrapper.ngc"...
Loading design module
"E:/Project/AX309/Microblaze/implementation/system_smg_ip_0_wrapper.ngc"...
Loading design module
"E:/Project/AX309/Microblaze/implementation/system_buzzer_1b_wrapper.ngc"...
Loading design module
"E:/Project/AX309/Microblaze/implementation/system_vga_ip_0_wrapper.ngc"...
Loading design module
"E:/Project/AX309/Microblaze/implementation/system_microblaze_0_bram_block_wrapp
er.ngc"...
Loading design module
"E:/Project/AX309/Microblaze/implementation/system_chipscope_icon_0_wrapper.ngc"
...
Applying constraints in
"E:/Project/AX309/Microblaze/implementation/system_chipscope_ila_0_wrapper.ncf"
to module "chipscope_ila_0"...
WARNING:ConstraintSystem:192 - The TNM 'D2_CLK', does not directly or indirectly
   drive any flip-flops, latches and/or RAMS and cannot be actively used by the
   referencing TIg constraint ''. If clock manager blocks are directly or
   indirectly driven, a new TNM constraint will not be derived since the none of
   the referencing constraints are a PERIOD constraint. This TNM is used in the
   following user groups and/or specifications:
   <TIMESPEC TS_D2_TO_T2 = FROM D2_CLK TO "FFS" TIG;>
   [E:/Project/AX309/Microblaze/implementation/system_chipscope_ila_0_wrapper.nc
   f(6)]
   <TIMESPEC TS_J2_TO_D2 = FROM "FFS" TO D2_CLK TIG;>
   [E:/Project/AX309/Microblaze/implementation/system_chipscope_ila_0_wrapper.nc
   f(7)]
   <TIMESPEC TS_J3_TO_D2 = FROM "FFS" TO D2_CLK TIG;>
   [E:/Project/AX309/Microblaze/implementation/system_chipscope_ila_0_wrapper.nc
   f(8)]
   <TIMESPEC TS_J4_TO_D2 = FROM "FFS" TO D2_CLK TIG;>
   [E:/Project/AX309/Microblaze/implementation/system_chipscope_ila_0_wrapper.nc
   f(9)]

WARNING:ConstraintSystem:197 - The following specification is invalid because
   the referenced TNM constraint was removed:
   <TIMESPEC TS_D2_TO_T2 = FROM D2_CLK TO "FFS" TIG;>
   [E:/Project/AX309/Microblaze/implementation/system_chipscope_ila_0_wrapper.nc
   f(6)]

WARNING:ConstraintSystem:197 - The following specification is invalid because
   the referenced TNM constraint was removed:
   <TIMESPEC TS_J2_TO_D2 = FROM "FFS" TO D2_CLK TIG;>
   [E:/Project/AX309/Microblaze/implementation/system_chipscope_ila_0_wrapper.nc
   f(7)]

WARNING:ConstraintSystem:197 - The following specification is invalid because
   the referenced TNM constraint was removed:
   <TIMESPEC TS_J3_TO_D2 = FROM "FFS" TO D2_CLK TIG;>
   [E:/Project/AX309/Microblaze/implementation/system_chipscope_ila_0_wrapper.nc
   f(8)]

WARNING:ConstraintSystem:197 - The following specification is invalid because
   the referenced TNM constraint was removed:
   <TIMESPEC TS_J4_TO_D2 = FROM "FFS" TO D2_CLK TIG;>
   [E:/Project/AX309/Microblaze/implementation/system_chipscope_ila_0_wrapper.nc
   f(9)]

Checking Constraint Associations...
INFO:NgdBuild:981 - Could not find any associations for the following
   constraint:
       '<INST "U0/*/U_STAT/U_DIRTY_LDC" TNM = D2_CLK;>
   [E:/Project/AX309/Microblaze/implementation/system_chipscope_ila_0_wrapper.nc
   f(5)]'
Applying constraints in
"E:/Project/AX309/Microblaze/implementation/system_microblaze_0_ilmb_wrapper.ncf
" to module "microblaze_0_ilmb"...
Checking Constraint Associations...
Applying constraints in
"E:/Project/AX309/Microblaze/implementation/system_microblaze_0_dlmb_wrapper.ncf
" to module "microblaze_0_dlmb"...
Checking Constraint Associations...
Applying constraints in
"E:/Project/AX309/Microblaze/implementation/system_axi4lite_0_wrapper.ncf" to
module "axi4lite_0"...
Checking Constraint Associations...
Applying constraints in
"E:/Project/AX309/Microblaze/implementation/system_microblaze_0_wrapper.ncf" to
module "microblaze_0"...
Checking Constraint Associations...
Applying constraints in
"E:/Project/AX309/Microblaze/implementation/system_axi_intc_0_wrapper.ncf" to
module "axi_intc_0"...
Checking Constraint Associations...
Applying constraints in
"E:/Project/AX309/Microblaze/implementation/system_chipscope_icon_0_wrapper.ncf"
to module "chipscope_icon_0"...
WARNING:ConstraintSystem:190 - The TNM 'J_CLK', does not directly or indirectly
   drive any flip-flops, latches and/or RAMS and cannot be actively used by the
   referencing Period constraint 'TS_J_CLK'. If clock manager blocks are
   directly or indirectly driven, a new TNM and PERIOD are derived only if the
   PERIOD constraint is the only referencing constraint and if an output of the
   clock manager block drives flip-flops, latches or RAMs.  
   This TNM is used in the following user groups and/or specifications:
   <TIMESPEC TS_J_CLK = PERIOD J_CLK 30 ns ;>
   [E:/Project/AX309/Microblaze/implementation/system_chipscope_icon_0_wrapper.n
   cf(2)]
   <TIMESPEC TS_U_TO_J = FROM U_CLK TO J_CLK 15 ns ;>
   [E:/Project/AX309/Microblaze/implementation/system_chipscope_icon_0_wrapper.n
   cf(6)]
   <TIMESPEC TS_J_TO_D = FROM J_CLK TO D_CLK TIG ;>
   [E:/Project/AX309/Microblaze/implementation/system_chipscope_icon_0_wrapper.n
   cf(8)]
   <TIMESPEC TS_D_TO_J = FROM D_CLK TO J_CLK TIG ;>
   [E:/Project/AX309/Microblaze/implementation/system_chipscope_icon_0_wrapper.n
   cf(9)]

WARNING:ConstraintSystem:197 - The following specification is invalid because
   the referenced TNM constraint was removed:
   <TIMESPEC TS_J_CLK = PERIOD J_CLK 30 ns ;>
   [E:/Project/AX309/Microblaze/implementation/system_chipscope_icon_0_wrapper.n
   cf(2)]

WARNING:ConstraintSystem:197 - The following specification is invalid because
   the referenced TNM constraint was removed:
   <TIMESPEC TS_U_TO_J = FROM U_CLK TO J_CLK 15 ns ;>
   [E:/Project/AX309/Microblaze/implementation/system_chipscope_icon_0_wrapper.n
   cf(6)]

WARNING:ConstraintSystem:197 - The following specification is invalid because
   the referenced TNM constraint was removed:
   <TIMESPEC TS_J_TO_D = FROM J_CLK TO D_CLK TIG ;>
   [E:/Project/AX309/Microblaze/implementation/system_chipscope_icon_0_wrapper.n
   cf(8)]

WARNING:ConstraintSystem:197 - The following specification is invalid because
   the referenced TNM constraint was removed:
   <TIMESPEC TS_D_TO_J = FROM D_CLK TO J_CLK TIG ;>
   [E:/Project/AX309/Microblaze/implementation/system_chipscope_icon_0_wrapper.n
   cf(9)]

WARNING:ConstraintSystem:192 - The TNM 'U_CLK', does not directly or indirectly
   drive any flip-flops, latches and/or RAMS and cannot be actively used by the
   referencing MaxDelay constraint 'TS_U_TO_J'. If clock manager blocks are
   directly or indirectly driven, a new TNM constraint will not be derived since
   the none of the referencing constraints are a PERIOD constraint. This TNM is
   used in the following user groups and/or specifications:
   <TIMESPEC TS_U_TO_J = FROM U_CLK TO J_CLK 15 ns ;>
   [E:/Project/AX309/Microblaze/implementation/system_chipscope_icon_0_wrapper.n
   cf(6)]
   <TIMESPEC TS_U_TO_U = FROM U_CLK TO U_CLK 15 ns ;>
   [E:/Project/AX309/Microblaze/implementation/system_chipscope_icon_0_wrapper.n
   cf(7)]

WARNING:ConstraintSystem:197 - The following specification is invalid because
   the referenced TNM constraint was removed:
   <TIMESPEC TS_U_TO_J = FROM U_CLK TO J_CLK 15 ns ;>
   [E:/Project/AX309/Microblaze/implementation/system_chipscope_icon_0_wrapper.n
   cf(6)]

WARNING:ConstraintSystem:197 - The following specification is invalid because
   the referenced TNM constraint was removed:
   <TIMESPEC TS_U_TO_U = FROM U_CLK TO U_CLK 15 ns ;>
   [E:/Project/AX309/Microblaze/implementation/system_chipscope_icon_0_wrapper.n
   cf(7)]

Checking Constraint Associations...
INFO:NgdBuild:981 - Could not find any associations for the following
   constraint:
       '<NET "U0/U_ICON/*/iDRCK_LOCAL" TNM_NET = J_CLK ;>
   [E:/Project/AX309/Microblaze/implementation/system_chipscope_icon_0_wrapper.n
   cf(1)]'
INFO:NgdBuild:981 - Could not find any associations for the following
   constraint:
       '<NET "U0/iUPDATE_OUT" TNM_NET = U_CLK ;>
   [E:/Project/AX309/Microblaze/implementation/system_chipscope_icon_0_wrapper.n
   cf(4)]'
WARNING:NgdBuild:981 - Could not find any associations for the following
   constraint:
       '<NET "U0/iSHIFT_OUT" TIG ;>
   [E:/Project/AX309/Microblaze/implementation/system_chipscope_icon_0_wrapper.n
   cf(5)]'
Gathering constraint information from source properties...
Done.

Annotating constraints to design from ucf file "system.ucf" ...
Resolving constraint associations...
Checking Constraint Associations...
WARNING:ConstraintSystem:56 - Constraint <TIMESPEC TS_J_CLK = PERIOD "J_CLK"
   30000.000000000 pS HIGH 50.000000000 %;>: Unable to find an active 'TNM' or
   'TimeGrp' constraint named 'J_CLK'.

WARNING:ConstraintSystem:56 - Constraint <TIMESPEC TS_U_TO_J = FROM "U_CLK" TO
   "J_CLK" 15000.000000000 pS;>: Unable to find an active 'TimeGrp' or 'TNM' or
   'TPSync' constraint named 'U_CLK'.

WARNING:ConstraintSystem:56 - Constraint <TIMESPEC TS_U_TO_J = FROM "U_CLK" TO
   "J_CLK" 15000.000000000 pS;>: Unable to find an active 'TimeGrp' or 'TNM' or
   'TPSync' constraint named 'J_CLK'.

WARNING:ConstraintSystem:56 - Constraint <TIMESPEC TS_U_TO_U = FROM "U_CLK" TO
   "U_CLK" 15000.000000000 pS;>: Unable to find an active 'TimeGrp' or 'TNM' or
   'TPSync' constraint named 'U_CLK'.

WARNING:ConstraintSystem:56 - Constraint <TIMESPEC TS_U_TO_U = FROM "U_CLK" TO
   "U_CLK" 15000.000000000 pS;>: Unable to find an active 'TimeGrp' or 'TNM' or
   'TPSync' constraint named 'U_CLK'.

WARNING:ConstraintSystem:56 - Constraint <TIMESPEC TS_J_TO_D = FROM "J_CLK" TO
   "D_CLK" TIG;>: Unable to find an active 'TimeGrp' or 'TNM' or 'TPSync'
   constraint named 'J_CLK'.

WARNING:ConstraintSystem:56 - Constraint <TIMESPEC TS_D_TO_J = FROM "D_CLK" TO
   "J_CLK" TIG;>: Unable to find an active 'TimeGrp' or 'TNM' or 'TPSync'
   constraint named 'J_CLK'.

WARNING:ConstraintSystem:135 - Constraint <INST
   /system/EXPANDED/system/axi4lite_0/axi4lite_0\/si_converter_bank\/gen_conv_sl
   ot[0].clock_conv_inst\/interconnect_aresetn_resync<2>_inv1_INV_0 TNM =
   FFS:axi4lite_0_reset_resync>: No instances of type FFS were found under block
   "axi4lite_0/axi4lite_0/si_converter_bank/gen_conv_slot[0].clock_conv_inst/int
   erconnect_aresetn_resync<2>_inv1_INV_0" (type=INV).

WARNING:ConstraintSystem:56 - Constraint <TIMESPEC TS_D2_TO_T2 = FROM "D2_CLK"
   TO FFS TIG;>: Unable to find an active 'TimeGrp' or 'TNM' or 'TPSync'
   constraint named 'D2_CLK'.

WARNING:ConstraintSystem:56 - Constraint <TIMESPEC TS_J2_TO_D2 = FROM FFS TO
   "D2_CLK" TIG;>: Unable to find an active 'TimeGrp' or 'TNM' or 'TPSync'
   constraint named 'D2_CLK'.

WARNING:ConstraintSystem:56 - Constraint <TIMESPEC TS_J3_TO_D2 = FROM FFS TO
   "D2_CLK" TIG;>: Unable to find an active 'TimeGrp' or 'TNM' or 'TPSync'
   constraint named 'D2_CLK'.

WARNING:ConstraintSystem:56 - Constraint <TIMESPEC TS_J4_TO_D2 = FROM FFS TO
   "D2_CLK" TIG;>: Unable to find an active 'TimeGrp' or 'TNM' or 'TPSync'
   constraint named 'D2_CLK'.

WARNING:ConstraintSystem:58 - Constraint <TIMEGRP axi4lite_0_reset_source = FFS
   PADS CPUS;>: CPUS "*" does not match any design objects.

WARNING:ConstraintSystem:194 - The TNM 'axi4lite_0_reset_resync', does not
   directly or indirectly drive any flip-flops, latches and/or RAMs and is not
   actively used by any referencing constraint.

INFO:ConstraintSystem:178 - TNM 'sys_clk_pin', used in period specification
   'TS_sys_clk_pin', was traced into PLL_ADV instance
   clock_generator_0/PLL0_INST/Using_PLL_ADV.PLL_ADV_inst. The following new TNM
   groups and period specifications were generated at the PLL_ADV output(s): 
   CLKOUT0: <TIMESPEC TS_clock_generator_0_clock_generator_0_SIG_PLL0_CLKOUT0_0
   = PERIOD "clock_generator_0_clock_generator_0_SIG_PLL0_CLKOUT0_0"
   TS_sys_clk_pin * 2 HIGH 50%>

Done...

Processing BMM file "system.bmm" ...

Checking expanded design ...
WARNING:NgdBuild:443 - SFF primitive
   'microblaze_0/microblaze_0/MicroBlaze_Core_I/Performance.Decode_I/Using_FPGA.
   Gen_Bits[27].MEM_EX_Result_Inst' has unconnected output pin
WARNING:NgdBuild:443 - SFF primitive
   'axi_iic_0/axi_iic_0/X_IIC/X_AXI_IPIF_SSP1/X_SOFT_RESET/FF_WRACK' has
   unconnected output pin

Partition Implementation Status
-------------------------------

  No Partitions were found in this design.

-------------------------------

NGDBUILD Design Results Summary:
  Number of errors:     0
  Number of warnings:  30

Writing NGD file "system.ngd" ...
Total REAL time to NGDBUILD completion:  39 sec
Total CPU time to NGDBUILD completion:   39 sec

Writing NGDBUILD log file "system.bld"...

NGDBUILD done.



#----------------------------------------------#
# Starting program map
# map -o system_map.ncd -w -pr b -ol high -timing -detail system.ngd system.pcf 
#----------------------------------------------#
Release 14.7 - Map P.20131013 (nt64)
Copyright (c) 1995-2013 Xilinx, Inc.  All rights reserved.
PMSPEC -- Overriding Xilinx file
<C:/Xilinx/14.7/ISE_DS/EDK/data/Xdh_PrimTypeLib.xda> with local file
<C:/Xilinx/14.7/ISE_DS/ISE/data/Xdh_PrimTypeLib.xda>
Using target part "6slx9ftg256-2".
Mapping design into LUTs...
Writing file system_map.ngm...
Running directed packing...
Running delay-based LUT packing...
Updating timing models...
INFO:Map:215 - The Interim Design Summary has been generated in the MAP Report
   (.mrp).
Running timing-driven placement...
Total REAL time at the beginning of Placer: 10 secs 
Total CPU  time at the beginning of Placer: 10 secs 

Phase 1.1  Initial Placement Analysis
Phase 1.1  Initial Placement Analysis (Checksum:a5a95b28) REAL time: 11 secs 

Phase 2.7  Design Feasibility Check
Phase 2.7  Design Feasibility Check (Checksum:a5a95b28) REAL time: 11 secs 

Phase 3.31  Local Placement Optimization
Phase 3.31  Local Placement Optimization (Checksum:198a4e51) REAL time: 11 secs 

Phase 4.2  Initial Placement for Architecture Specific Features

Phase 4.2  Initial Placement for Architecture Specific Features
(Checksum:298601ae) REAL time: 15 secs 

Phase 5.36  Local Placement Optimization
Phase 5.36  Local Placement Optimization (Checksum:298601ae) REAL time: 15 secs 

Phase 6.30  Global Clock Region Assignment
Phase 6.30  Global Clock Region Assignment (Checksum:298601ae) REAL time: 15 secs 

Phase 7.3  Local Placement Optimization
Phase 7.3  Local Placement Optimization (Checksum:298601ae) REAL time: 15 secs 

Phase 8.5  Local Placement Optimization
Phase 8.5  Local Placement Optimization (Checksum:298601ae) REAL time: 15 secs 

Phase 9.8  Global Placement
...........................
......................................................................................................
................................................................................................................................................................................
........................................................................................................................................................................................
.........................................................................................
Phase 9.8  Global Placement (Checksum:2ef9ea9) REAL time: 50 secs 

Phase 10.5  Local Placement Optimization
Phase 10.5  Local Placement Optimization (Checksum:2ef9ea9) REAL time: 50 secs 

Phase 11.18  Placement Optimization
Phase 11.18  Placement Optimization (Checksum:df35fde4) REAL time: 56 secs 

Phase 12.5  Local Placement Optimization
Phase 12.5  Local Placement Optimization (Checksum:df35fde4) REAL time: 56 secs 

Phase 13.34  Placement Validation
Phase 13.34  Placement Validation (Checksum:65289e44) REAL time: 57 secs 

Total REAL time to Placer completion: 57 secs 
Total CPU  time to Placer completion: 57 secs 
Running post-placement packing...
Writing output files...

Design Summary:
Number of errors:      0
Number of warnings:   22
Slice Logic Utilization:
  Number of Slice Registers:                 2,819 out of  11,440   24%
    Number used as Flip Flops:               2,811
    Number used as Latches:                      1
    Number used as Latch-thrus:                  0
    Number used as AND/OR logics:                7
  Number of Slice LUTs:                      3,762 out of   5,720   65%
    Number used as logic:                    3,440 out of   5,720   60%
      Number using O6 output only:           2,616
      Number using O5 output only:             110
      Number using O5 and O6:                  714
      Number used as ROM:                        0
    Number used as Memory:                     223 out of   1,440   15%
      Number used as Dual Port RAM:             64
        Number using O6 output only:             0
        Number using O5 output only:             0
        Number using O5 and O6:                 64
      Number used as Single Port RAM:            0
      Number used as Shift Register:           159
        Number using O6 output only:            82
        Number using O5 output only:             1
        Number using O5 and O6:                 76
    Number used exclusively as route-thrus:     99
      Number with same-slice register load:     59
      Number with same-slice carry load:        16
      Number with other load:                   24

Slice Logic Distribution:
  Number of occupied Slices:                 1,379 out of   1,430   96%
  Number of MUXCYs used:                       632 out of   2,860   22%
  Number of LUT Flip Flop pairs used:        4,135
    Number with an unused Flip Flop:         1,608 out of   4,135   38%
    Number with an unused LUT:                 373 out of   4,135    9%
    Number of fully used LUT-FF pairs:       2,154 out of   4,135   52%
    Number of unique control sets:             276
    Number of slice register sites lost
      to control set restrictions:           1,201 out of  11,440   10%

  A LUT Flip Flop pair for this architecture represents one LUT paired with
  one Flip Flop within a slice.  A control set is a unique combination of
  clock, reset, set, and enable signals for a registered element.
  The Slice Logic Distribution report is not meaningful if the design is
  over-mapped for a non-slice resource or if Placement fails.

IO Utilization:
  Number of bonded IOBs:                        54 out of     186   29%
    Number of LOCed IOBs:                       54 out of      54  100%
    IOB Flip Flops:                             32

Specific Feature Utilization:
  Number of RAMB16BWERs:                         9 out of      32   28%
  Number of RAMB8BWERs:                          1 out of      64    1%
  Number of BUFIO2/BUFIO2_2CLKs:                 0 out of      32    0%
  Number of BUFIO2FB/BUFIO2FB_2CLKs:             0 out of      32    0%
  Number of BUFG/BUFGMUXs:                       5 out of      16   31%
    Number used as BUFGs:                        5
    Number used as BUFGMUX:                      0
  Number of DCM/DCM_CLKGENs:                     0 out of       4    0%
  Number of ILOGIC2/ISERDES2s:                   3 out of     200    1%
    Number used as ILOGIC2s:                     3
    Number used as ISERDES2s:                    0
  Number of IODELAY2/IODRP2/IODRP2_MCBs:         0 out of     200    0%
  Number of OLOGIC2/OSERDES2s:                  27 out of     200   13%
    Number used as OLOGIC2s:                    27
    Number used as OSERDES2s:                    0
  Number of BSCANs:                              2 out of       4   50%
  Number of BUFHs:                               0 out of     128    0%
  Number of BUFPLLs:                             0 out of       8    0%
  Number of BUFPLL_MCBs:                         0 out of       4    0%
  Number of DSP48A1s:                            3 out of      16   18%
  Number of ICAPs:                               0 out of       1    0%
  Number of MCBs:                                0 out of       2    0%
  Number of PCILOGICSEs:                         0 out of       2    0%
  Number of PLL_ADVs:                            1 out of       2   50%
  Number of PMVs:                                0 out of       1    0%
  Number of STARTUPs:                            0 out of       1    0%
  Number of SUSPEND_SYNCs:                       0 out of       1    0%

  Number of RPM macros:           12
Average Fanout of Non-Clock Nets:                4.08

Peak Memory Usage:  497 MB
Total REAL time to MAP completion:  1 mins 
Total CPU time to MAP completion:   59 secs 

Mapping completed.
See MAP report file "system_map.mrp" for details.



#----------------------------------------------#
# Starting program par
# par -w -ol high system_map.ncd system.ncd system.pcf 
#----------------------------------------------#
Release 14.7 - par P.20131013 (nt64)
Copyright (c) 1995-2013 Xilinx, Inc.  All rights reserved.
PMSPEC -- Overriding Xilinx file <C:/Xilinx/14.7/ISE_DS/EDK/data/parBmgr.acd> with local file
<C:/Xilinx/14.7/ISE_DS/ISE/data/parBmgr.acd>



Constraints file: system.pcf.
Loading device for application Rf_Device from file '6slx9.nph' in environment
C:\Xilinx\14.7\ISE_DS\ISE\;C:\Xilinx\14.7\ISE_DS\EDK.
   "system" is an NCD, version 3.2, device xc6slx9, package ftg256, speed -2

Initializing temperature to 85.000 Celsius. (default - Range: 0.000 to 85.000 Celsius)
Initializing voltage to 1.140 Volts. (default - Range: 1.140 to 1.260 Volts)


Device speed data version:  "PRODUCTION 1.23 2013-10-13".



Device Utilization Summary:

Slice Logic Utilization:
  Number of Slice Registers:                 2,819 out of  11,440   24%
    Number used as Flip Flops:               2,811
    Number used as Latches:                      1
    Number used as Latch-thrus:                  0
    Number used as AND/OR logics:                7
  Number of Slice LUTs:                      3,762 out of   5,720   65%
    Number used as logic:                    3,440 out of   5,720   60%
      Number using O6 output only:           2,616
      Number using O5 output only:             110
      Number using O5 and O6:                  714
      Number used as ROM:                        0
    Number used as Memory:                     223 out of   1,440   15%
      Number used as Dual Port RAM:             64
        Number using O6 output only:             0
        Number using O5 output only:             0
        Number using O5 and O6:                 64
      Number used as Single Port RAM:            0
      Number used as Shift Register:           159
        Number using O6 output only:            82
        Number using O5 output only:             1
        Number using O5 and O6:                 76
    Number used exclusively as route-thrus:     99
      Number with same-slice register load:     59
      Number with same-slice carry load:        16
      Number with other load:                   24

Slice Logic Distribution:
  Number of occupied Slices:                 1,379 out of   1,430   96%
  Number of MUXCYs used:                       632 out of   2,860   22%
  Number of LUT Flip Flop pairs used:        4,135
    Number with an unused Flip Flop:         1,608 out of   4,135   38%
    Number with an unused LUT:                 373 out of   4,135    9%
    Number of fully used LUT-FF pairs:       2,154 out of   4,135   52%
    Number of slice register sites lost
      to control set restrictions:               0 out of  11,440    0%

  A LUT Flip Flop pair for this architecture represents one LUT paired with
  one Flip Flop within a slice.  A control set is a unique combination of
  clock, reset, set, and enable signals for a registered element.
  The Slice Logic Distribution report is not meaningful if the design is
  over-mapped for a non-slice resource or if Placement fails.

IO Utilization:
  Number of bonded IOBs:                        54 out of     186   29%
    Number of LOCed IOBs:                       54 out of      54  100%
    IOB Flip Flops:                             32

Specific Feature Utilization:
  Number of RAMB16BWERs:                         9 out of      32   28%
  Number of RAMB8BWERs:                          1 out of      64    1%
  Number of BUFIO2/BUFIO2_2CLKs:                 0 out of      32    0%
  Number of BUFIO2FB/BUFIO2FB_2CLKs:             0 out of      32    0%
  Number of BUFG/BUFGMUXs:                       5 out of      16   31%
    Number used as BUFGs:                        5
    Number used as BUFGMUX:                      0
  Number of DCM/DCM_CLKGENs:                     0 out of       4    0%
  Number of ILOGIC2/ISERDES2s:                   3 out of     200    1%
    Number used as ILOGIC2s:                     3
    Number used as ISERDES2s:                    0
  Number of IODELAY2/IODRP2/IODRP2_MCBs:         0 out of     200    0%
  Number of OLOGIC2/OSERDES2s:                  27 out of     200   13%
    Number used as OLOGIC2s:                    27
    Number used as OSERDES2s:                    0
  Number of BSCANs:                              2 out of       4   50%
  Number of BUFHs:                               0 out of     128    0%
  Number of BUFPLLs:                             0 out of       8    0%
  Number of BUFPLL_MCBs:                         0 out of       4    0%
  Number of DSP48A1s:                            3 out of      16   18%
  Number of ICAPs:                               0 out of       1    0%
  Number of MCBs:                                0 out of       2    0%
  Number of PCILOGICSEs:                         0 out of       2    0%
  Number of PLL_ADVs:                            1 out of       2   50%
  Number of PMVs:                                0 out of       1    0%
  Number of STARTUPs:                            0 out of       1    0%
  Number of SUSPEND_SYNCs:                       0 out of       1    0%


Overall effort level (-ol):   High 
Router effort level (-rl):    High 

INFO:Timing:3386 - Intersecting Constraints found and resolved.  For more information, see the TSI report.  Please consult the Xilinx
   Command Line Tools User Guide for information on generating a TSI report.
Starting initial Timing Analysis.  REAL time: 5 secs 
Finished initial Timing Analysis.  REAL time: 5 secs 

WARNING:Par:288 - The signal microblaze_0_d_bram_ctrl_2_microblaze_0_bram_block_BRAM_Addr<30> has no load.  PAR will not attempt to route
   this signal.
WARNING:Par:288 - The signal
   microblaze_0/microblaze_0/MicroBlaze_Core_I/Performance.Data_Flow_I/Register_File_I/Using_LUT6.All_RAM32M[13].ram32m_i_RAMD_D1_O has no
   load.  PAR will not attempt to route this signal.
WARNING:Par:288 - The signal
   microblaze_0/microblaze_0/MicroBlaze_Core_I/Performance.Data_Flow_I/Register_File_I/Using_LUT6.All_RAM32M[3].ram32m_i_RAMD_D1_O has no
   load.  PAR will not attempt to route this signal.
WARNING:Par:288 - The signal
   microblaze_0/microblaze_0/MicroBlaze_Core_I/Performance.Data_Flow_I/Register_File_I/Using_LUT6.All_RAM32M[11].ram32m_i_RAMD_D1_O has no
   load.  PAR will not attempt to route this signal.
WARNING:Par:288 - The signal
   microblaze_0/microblaze_0/MicroBlaze_Core_I/Performance.Data_Flow_I/Register_File_I/Using_LUT6.All_RAM32M[14].ram32m_i_RAMD_D1_O has no
   load.  PAR will not attempt to route this signal.
WARNING:Par:288 - The signal
   microblaze_0/microblaze_0/MicroBlaze_Core_I/Performance.Data_Flow_I/Register_File_I/Using_LUT6.All_RAM32M[12].ram32m_i_RAMD_D1_O has no
   load.  PAR will not attempt to route this signal.
WARNING:Par:288 - The signal microblaze_0_d_bram_ctrl_2_microblaze_0_bram_block_BRAM_Addr<31> has no load.  PAR will not attempt to route
   this signal.
WARNING:Par:288 - The signal
   microblaze_0/microblaze_0/MicroBlaze_Core_I/Performance.Data_Flow_I/Register_File_I/Using_LUT6.All_RAM32M[10].ram32m_i_RAMD_D1_O has no
   load.  PAR will not attempt to route this signal.
WARNING:Par:288 - The signal
   microblaze_0/microblaze_0/MicroBlaze_Core_I/Performance.Data_Flow_I/Register_File_I/Using_LUT6.All_RAM32M[9].ram32m_i_RAMD_D1_O has no
   load.  PAR will not attempt to route this signal.
WARNING:Par:288 - The signal
   microblaze_0/microblaze_0/MicroBlaze_Core_I/Performance.Data_Flow_I/Register_File_I/Using_LUT6.All_RAM32M[15].ram32m_i_RAMD_D1_O has no
   load.  PAR will not attempt to route this signal.
WARNING:Par:288 - The signal
   microblaze_0/microblaze_0/MicroBlaze_Core_I/Performance.Data_Flow_I/Register_File_I/Using_LUT6.All_RAM32M[5].ram32m_i_RAMD_D1_O has no
   load.  PAR will not attempt to route this signal.
WARNING:Par:288 - The signal
   microblaze_0/microblaze_0/MicroBlaze_Core_I/Performance.Data_Flow_I/Register_File_I/Using_LUT6.All_RAM32M[2].ram32m_i_RAMD_D1_O has no
   load.  PAR will not attempt to route this signal.
WARNING:Par:288 - The signal
   microblaze_0/microblaze_0/MicroBlaze_Core_I/Performance.Data_Flow_I/Register_File_I/Using_LUT6.All_RAM32M[1].ram32m_i_RAMD_D1_O has no
   load.  PAR will not attempt to route this signal.
WARNING:Par:288 - The signal
   microblaze_0/microblaze_0/MicroBlaze_Core_I/Performance.Data_Flow_I/Register_File_I/Using_LUT6.All_RAM32M[0].ram32m_i_RAMD_D1_O has no
   load.  PAR will not attempt to route this signal.
WARNING:Par:288 - The signal
   microblaze_0/microblaze_0/MicroBlaze_Core_I/Performance.Data_Flow_I/Register_File_I/Using_LUT6.All_RAM32M[4].ram32m_i_RAMD_D1_O has no
   load.  PAR will not attempt to route this signal.
WARNING:Par:288 - The signal proc_sys_reset_0/proc_sys_reset_0/Mshreg_Core_Reset_Req_0_d2 has no load.  PAR will not attempt to route this
   signal.
WARNING:Par:288 - The signal proc_sys_reset_0/proc_sys_reset_0/Mshreg_Core_Reset_Req_1_d2 has no load.  PAR will not attempt to route this
   signal.
WARNING:Par:288 - The signal
   microblaze_0/microblaze_0/MicroBlaze_Core_I/Performance.Data_Flow_I/Register_File_I/Using_LUT6.All_RAM32M[8].ram32m_i_RAMD_D1_O has no
   load.  PAR will not attempt to route this signal.
WARNING:Par:288 - The signal
   microblaze_0/microblaze_0/MicroBlaze_Core_I/Performance.Data_Flow_I/Register_File_I/Using_LUT6.All_RAM32M[7].ram32m_i_RAMD_D1_O has no
   load.  PAR will not attempt to route this signal.
WARNING:Par:288 - The signal
   microblaze_0/microblaze_0/MicroBlaze_Core_I/Performance.Data_Flow_I/Register_File_I/Using_LUT6.All_RAM32M[6].ram32m_i_RAMD_D1_O has no
   load.  PAR will not attempt to route this signal.
Starting Router


Phase  1  : 24235 unrouted;      REAL time: 7 secs 

Phase  2  : 20505 unrouted;      REAL time: 8 secs 

Phase  3  : 9613 unrouted;      REAL time: 16 secs 

Phase  4  : 9613 unrouted; (Setup:0, Hold:4078, Component Switching Limit:0)     REAL time: 16 secs 

Updating file: system.ncd with current fully routed design.

Phase  5  : 0 unrouted; (Setup:0, Hold:3418, Component Switching Limit:0)     REAL time: 26 secs 

Phase  6  : 0 unrouted; (Setup:0, Hold:3418, Component Switching Limit:0)     REAL time: 26 secs 

Phase  7  : 0 unrouted; (Setup:0, Hold:3418, Component Switching Limit:0)     REAL time: 26 secs 

Phase  8  : 0 unrouted; (Setup:0, Hold:3418, Component Switching Limit:0)     REAL time: 26 secs 

Phase  9  : 0 unrouted; (Setup:0, Hold:0, Component Switching Limit:0)     REAL time: 26 secs 

Phase 10  : 0 unrouted; (Setup:0, Hold:0, Component Switching Limit:0)     REAL time: 27 secs 
Total REAL time to Router completion: 27 secs 
Total CPU time to Router completion: 25 secs 

Partition Implementation Status
-------------------------------

  No Partitions were found in this design.

-------------------------------

Generating "PAR" statistics.

**************************
Generating Clock Report
**************************

+---------------------+--------------+------+------+------------+-------------+
|        Clock Net    |   Resource   |Locked|Fanout|Net Skew(ns)|Max Delay(ns)|
+---------------------+--------------+------+------+------------+-------------+
|     clk_100_0000MHz |  BUFGMUX_X2Y2| No   | 1099 |  0.750     |  2.141      |
+---------------------+--------------+------+------+------------+-------------+
|         CLK_P_BUFGP | BUFGMUX_X3Y13| No   |   65 |  0.116     |  1.509      |
+---------------------+--------------+------+------+------------+-------------+
|microblaze_0_debug_D |              |      |      |            |             |
|              bg_Clk |  BUFGMUX_X2Y4| No   |   55 |  0.103     |  1.510      |
+---------------------+--------------+------+------+------------+-------------+
|vga_ip_0/vga_ip_0/US |              |      |      |            |             |
|ER_LOGIC_I/U1/vga_di |              |      |      |            |             |
|            v_1_BUFG |  BUFGMUX_X2Y3| No   |   25 |  0.644     |  2.139      |
+---------------------+--------------+------+------+------------+-------------+
|chipscope_icon_0_con |              |      |      |            |             |
|            trol0<0> |  BUFGMUX_X2Y1| No   |   49 |  0.118     |  1.509      |
+---------------------+--------------+------+------+------------+-------------+
|microblaze_0_debug_D |              |      |      |            |             |
|           bg_Update |         Local|      |   21 |  2.578     |  4.001      |
+---------------------+--------------+------+------+------------+-------------+
|chipscope_icon_0/chi |              |      |      |            |             |
|pscope_icon_0/i_chip |              |      |      |            |             |
|scope_icon_0/U0/iUPD |              |      |      |            |             |
|             ATE_OUT |         Local|      |    1 |  0.000     |  0.949      |
+---------------------+--------------+------+------+------------+-------------+
|chipscope_icon_0_con |              |      |      |            |             |
|           trol0<13> |         Local|      |    5 |  0.000     |  0.957      |
+---------------------+--------------+------+------+------------+-------------+

* Net Skew is the difference between the minimum and maximum routing
only delays for the net. Note this is different from Clock Skew which
is reported in TRCE timing report. Clock Skew is the difference between
the minimum and maximum path delays which includes logic delays.

* The fanout is the number of component pins not the individual BEL loads,
for example SLICE loads not FF loads.

Timing Score: 0 (Setup: 0, Hold: 0, Component Switching Limit: 0)

Asterisk (*) preceding a constraint indicates it was not met.
   This may be due to a setup or hold violation.

----------------------------------------------------------------------------------------------------------
  Constraint                                |    Check    | Worst Case |  Best Case | Timing |   Timing   
                                            |             |    Slack   | Achievable | Errors |    Score   
----------------------------------------------------------------------------------------------------------
  TS_clock_generator_0_clock_generator_0_SI | SETUP       |     0.573ns|     9.427ns|       0|           0
  G_PLL0_CLKOUT0_0 = PERIOD TIMEGRP         | HOLD        |     0.336ns|            |       0|           0
   "clock_generator_0_clock_generator_0_SIG |             |            |            |        |            
  _PLL0_CLKOUT0_0"         TS_sys_clk_pin * |             |            |            |        |            
   2 HIGH 50%                               |             |            |            |        |            
----------------------------------------------------------------------------------------------------------
  TS_sys_clk_pin = PERIOD TIMEGRP "sys_clk_ | SETUP       |    12.097ns|     7.903ns|       0|           0
  pin" 50 MHz HIGH 50%                      | HOLD        |     0.331ns|            |       0|           0
----------------------------------------------------------------------------------------------------------
  PATH "TS_TIG_microblaze_0_Reset_path" TIG | SETUP       |         N/A|     2.029ns|     N/A|           0
----------------------------------------------------------------------------------------------------------
  PATH "TS_TIG_microblaze_0_Interrupt_path" | SETUP       |         N/A|     1.677ns|     N/A|           0
   TIG                                      |             |            |            |        |            
----------------------------------------------------------------------------------------------------------
  PATH "TS_axi4lite_0_reset_resync_path" TI | MAXDELAY    |         N/A|     7.144ns|     N/A|           0
  G                                         |             |            |            |        |            
----------------------------------------------------------------------------------------------------------
  PATH "TS_TIG_microblaze_0_dlmb_POR_FF_I_p | SETUP       |         N/A|     1.659ns|     N/A|           0
  ath" TIG                                  |             |            |            |        |            
----------------------------------------------------------------------------------------------------------
  PATH "TS_TIG_microblaze_0_ilmb_POR_FF_I_p | SETUP       |         N/A|     2.119ns|     N/A|           0
  ath" TIG                                  |             |            |            |        |            
----------------------------------------------------------------------------------------------------------


Derived Constraint Report
Review Timing Report for more details on the following derived constraints.
To create a Timing Report, run "trce -v 12 -fastpaths -o design_timing_report design.ncd design.pcf"
or "Run Timing Analysis" from Timing Analyzer (timingan).
Derived Constraints for TS_sys_clk_pin
+-------------------------------+-------------+-------------+-------------+-------------+-------------+-------------+-------------+
|                               |   Period    |       Actual Period       |      Timing Errors        |      Paths Analyzed       |
|           Constraint          | Requirement |-------------+-------------|-------------+-------------|-------------+-------------|
|                               |             |   Direct    | Derivative  |   Direct    | Derivative  |   Direct    | Derivative  |
+-------------------------------+-------------+-------------+-------------+-------------+-------------+-------------+-------------+
|TS_sys_clk_pin                 |     20.000ns|      7.903ns|     18.854ns|            0|            0|          860|       281869|
| TS_clock_generator_0_clock_gen|     10.000ns|      9.427ns|          N/A|            0|            0|       281869|            0|
| erator_0_SIG_PLL0_CLKOUT0_0   |             |             |             |             |             |             |             |
+-------------------------------+-------------+-------------+-------------+-------------+-------------+-------------+-------------+

All constraints were met.
INFO:Timing:2761 - N/A entries in the Constraints List may indicate that the 
   constraint is not analyzed due to the following: No paths covered by this 
   constraint; Other constraints intersect with this constraint; or This 
   constraint was disabled by a Path Tracing Control. Please run the Timespec 
   Interaction Report (TSI) via command line (trce tsi) or Timing Analyzer GUI.


Generating Pad Report.

All signals are completely routed.

WARNING:Par:283 - There are 20 loadless signals in this design. This design will cause Bitgen to issue DRC warnings.

Total REAL time to PAR completion: 29 secs 
Total CPU time to PAR completion: 27 secs 

Peak Memory Usage:  478 MB

Placer: Placement generated during map.
Routing: Completed - No errors found.
Timing: Completed - No errors found.

Number of error messages: 0
Number of warning messages: 22
Number of info messages: 1

Writing design to file system.ncd



PAR done!



#----------------------------------------------#
# Starting program post_par_trce
# trce -e 3 -xml system.twx system.ncd system.pcf 
#----------------------------------------------#
Release 14.7 - Trace  (nt64)
Copyright (c) 1995-2013 Xilinx, Inc.  All rights reserved.


PMSPEC -- Overriding Xilinx file
<C:/Xilinx/14.7/ISE_DS/EDK/spartan6/data/spartan6.acd> with local file
<C:/Xilinx/14.7/ISE_DS/ISE/spartan6/data/spartan6.acd>
Loading device for application Rf_Device from file '6slx9.nph' in environment
C:\Xilinx\14.7\ISE_DS\ISE\;C:\Xilinx\14.7\ISE_DS\EDK.
   "system" is an NCD, version 3.2, device xc6slx9, package ftg256, speed -2
INFO:Timing:3386 - Intersecting Constraints found and resolved.  For more
   information, see the TSI report.  Please consult the Xilinx Command Line
   Tools User Guide for information on generating a TSI report.
--------------------------------------------------------------------------------
Release 14.7 Trace  (nt64)
Copyright (c) 1995-2013 Xilinx, Inc.  All rights reserved.

C:\Xilinx\14.7\ISE_DS\ISE\bin\nt64\unwrapped\trce.exe -e 3 -xml system.twx
system.ncd system.pcf


Design file:              system.ncd
Physical constraint file: system.pcf
Device,speed:             xc6slx9,-2 (PRODUCTION 1.23 2013-10-13)
Report level:             error report
--------------------------------------------------------------------------------

INFO:Timing:3412 - To improve timing, see the Timing Closure User Guide (UG612).
INFO:Timing:2752 - To get complete path coverage, use the unconstrained paths option. All paths that are not constrained will be reported in
   the unconstrained paths section(s) of the report.
INFO:Timing:3339 - The clock-to-out numbers in this timing report are based on a 50 Ohm transmission line loading model.  For the details of
   this model, and for more information on accounting for different loading conditions, please see the device datasheet.


Timing summary:
---------------

Timing errors: 0  Score: 0 (Setup/Max: 0, Hold: 0)

Constraints cover 282743 paths, 0 nets, and 19501 connections

Design statistics:
   Minimum period:   9.427ns (Maximum frequency: 106.078MHz)


Analysis completed Mon Jul 27 14:18:31 2015
--------------------------------------------------------------------------------

Generating Report ...

Number of warnings: 0
Number of info messages: 4
Total time: 6 secs 


